#
# A fatal error has been detected by the Java Runtime Environment:
#
#  SIGSEGV (0xb) at pc=0x650d60a1, pid=14624, tid=3063348032
#
# JRE version: 7.0_06
# Java VM: OpenJDK Server VM (23.2-b09 mixed mode linux-x86 )
# Problematic frame:
# C  [libz3.so+0x5940a1]  basic_decl_plugin::mk_func_decl(int, unsigned int, parameter const*, unsigned int, expr* const*, sort*)+0x111
#
# Failed to write core dump. Core dumps have been disabled. To enable core dumping, try "ulimit -c unlimited" before starting Java again
#
# If you would like to submit a bug report, please include
# instructions on how to reproduce the bug and visit:
#   http://icedtea.classpath.org/bugzilla
# The crash happened outside the Java Virtual Machine in native code.
# See problematic frame for where to report the bug.
#

---------------  T H R E A D  ---------------

Current thread (0xb6808800):  JavaThread "main" [_thread_in_native, id=14630, stack(0xb691f000,0xb6970000)]

siginfo:si_signo=SIGSEGV: si_errno=0, si_code=1 (SEGV_MAPERR), si_addr=0x00000004

Registers:
EAX=0x00000000, EBX=0x661bcdfc, ECX=0x661bb574, EDX=0x00000000
ESP=0xb696e1c0, EBP=0x00000000, ESI=0x661bcdcc, EDI=0x00000002
EIP=0x650d60a1, EFLAGS=0x00210202, CR2=0x00000004

Top of Stack: (sp=0xb696e1c0)
0xb696e1c0:   b696e1e0 00000006 661aaf18 00000006
0xb696e1d0:   00000000 662e2718 ffffffff 00000000
0xb696e1e0:   64b8d550 661ab1e0 00000000 661bb574
0xb696e1f0:   00000002 b696e278 65b04368 650d7539
0xb696e200:   661bcdcc 00000002 00000000 00000000
0xb696e210:   00000002 b696e278 00000000 b380f700
0xb696e220:   b7010000 42ef9fc4 00000002 00000000
0xb696e230:   662ff630 42ee8a8b 661ab0d0 661bb204 

Instructions: (pc=0x650d60a1)
0x650d6081:   c4 3c c3 8d 74 26 00 8b 46 14 eb e3 8d 76 00 83
0x650d6091:   ff 01 0f 86 6c ff ff ff 8b 11 8d 5e 30 8b 4e 04
0x650d60a1:   0f b7 42 04 83 f8 01 0f 84 62 01 00 00 83 f8 02
0x650d60b1:   0f 84 c9 01 00 00 85 c0 0f 85 b9 01 00 00 8b 42 

Register to memory mapping:

EAX=0x00000000 is an unknown value
EBX=0x661bcdfc is an unknown value
ECX=0x661bb574 is an unknown value
EDX=0x00000000 is an unknown value
ESP=0xb696e1c0 is pointing into the stack for thread: 0xb6808800
EBP=0x00000000 is an unknown value
ESI=0x661bcdcc is an unknown value
EDI=0x00000002 is an unknown value


Stack: [0xb691f000,0xb6970000],  sp=0xb696e1c0,  free space=316k
Native frames: (J=compiled Java code, j=interpreted, Vv=VM code, C=native code)
C  [libz3.so+0x5940a1]  basic_decl_plugin::mk_func_decl(int, unsigned int, parameter const*, unsigned int, expr* const*, sort*)+0x111

[error occurred during error reporting (printing native stack), id 0xb]

Java frames: (J=compiled Java code, j=interpreted, Vv=VM code)
j  edu.umass.cs.z3.Z3JNI.Z3_mk_eq(JJJ)J+0
j  edu.umass.cs.z3.Z3.Z3_mk_eq(Ledu/umass/cs/z3/SWIGTYPE_p__Z3_context;Ledu/umass/cs/z3/SWIGTYPE_p__Z3_ast;Ledu/umass/cs/z3/SWIGTYPE_p__Z3_ast;)Ledu/umass/cs/z3/SWIGTYPE_p__Z3_ast;+12
j  edu.umass.cs.pig.z3.Z3Context.mk_eq(Ledu/umass/cs/z3/SWIGTYPE_p__Z3_ast;Ledu/umass/cs/z3/SWIGTYPE_p__Z3_ast;)Ledu/umass/cs/z3/SWIGTYPE_p__Z3_ast;+11
j  edu.umass.cs.pig.cntr.EqualVarCntr.asZ3ast(Ledu/umass/cs/pig/z3/Z3Context;)Ledu/umass/cs/z3/SWIGTYPE_p__Z3_ast;+152
j  edu.umass.cs.pig.vm.ConstraintSolver.GenerateRlTuple(Ledu/umass/cs/pig/cntr/PltRelCntr;)Ledu/umass/cs/pig/ast/ConstraintResult;+281
j  edu.umass.cs.pig.vm.QueryManager.assertPathCondition(Ljava/util/ArrayList;)Ledu/umass/cs/pig/vm/AssertionResult;+217
j  edu.umass.cs.pig.vm.QueryManager.solve(Ljava/util/ArrayList;)Ledu/umass/cs/pig/z3/ConstraintSolution;+18
j  edu.umass.cs.pig.vm.ComputeSolution.compute(Ljava/util/ArrayList;Lorg/apache/pig/data/DataBag;Ledu/umass/cs/pig/vm/QueryManager;Lorg/apache/pig/newplan/logical/relational/LogicalSchema;Lorg/apache/pig/data/DataBag;Lorg/apache/pig/data/DataBag;Ljava/util/Map;Ljava/util/Map;Ljava/util/Map;Ljava/util/List;)V+352
j  org.apache.pig.pen.InvertConstraintVisitor.visit(Lorg/apache/pig/newplan/logical/relational/LOLoad;)V+171
j  org.apache.pig.newplan.logical.relational.LOLoad.accept(Lorg/apache/pig/newplan/PlanVisitor;)V+26
j  org.apache.pig.pen.util.PreOrderDepthFirstWalker.depthFirst(Lorg/apache/pig/newplan/Operator;Ljava/util/Collection;Ljava/util/Set;Lorg/apache/pig/newplan/PlanVisitor;)V+55
j  org.apache.pig.pen.util.PreOrderDepthFirstWalker.depthFirst(Lorg/apache/pig/newplan/Operator;Ljava/util/Collection;Ljava/util/Set;Lorg/apache/pig/newplan/PlanVisitor;)V+93
j  org.apache.pig.pen.util.PreOrderDepthFirstWalker.walk(Lorg/apache/pig/newplan/PlanVisitor;)V+23
j  org.apache.pig.newplan.PlanVisitor.visit()V+5
j  org.apache.pig.pen.ExampleGenerator.getExamples2()Ljava/util/Map;+573
j  org.apache.pig.PigServer.getExamples2(Ljava/lang/String;)Ljava/util/Map;+84
j  edu.umass.cs.pig.test.TestExGen4PigMix2.testScriptL13()V+86
v  ~StubRoutines::call_stub
j  sun.reflect.NativeMethodAccessorImpl.invoke0(Ljava/lang/reflect/Method;Ljava/lang/Object;[Ljava/lang/Object;)Ljava/lang/Object;+0
j  sun.reflect.NativeMethodAccessorImpl.invoke(Ljava/lang/Object;[Ljava/lang/Object;)Ljava/lang/Object;+87
j  sun.reflect.DelegatingMethodAccessorImpl.invoke(Ljava/lang/Object;[Ljava/lang/Object;)Ljava/lang/Object;+6
j  java.lang.reflect.Method.invoke(Ljava/lang/Object;[Ljava/lang/Object;)Ljava/lang/Object;+57
j  org.junit.runners.model.FrameworkMethod$1.runReflectiveCall()Ljava/lang/Object;+15
j  org.junit.internal.runners.model.ReflectiveCallable.run()Ljava/lang/Object;+1
j  org.junit.runners.model.FrameworkMethod.invokeExplosively(Ljava/lang/Object;[Ljava/lang/Object;)Ljava/lang/Object;+10
j  org.junit.internal.runners.statements.InvokeMethod.evaluate()V+12
j  org.junit.internal.runners.statements.RunBefores.evaluate()V+49
j  org.junit.internal.runners.statements.RunAfters.evaluate()V+18
j  org.junit.runners.BlockJUnit4ClassRunner.runChild(Lorg/junit/runners/model/FrameworkMethod;Lorg/junit/runner/notification/RunNotifier;)V+31
j  org.junit.runners.BlockJUnit4ClassRunner.runChild(Ljava/lang/Object;Lorg/junit/runner/notification/RunNotifier;)V+6
j  org.junit.runners.ParentRunner.runChildren(Lorg/junit/runner/notification/RunNotifier;)V+29
j  org.junit.runners.ParentRunner.access$000(Lorg/junit/runners/ParentRunner;Lorg/junit/runner/notification/RunNotifier;)V+2
j  org.junit.runners.ParentRunner$1.evaluate()V+8
j  org.junit.internal.runners.statements.RunBefores.evaluate()V+49
j  org.junit.internal.runners.statements.RunAfters.evaluate()V+18
j  org.junit.runners.ParentRunner.run(Lorg/junit/runner/notification/RunNotifier;)V+20
j  org.eclipse.jdt.internal.junit4.runner.JUnit4TestReference.run(Lorg/eclipse/jdt/internal/junit/runner/TestExecution;)V+72
j  org.eclipse.jdt.internal.junit.runner.TestExecution.run([Lorg/eclipse/jdt/internal/junit/runner/ITestReference;)V+17
j  org.eclipse.jdt.internal.junit.runner.RemoteTestRunner.runTests([Ljava/lang/String;Ljava/lang/String;Lorg/eclipse/jdt/internal/junit/runner/TestExecution;)V+61
j  org.eclipse.jdt.internal.junit.runner.RemoteTestRunner.runTests(Lorg/eclipse/jdt/internal/junit/runner/TestExecution;)V+10
j  org.eclipse.jdt.internal.junit.runner.RemoteTestRunner.run()V+70
j  org.eclipse.jdt.internal.junit.runner.RemoteTestRunner.main([Ljava/lang/String;)V+14
v  ~StubRoutines::call_stub

---------------  P R O C E S S  ---------------

Java Threads: ( => current thread )
  0x66f6bc00 JavaThread "ReaderThread" [_thread_in_native, id=14643, stack(0x66e6e000,0x66ebf000)]
  0x67300800 JavaThread "Service Thread" daemon [_thread_blocked, id=14641, stack(0x6722e000,0x6727f000)]
  0x679fec00 JavaThread "C2 CompilerThread1" daemon [_thread_blocked, id=14640, stack(0x6727f000,0x67300000)]
  0x679fcc00 JavaThread "C2 CompilerThread0" daemon [_thread_in_native, id=14639, stack(0x6742e000,0x674af000)]
  0x679fb000 JavaThread "Signal Dispatcher" daemon [_thread_blocked, id=14638, stack(0x674af000,0x67500000)]
  0x679b9000 JavaThread "Finalizer" daemon [_thread_blocked, id=14637, stack(0x6ad2e000,0x6ad7f000)]
  0x679b6400 JavaThread "Reference Handler" daemon [_thread_blocked, id=14636, stack(0x6b02e000,0x6b07f000)]
=>0xb6808800 JavaThread "main" [_thread_in_native, id=14630, stack(0xb691f000,0xb6970000)]

Other Threads:
  0x679b0c00 VMThread [stack: 0x67a4b000,0x67acc000] [id=14635]
  0x67302800 WatcherThread [stack: 0x671ad000,0x6722e000] [id=14642]

VM state:not at safepoint (normal execution)

VM Mutex/Monitor currently owned by a thread: None

Heap
 PSYoungGen      total 35584K, used 27879K [0x9e1b0000, 0xa2730000, 0xb3700000)
  eden space 32896K, 76% used [0x9e1b0000,0x9fa4d208,0xa01d0000)
  from space 2688K, 99% used [0xa01d0000,0xa046cd68,0xa0470000)
  to   space 2688K, 0% used [0xa2490000,0xa2490000,0xa2730000)
 ParOldGen       total 43712K, used 1744K [0x73700000, 0x761b0000, 0x9e1b0000)
  object space 43712K, 3% used [0x73700000,0x738b4028,0x761b0000)
 PSPermGen       total 16384K, used 11015K [0x6b700000, 0x6c700000, 0x73700000)
  object space 16384K, 67% used [0x6b700000,0x6c1c1e48,0x6c700000)

Card table byte_map: [0x6b4bf000,0x6b700000] byte_map_base: 0x6b163800

Polling page: 0xb7710000

Code Cache  [0xb37cc000, 0xb3a0c000, 0xb67cc000)
 total_blobs=479 nmethods=307 adapters=124 free_code_cache=48167Kb largest_free_block=49296576

Compilation events (10 events):
Event: 2.934 Thread 0x679fec00 nmethod 297 0xb38bb0c8 code [0xb38bb1e0, 0xb38bb530]
Event: 3.039 Thread 0x679fcc00  298             java.util.HashMap::addEntry (69 bytes)
Event: 3.040 Thread 0x679fec00  299             java.io.ObjectStreamClass$WeakClassKey::equals (42 bytes)
Event: 3.043 Thread 0x679fec00 nmethod 299 0xb38b7fc8 code [0xb38b80c0, 0xb38b8190]
Event: 3.047 Thread 0x679fcc00 nmethod 298 0xb38ba448 code [0xb38ba5a0, 0xb38ba8e4]
Event: 3.057 Thread 0x679fec00  300   !         org.apache.pig.impl.util.Utils::mergeCollection (135 bytes)
Event: 3.061 Thread 0x679fcc00  301             org.apache.pig.backend.hadoop.executionengine.physicalLayer.PhysicalOperator::visit (9 bytes)
Event: 3.062 Thread 0x679fcc00 nmethod 301 0xb38b7cc8 code [0xb38b7dc0, 0xb38b7e50]
Event: 3.081 Thread 0x679fec00 nmethod 300 0xb38c55c8 code [0xb38c57a0, 0xb38c6018]
Event: 3.093 Thread 0x679fcc00  302             sun.nio.cs.UTF_8$Decoder::decode (640 bytes)

GC Heap History (6 events):
Event: 0.862 GC heap before
{Heap before GC invocations=1 (full 0):
 PSYoungGen      total 19136K, used 16448K [0x9e1b0000, 0x9f700000, 0xb3700000)
  eden space 16448K, 100% used [0x9e1b0000,0x9f1c0000,0x9f1c0000)
  from space 2688K, 0% used [0x9f460000,0x9f460000,0x9f700000)
  to   space 2688K, 0% used [0x9f1c0000,0x9f1c0000,0x9f460000)
 ParOldGen       total 43712K, used 0K [0x73700000, 0x761b0000, 0x9e1b0000)
  object space 43712K, 0% used [0x73700000,0x73700000,0x761b0000)
 PSPermGen       total 16384K, used 5773K [0x6b700000, 0x6c700000, 0x73700000)
  object space 16384K, 35% used [0x6b700000,0x6bca3580,0x6c700000)
Event: 0.872 GC heap after
Heap after GC invocations=1 (full 0):
 PSYoungGen      total 19136K, used 2565K [0x9e1b0000, 0xa0710000, 0xb3700000)
  eden space 16448K, 0% used [0x9e1b0000,0x9e1b0000,0x9f1c0000)
  from space 2688K, 95% used [0x9f1c0000,0x9f441560,0x9f460000)
  to   space 2688K, 0% used [0xa0470000,0xa0470000,0xa0710000)
 ParOldGen       total 43712K, used 68K [0x73700000, 0x761b0000, 0x9e1b0000)
  object space 43712K, 0% used [0x73700000,0x73711010,0x761b0000)
 PSPermGen       total 16384K, used 5773K [0x6b700000, 0x6c700000, 0x73700000)
  object space 16384K, 35% used [0x6b700000,0x6bca3580,0x6c700000)
}
Event: 1.539 GC heap before
{Heap before GC invocations=2 (full 0):
 PSYoungGen      total 19136K, used 19013K [0x9e1b0000, 0xa0710000, 0xb3700000)
  eden space 16448K, 100% used [0x9e1b0000,0x9f1c0000,0x9f1c0000)
  from space 2688K, 95% used [0x9f1c0000,0x9f441560,0x9f460000)
  to   space 2688K, 0% used [0xa0470000,0xa0470000,0xa0710000)
 ParOldGen       total 43712K, used 68K [0x73700000, 0x761b0000, 0x9e1b0000)
  object space 43712K, 0% used [0x73700000,0x73711010,0x761b0000)
 PSPermGen       total 16384K, used 8493K [0x6b700000, 0x6c700000, 0x73700000)
  object space 16384K, 51% used [0x6b700000,0x6bf4b458,0x6c700000)
Event: 1.548 GC heap after
Heap after GC invocations=2 (full 0):
 PSYoungGen      total 35584K, used 2677K [0x9e1b0000, 0xa0710000, 0xb3700000)
  eden space 32896K, 0% used [0x9e1b0000,0x9e1b0000,0xa01d0000)
  from space 2688K, 99% used [0xa0470000,0xa070d728,0xa0710000)
  to   space 2688K, 0% used [0xa01d0000,0xa01d0000,0xa0470000)
 ParOldGen       total 43712K, used 429K [0x73700000, 0x761b0000, 0x9e1b0000)
  object space 43712K, 0% used [0x73700000,0x7376b6c8,0x761b0000)
 PSPermGen       total 16384K, used 8493K [0x6b700000, 0x6c700000, 0x73700000)
  object space 16384K, 51% used [0x6b700000,0x6bf4b458,0x6c700000)
}
Event: 2.577 GC heap before
{Heap before GC invocations=3 (full 0):
 PSYoungGen      total 35584K, used 35573K [0x9e1b0000, 0xa0710000, 0xb3700000)
  eden space 32896K, 100% used [0x9e1b0000,0xa01d0000,0xa01d0000)
  from space 2688K, 99% used [0xa0470000,0xa070d728,0xa0710000)
  to   space 2688K, 0% used [0xa01d0000,0xa01d0000,0xa0470000)
 ParOldGen       total 43712K, used 429K [0x73700000, 0x761b0000, 0x9e1b0000)
  object space 43712K, 0% used [0x73700000,0x7376b6c8,0x761b0000)
 PSPermGen       total 16384K, used 10882K [0x6b700000, 0x6c700000, 0x73700000)
  object space 16384K, 66% used [0x6b700000,0x6c1a0ba0,0x6c700000)
Event: 2.588 GC heap after
Heap after GC invocations=3 (full 0):
 PSYoungGen      total 35584K, used 2675K [0x9e1b0000, 0xa2730000, 0xb3700000)
  eden space 32896K, 0% used [0x9e1b0000,0x9e1b0000,0xa01d0000)
  from space 2688K, 99% used [0xa01d0000,0xa046cd68,0xa0470000)
  to   space 2688K, 0% used [0xa2490000,0xa2490000,0xa2730000)
 ParOldGen       total 43712K, used 1744K [0x73700000, 0x761b0000, 0x9e1b0000)
  object space 43712K, 3% used [0x73700000,0x738b4028,0x761b0000)
 PSPermGen       total 16384K, used 10882K [0x6b700000, 0x6c700000, 0x73700000)
  object space 16384K, 66% used [0x6b700000,0x6c1a0ba0,0x6c700000)
}

Deoptimization events (10 events):
Event: 2.005 Thread 0xb6808800 Uncommon trap -34 fr.pc 0xb385af78
Event: 2.005 Thread 0xb6808800 Uncommon trap -34 fr.pc 0xb385af78
Event: 2.006 Thread 0xb6808800 Uncommon trap -34 fr.pc 0xb385af78
Event: 2.116 Thread 0xb6808800 Uncommon trap -34 fr.pc 0xb385af78
Event: 2.470 Thread 0xb6808800 Uncommon trap -83 fr.pc 0xb3886480
Event: 2.596 Thread 0xb6808800 Uncommon trap -83 fr.pc 0xb38a5c80
Event: 2.789 Thread 0xb6808800 Uncommon trap -34 fr.pc 0xb38a3a18
Event: 2.796 Thread 0xb6808800 Uncommon trap -34 fr.pc 0xb38a3a18
Event: 3.003 Thread 0xb6808800 Uncommon trap -83 fr.pc 0xb38b1c1c
Event: 3.003 Thread 0xb6808800 Uncommon trap -12 fr.pc 0xb38b3b04

Internal exceptions (10 events):
Event: 3.007 Thread 0xb6808800 Threw 0x9f588660 at /builddir/build/BUILD/java-1.7.0-openjdk/openjdk/hotspot/src/share/vm/prims/jni.cpp:1631
Event: 3.086 Thread 0xb6808800 Threw 0x9f9a8b58 at /builddir/build/BUILD/java-1.7.0-openjdk/openjdk/hotspot/src/share/vm/prims/jvm.cpp:1166
Event: 3.087 Thread 0xb6808800 Threw 0x9f9ab360 at /builddir/build/BUILD/java-1.7.0-openjdk/openjdk/hotspot/src/share/vm/prims/jvm.cpp:1166
Event: 3.087 Thread 0xb6808800 Threw 0x9f9ad5f0 at /builddir/build/BUILD/java-1.7.0-openjdk/openjdk/hotspot/src/share/vm/prims/jvm.cpp:1166
Event: 3.089 Thread 0xb6808800 Threw 0x9f9bf910 at /builddir/build/BUILD/java-1.7.0-openjdk/openjdk/hotspot/src/share/vm/prims/jvm.cpp:1166
Event: 3.094 Thread 0xb6808800 Threw 0x9f9c65e8 at /builddir/build/BUILD/java-1.7.0-openjdk/openjdk/hotspot/src/share/vm/prims/jvm.cpp:1166
Event: 3.095 Thread 0xb6808800 Threw 0x9f9cea88 at /builddir/build/BUILD/java-1.7.0-openjdk/openjdk/hotspot/src/share/vm/prims/jvm.cpp:1166
Event: 3.096 Thread 0xb6808800 Threw 0x9f9d1480 at /builddir/build/BUILD/java-1.7.0-openjdk/openjdk/hotspot/src/share/vm/prims/jvm.cpp:1166
Event: 3.097 Thread 0xb6808800 Threw 0x9f9d50f0 at /builddir/build/BUILD/java-1.7.0-openjdk/openjdk/hotspot/src/share/vm/prims/jvm.cpp:1166
Event: 3.098 Thread 0xb6808800 Threw 0x9f9d7ba0 at /builddir/build/BUILD/java-1.7.0-openjdk/openjdk/hotspot/src/share/vm/prims/jvm.cpp:1166

Events (10 events):
Event: 3.094 loading class 0x6619ea38
Event: 3.094 loading class 0x6619ea38 done
Event: 3.095 loading class 0x661c1440
Event: 3.095 loading class 0x661c1440 done
Event: 3.096 loading class 0x661c13a0
Event: 3.096 loading class 0x661c13a0 done
Event: 3.097 loading class 0x66191250
Event: 3.097 loading class 0x66191250 done
Event: 3.098 loading class 0x66193b08
Event: 3.098 loading class 0x66193b08 done


Dynamic libraries:
08048000-08049000 r-xp 00000000 fd:01 1966751    /usr/lib/jvm/java-1.7.0-openjdk-1.7.0.6/bin/java
08049000-0804a000 rw-p 00000000 fd:01 1966751    /usr/lib/jvm/java-1.7.0-openjdk-1.7.0.6/bin/java
085c7000-085e8000 rw-p 00000000 00:00 0          [heap]
42eda000-42ef9000 r-xp 00000000 fd:01 136060     /usr/lib/ld-2.15.so
42ef9000-42efa000 r--p 0001e000 fd:01 136060     /usr/lib/ld-2.15.so
42efa000-42efb000 rw-p 0001f000 fd:01 136060     /usr/lib/ld-2.15.so
42efd000-430a8000 r-xp 00000000 fd:01 136128     /usr/lib/libc-2.15.so
430a8000-430a9000 ---p 001ab000 fd:01 136128     /usr/lib/libc-2.15.so
430a9000-430ab000 r--p 001ab000 fd:01 136128     /usr/lib/libc-2.15.so
430ab000-430ac000 rw-p 001ad000 fd:01 136128     /usr/lib/libc-2.15.so
430ac000-430af000 rw-p 00000000 00:00 0 
430b1000-430c7000 r-xp 00000000 fd:01 136204     /usr/lib/libpthread-2.15.so
430c7000-430c8000 r--p 00015000 fd:01 136204     /usr/lib/libpthread-2.15.so
430c8000-430c9000 rw-p 00016000 fd:01 136204     /usr/lib/libpthread-2.15.so
430c9000-430cb000 rw-p 00000000 00:00 0 
430cd000-430d0000 r-xp 00000000 fd:01 136169     /usr/lib/libdl-2.15.so
430d0000-430d1000 r--p 00002000 fd:01 136169     /usr/lib/libdl-2.15.so
430d1000-430d2000 rw-p 00003000 fd:01 136169     /usr/lib/libdl-2.15.so
430d4000-430db000 r-xp 00000000 fd:01 136931     /usr/lib/librt-2.15.so
430db000-430dc000 r--p 00006000 fd:01 136931     /usr/lib/librt-2.15.so
430dc000-430dd000 rw-p 00007000 fd:01 136931     /usr/lib/librt-2.15.so
430df000-430f4000 r-xp 00000000 fd:01 139264     /usr/lib/libz.so.1.2.5
430f4000-430f5000 rw-p 00014000 fd:01 139264     /usr/lib/libz.so.1.2.5
430f7000-43103000 r-xp 00000000 fd:01 1966564    /usr/lib/jvm/java-1.7.0-openjdk-1.7.0.6/jre/lib/i386/jli/libjli.so
43103000-43104000 rw-p 0000b000 fd:01 1966564    /usr/lib/jvm/java-1.7.0-openjdk-1.7.0.6/jre/lib/i386/jli/libjli.so
435b1000-435cd000 r-xp 00000000 fd:01 136386     /usr/lib/libgcc_s-4.7.2-20120921.so.1
435cd000-435ce000 rw-p 0001b000 fd:01 136386     /usr/lib/libgcc_s-4.7.2-20120921.so.1
43b33000-43c13000 r-xp 00000000 fd:01 136401     /usr/lib/libstdc++.so.6.0.17
43c13000-43c17000 r--p 000e0000 fd:01 136401     /usr/lib/libstdc++.so.6.0.17
43c17000-43c18000 rw-p 000e4000 fd:01 136401     /usr/lib/libstdc++.so.6.0.17
43c18000-43c1f000 rw-p 00000000 00:00 0 
44169000-44178000 r-xp 00000000 fd:01 157834     /usr/lib/libgomp.so.1.0.0
44178000-44179000 rw-p 0000e000 fd:01 157834     /usr/lib/libgomp.so.1.0.0
64a00000-64a2d000 rw-p 00000000 00:00 0 
64a2d000-64b00000 ---p 00000000 00:00 0 
64b42000-65cdb000 r-xp 00000000 fd:02 7607783    /home/kaituo/code/pig3/trunk/libz3.so
65cdb000-65cdc000 r--p 01199000 fd:02 7607783    /home/kaituo/code/pig3/trunk/libz3.so
65cdc000-65cdd000 rw-p 0119a000 fd:02 7607783    /home/kaituo/code/pig3/trunk/libz3.so
65cdd000-65d00000 rw-p 00000000 00:00 0 
65d00000-65df6000 rw-p 00000000 00:00 0 
65df6000-65e00000 ---p 00000000 00:00 0 
65f00000-65ffb000 rw-p 00000000 00:00 0 
65ffb000-66000000 ---p 00000000 00:00 0 
66100000-661fd000 rw-p 00000000 00:00 0 
661fd000-66200000 ---p 00000000 00:00 0 
662dd000-662ff000 r-xp 00000000 fd:02 7607784    /home/kaituo/code/pig3/trunk/libz3wrap.so
662ff000-66300000 rw-p 00022000 fd:02 7607784    /home/kaituo/code/pig3/trunk/libz3wrap.so
66300000-663a0000 rw-p 00000000 00:00 0 
663a0000-66400000 ---p 00000000 00:00 0 
66400000-66500000 rw-p 00000000 00:00 0 
66500000-665fb000 rw-p 00000000 00:00 0 
665fb000-66600000 ---p 00000000 00:00 0 
66600000-666fd000 rw-p 00000000 00:00 0 
666fd000-66700000 ---p 00000000 00:00 0 
66700000-667f9000 rw-p 00000000 00:00 0 
667f9000-66800000 ---p 00000000 00:00 0 
66800000-668fc000 rw-p 00000000 00:00 0 
668fc000-66900000 ---p 00000000 00:00 0 
66900000-669fa000 rw-p 00000000 00:00 0 
669fa000-66a00000 ---p 00000000 00:00 0 
66a00000-66afb000 rw-p 00000000 00:00 0 
66afb000-66b00000 ---p 00000000 00:00 0 
66b00000-66bd6000 rw-p 00000000 00:00 0 
66bd6000-66c00000 ---p 00000000 00:00 0 
66c00000-66cf8000 rw-p 00000000 00:00 0 
66cf8000-66d00000 ---p 00000000 00:00 0 
66d00000-66e00000 rw-p 00000000 00:00 0 
66e53000-66e56000 r--s 00014000 fd:01 1972255    /usr/lib/jvm/java-1.7.0-openjdk-1.7.0.6/jre/lib/jce.jar
66e56000-66e5e000 r-xp 00000000 fd:01 1972225    /usr/lib/jvm/java-1.7.0-openjdk-1.7.0.6/jre/lib/i386/libmanagement.so
66e5e000-66e5f000 rw-p 00007000 fd:01 1972225    /usr/lib/jvm/java-1.7.0-openjdk-1.7.0.6/jre/lib/i386/libmanagement.so
66e5f000-66e69000 r--s 00263000 fd:01 1972270    /usr/lib/jvm/java-1.7.0-openjdk-1.7.0.6/jre/lib/resources.jar
66e69000-66e6e000 r--s 000a0000 fd:01 1972257    /usr/lib/jvm/java-1.7.0-openjdk-1.7.0.6/jre/lib/jsse.jar
66e6e000-66e71000 ---p 00000000 00:00 0 
66e71000-66ebf000 rw-p 00000000 00:00 0          [stack:14643]
66ebf000-66ed5000 r-xp 00000000 fd:01 1972227    /usr/lib/jvm/java-1.7.0-openjdk-1.7.0.6/jre/lib/i386/libnet.so
66ed5000-66ed6000 rw-p 00016000 fd:01 1972227    /usr/lib/jvm/java-1.7.0-openjdk-1.7.0.6/jre/lib/i386/libnet.so
66ed6000-66ee5000 r--s 000ba000 fd:02 7604714    /home/kaituo/code/pig3/trunk/lib/trove-2.1.0.jar
66ee5000-66ee9000 r--s 0002a000 fd:02 8786570    /home/kaituo/code/pig3/trunk/lib/commons-io-2.4.jar
66ee9000-66f00000 r--s 00123000 fd:02 7604716    /home/kaituo/code/pig3/trunk/lib/commons-math3-3.0.jar
66f00000-66ffd000 rw-p 00000000 00:00 0 
66ffd000-67000000 ---p 00000000 00:00 0 
67001000-67002000 r-xp 00000000 fd:01 1972214    /usr/lib/jvm/java-1.7.0-openjdk-1.7.0.6/jre/lib/i386/libjaas_unix.so
67002000-67003000 rw-p 00000000 fd:01 1972214    /usr/lib/jvm/java-1.7.0-openjdk-1.7.0.6/jre/lib/i386/libjaas_unix.so
67003000-67014000 r-xp 00000000 fd:01 1972228    /usr/lib/jvm/java-1.7.0-openjdk-1.7.0.6/jre/lib/i386/libnio.so
67014000-67015000 rw-p 00011000 fd:01 1972228    /usr/lib/jvm/java-1.7.0-openjdk-1.7.0.6/jre/lib/i386/libnio.so
67015000-67018000 r--s 00010000 fd:02 7604715    /home/kaituo/code/pig3/trunk/lib/z3.jar
67018000-6701b000 r--s 0001b000 fd:02 6816935    /home/kaituo/Downloads/eclipse/plugins/org.junit_3.8.2.v3_8_2_v20100427-1100/junit.jar
6701b000-67022000 r--s 0003d000 fd:02 7606277    /home/kaituo/code/pig3/trunk/build/ivy/lib/Pig/hamcrest-all-1.3.0RC2.jar
67022000-6702b000 r--s 0008a000 fd:02 7606324    /home/kaituo/code/pig3/trunk/build/ivy/lib/Pig/zookeeper-3.3.3.jar
6702b000-6702c000 r--s 00003000 fd:02 7606306    /home/kaituo/code/pig3/trunk/build/ivy/lib/Pig/xmlenc-0.52.jar
6702c000-6702f000 r--s 00022000 fd:02 7606340    /home/kaituo/code/pig3/trunk/build/ivy/lib/Pig/stringtemplate-3.2.1.jar
6702f000-67031000 r--s 000f2000 fd:02 7606296    /home/kaituo/code/pig3/trunk/build/ivy/lib/Pig/snappy-java-1.0.3.2.jar
67031000-67033000 r--s 00005000 fd:02 7606332    /home/kaituo/code/pig3/trunk/build/ivy/lib/Pig/slf4j-api-1.6.1.jar
67033000-67036000 r--s 0001e000 fd:02 7606281    /home/kaituo/code/pig3/trunk/build/ivy/lib/Pig/servlet-api-2.5-6.1.14.jar
67036000-67038000 r--s 0001f000 fd:02 7606300    /home/kaituo/code/pig3/trunk/build/ivy/lib/Pig/servlet-api-2.5-20081211.jar
67038000-6703a000 r--s 00006000 fd:02 7606290    /home/kaituo/code/pig3/trunk/build/ivy/lib/Pig/paranamer-2.3.jar
6703a000-6703c000 r--s 0000e000 fd:02 7606321    /home/kaituo/code/pig3/trunk/build/ivy/lib/Pig/oro-2.0.8.jar
6703c000-6704b000 r--s 000b1000 fd:02 7606334    /home/kaituo/code/pig3/trunk/build/ivy/lib/Pig/netty-3.2.2.Final.jar
6704b000-67058000 r--s 0008f000 fd:02 7606295    /home/kaituo/code/pig3/trunk/build/ivy/lib/Pig/mina-core-2.0.0-M5.jar
67058000-67061000 r--s 0006d000 fd:02 7606289    /home/kaituo/code/pig3/trunk/build/ivy/lib/Pig/log4j-1.2.16.jar
67061000-670c3000 r--s 005e9000 fd:02 7606275    /home/kaituo/code/pig3/trunk/build/ivy/lib/Pig/jython-2.5.0.jar
670c3000-670c9000 r--s 0002b000 fd:02 7606319    /home/kaituo/code/pig3/trunk/build/ivy/lib/Pig/junit-4.5.jar
670c9000-670cc000 r--s 0001b000 fd:02 7606303    /home/kaituo/code/pig3/trunk/build/ivy/lib/Pig/junit-3.8.1.jar
670cc000-670dd000 r--s 000ea000 fd:02 7606308    /home/kaituo/code/pig3/trunk/build/ivy/lib/Pig/jsp-2.1-6.1.14.jar
670dd000-670e0000 r--s 00029000 fd:02 7606293    /home/kaituo/code/pig3/trunk/build/ivy/lib/Pig/jsch-0.1.38.jar
670e0000-670e9000 r--s 000cc000 fd:02 7606312    /home/kaituo/code/pig3/trunk/build/ivy/lib/Pig/js-1.7R2.jar
670e9000-670f8000 r--s 00074000 fd:02 7606274    /home/kaituo/code/pig3/trunk/build/ivy/lib/Pig/joda-time-1.6.jar
670f8000-670fa000 r--s 00014000 fd:02 7606304    /home/kaituo/code/pig3/trunk/build/ivy/lib/Pig/jline-0.9.94.jar
670fa000-670fe000 r--s 00028000 fd:02 7606320    /home/kaituo/code/pig3/trunk/build/ivy/lib/Pig/jetty-util-6.1.26.jar
670fe000-67105000 r--s 0007d000 fd:02 7606317    /home/kaituo/code/pig3/trunk/build/ivy/lib/Pig/jetty-6.1.26.jar
67105000-6710b000 r--s 00057000 fd:02 7606307    /home/kaituo/code/pig3/trunk/build/ivy/lib/Pig/jets3t-0.7.1.jar
6710b000-67115000 r--s 00066000 fd:02 7606285    /home/kaituo/code/pig3/trunk/build/ivy/lib/Pig/jersey-core-1.8.jar
67115000-67119000 r--s 00032000 fd:02 7606291    /home/kaituo/code/pig3/trunk/build/ivy/lib/Pig/jdeb-0.8.jar
67119000-6711e000 r--s 00044000 fd:02 7606316    /home/kaituo/code/pig3/trunk/build/ivy/lib/Pig/javacc.jar
6711e000-67123000 r--s 00044000 fd:02 7606298    /home/kaituo/code/pig3/trunk/build/ivy/lib/Pig/javacc-4.2.jar
67123000-67125000 r--s 00011000 fd:02 7606318    /home/kaituo/code/pig3/trunk/build/ivy/lib/Pig/jasper-runtime-5.5.12.jar
67125000-6712a000 r--s 0005e000 fd:02 7606280    /home/kaituo/code/pig3/trunk/build/ivy/lib/Pig/jasper-compiler-5.5.12.jar
6712a000-67136000 r--s 0008d000 fd:02 7606284    /home/kaituo/code/pig3/trunk/build/ivy/lib/Pig/jackson-mapper-asl-1.7.3.jar
67136000-6713a000 r--s 0002f000 fd:02 7606287    /home/kaituo/code/pig3/trunk/build/ivy/lib/Pig/jackson-core-asl-1.7.3.jar
6713a000-67143000 r--s 000a4000 fd:02 7606286    /home/kaituo/code/pig3/trunk/build/ivy/lib/Pig/hsqldb-1.8.0.10.jar
67143000-67179000 r--s 00316000 fd:02 7606276    /home/kaituo/code/pig3/trunk/build/ivy/lib/Pig/hive-exec-0.8.0.jar
67179000-671ad000 r--s 0035e000 fd:02 7606301    /home/kaituo/code/pig3/trunk/build/ivy/lib/Pig/hadoop-core-1.0.0.jar
671ad000-671ae000 ---p 00000000 00:00 0 
671ae000-6722e000 rw-p 00000000 00:00 0          [stack:14642]
6722e000-67231000 ---p 00000000 00:00 0 
67231000-6727f000 rw-p 00000000 00:00 0          [stack:14641]
6727f000-67282000 ---p 00000000 00:00 0 
67282000-67300000 rw-p 00000000 00:00 0          [stack:14640]
67300000-67400000 rw-p 00000000 00:00 0 
67401000-67406000 r--s 00028000 fd:02 7606299    /home/kaituo/code/pig3/trunk/build/ivy/lib/Pig/httpcore-4.1.jar
67406000-67423000 r--s 00204000 fd:02 7606273    /home/kaituo/code/pig3/trunk/build/ivy/lib/Pig/hbase-0.90.0.jar
67423000-6742e000 r--s 000cf000 fd:02 7606323    /home/kaituo/code/pig3/trunk/build/ivy/lib/Pig/hbase-0.90.0-tests.jar
6742e000-67431000 ---p 00000000 00:00 0 
67431000-674af000 rw-p 00000000 00:00 0          [stack:14639]
674af000-674b2000 ---p 00000000 00:00 0 
674b2000-67500000 rw-p 00000000 00:00 0          [stack:14638]
67500000-67700000 r--p 00000000 fd:01 161903     /usr/lib/locale/locale-archive
67700000-67800000 rw-p 00000000 00:00 0 
67800000-67821000 rw-p 00000000 00:00 0 
67821000-67900000 ---p 00000000 00:00 0 
67900000-67a00000 rw-p 00000000 00:00 0 
67a01000-67a09000 r--s 0004e000 fd:02 7606294    /home/kaituo/code/pig3/trunk/build/ivy/lib/Pig/httpclient-4.1.jar
67a09000-67a2b000 r--s 00248000 fd:02 7606279    /home/kaituo/code/pig3/trunk/build/ivy/lib/Pig/hadoop-test-1.0.0.jar
67a2b000-67a4b000 r--s 00173000 fd:02 7606278    /home/kaituo/code/pig3/trunk/build/ivy/lib/Pig/guava-11.0.jar
67a4b000-67a4c000 ---p 00000000 00:00 0 
67a4c000-67b14000 rw-p 00000000 00:00 0          [stack:14635]
67b14000-67cc0000 r--s 03e64000 fd:01 1972272    /usr/lib/jvm/java-1.7.0-openjdk-1.7.0.6/jre/lib/rt.jar
67cc0000-6ac00000 rw-p 00000000 00:00 0 
6ac00000-6ace8000 rw-p 00000000 00:00 0 
6ace8000-6ad00000 ---p 00000000 00:00 0 
6ad00000-6ad01000 r--s 00002000 fd:02 7606341    /home/kaituo/code/pig3/trunk/build/ivy/lib/Pig/slf4j-log4j12-1.6.1.jar
6ad01000-6ad04000 r--s 0001e000 fd:02 7606330    /home/kaituo/code/pig3/trunk/build/ivy/lib/Pig/jsp-api-2.1-6.1.14.jar
6ad04000-6ad05000 r--s 00007000 fd:02 7606313    /home/kaituo/code/pig3/trunk/build/ivy/lib/Pig/ftpserver-deprecated-1.0.0-M2.jar
6ad05000-6ad0b000 r--s 0003d000 fd:02 7606339    /home/kaituo/code/pig3/trunk/build/ivy/lib/Pig/ftpserver-core-1.0.0.jar
6ad0b000-6ad2e000 r--s 00344000 fd:02 7606314    /home/kaituo/code/pig3/trunk/build/ivy/lib/Pig/core-3.1.1.jar
6ad2e000-6ad31000 ---p 00000000 00:00 0 
6ad31000-6ad7f000 rw-p 00000000 00:00 0          [stack:14637]
6ad7f000-6ad80000 ---p 00000000 00:00 0 
6ad80000-6ae00000 rw-p 00000000 00:00 0          [stack:14634]
6ae00000-6ae21000 rw-p 00000000 00:00 0 
6ae21000-6af00000 ---p 00000000 00:00 0 
6af00000-6af21000 rw-p 00000000 00:00 0 
6af21000-6b000000 ---p 00000000 00:00 0 
6b000000-6b001000 r--s 00002000 fd:02 7606327    /home/kaituo/code/pig3/trunk/build/ivy/lib/Pig/kfs-0.3.jar
6b001000-6b003000 r--s 00004000 fd:02 7606337    /home/kaituo/code/pig3/trunk/build/ivy/lib/Pig/ftplet-api-1.0.0.jar
6b003000-6b008000 r--s 00028000 fd:02 7606336    /home/kaituo/code/pig3/trunk/build/ivy/lib/Pig/commons-net-1.4.1.jar
6b008000-6b00a000 r--s 0000d000 fd:02 7606302    /home/kaituo/code/pig3/trunk/build/ivy/lib/Pig/commons-logging-1.1.1.jar
6b00a000-6b00e000 r--s 0003c000 fd:02 7606333    /home/kaituo/code/pig3/trunk/build/ivy/lib/Pig/commons-lang-2.4.jar
6b00e000-6b013000 r--s 00040000 fd:02 7606328    /home/kaituo/code/pig3/trunk/build/ivy/lib/Pig/commons-httpclient-3.0.1.jar
6b013000-6b016000 r--s 00019000 fd:02 7606305    /home/kaituo/code/pig3/trunk/build/ivy/lib/Pig/commons-el-1.0.jar
6b016000-6b01a000 r--s 00020000 fd:02 7606311    /home/kaituo/code/pig3/trunk/build/ivy/lib/Pig/commons-digester-1.8.jar
6b01a000-6b020000 r--s 00043000 fd:02 7606310    /home/kaituo/code/pig3/trunk/build/ivy/lib/Pig/commons-configuration-1.6.jar
6b020000-6b02e000 r--s 0007f000 fd:02 7606315    /home/kaituo/code/pig3/trunk/build/ivy/lib/Pig/commons-collections-3.2.1.jar
6b02e000-6b031000 ---p 00000000 00:00 0 
6b031000-6b07f000 rw-p 00000000 00:00 0          [stack:14636]
6b07f000-6b080000 ---p 00000000 00:00 0 
6b080000-6b100000 rw-p 00000000 00:00 0          [stack:14633]
6b100000-6b121000 rw-p 00000000 00:00 0 
6b121000-6b200000 ---p 00000000 00:00 0 
6b200000-6b204000 r--s 0002f000 fd:02 7606297    /home/kaituo/code/pig3/trunk/build/ivy/lib/Pig/commons-beanutils-core-1.8.0.jar
6b204000-6b209000 r--s 0002a000 fd:02 7606338    /home/kaituo/code/pig3/trunk/build/ivy/lib/Pig/commons-beanutils-1.7.0.jar
6b209000-6b20f000 r--s 0003b000 fd:02 7606292    /home/kaituo/code/pig3/trunk/build/ivy/lib/Pig/avro-1.5.3.jar
6b20f000-6b214000 r--s 00027000 fd:02 7606283    /home/kaituo/code/pig3/trunk/build/ivy/lib/Pig/automaton-1.11-8.jar
6b214000-6b218000 r--s 00025000 fd:02 7606322    /home/kaituo/code/pig3/trunk/build/ivy/lib/Pig/antlr-runtime-3.4.jar
6b218000-6b227000 r--s 000ee000 fd:02 7606282    /home/kaituo/code/pig3/trunk/build/ivy/lib/Pig/ant-1.6.5.jar
6b227000-6b228000 ---p 00000000 00:00 0 
6b228000-6b2a8000 rw-p 00000000 00:00 0          [stack:14632]
6b2a8000-6b2a9000 ---p 00000000 00:00 0 
6b2a9000-6b331000 rw-p 00000000 00:00 0          [stack:14631]
6b331000-6b369000 rw-p 00000000 00:00 0 
6b369000-6b37f000 rw-p 00000000 00:00 0 
6b37f000-6b4bf000 rw-p 00000000 00:00 0 
6b4bf000-6b4c7000 rw-p 00000000 00:00 0 
6b4c7000-6b4ff000 rw-p 00000000 00:00 0 
6b4ff000-6b515000 rw-p 00000000 00:00 0 
6b515000-6b654000 rw-p 00000000 00:00 0 
6b654000-6b678000 rw-p 00000000 00:00 0 
6b678000-6b6ff000 rw-p 00000000 00:00 0 
6b6ff000-6c700000 rw-p 00000000 00:00 0 
6c700000-73700000 rw-p 00000000 00:00 0 
73700000-761b0000 rw-p 00000000 00:00 0 
761b0000-9e1b0000 rw-p 00000000 00:00 0 
9e1b0000-a2730000 rw-p 00000000 00:00 0 
a2730000-b3700000 rw-p 00000000 00:00 0 
b3700000-b3701000 r--s 00003000 fd:02 7606335    /home/kaituo/code/pig3/trunk/build/ivy/lib/Pig/json-simple-1.1.jar
b3701000-b370c000 r--s 00105000 fd:02 7606309    /home/kaituo/code/pig3/trunk/build/ivy/lib/Pig/antlr-3.4.jar
b370c000-b3715000 rw-p 00000000 00:00 0 
b3715000-b37cc000 rw-p 00000000 00:00 0 
b37cc000-b3a0c000 rwxp 00000000 00:00 0 
b3a0c000-b67cc000 rw-p 00000000 00:00 0 
b67cc000-b67d7000 r-xp 00000000 fd:01 156771     /usr/lib/libnss_files-2.15.so
b67d7000-b67d8000 r--p 0000a000 fd:01 156771     /usr/lib/libnss_files-2.15.so
b67d8000-b67d9000 rw-p 0000b000 fd:01 156771     /usr/lib/libnss_files-2.15.so
b67d9000-b67ff000 r-xp 00000000 fd:01 1972215    /usr/lib/jvm/java-1.7.0-openjdk-1.7.0.6/jre/lib/i386/libjava.so
b67ff000-b6800000 rw-p 00026000 fd:01 1972215    /usr/lib/jvm/java-1.7.0-openjdk-1.7.0.6/jre/lib/i386/libjava.so
b6800000-b68fd000 rw-p 00000000 00:00 0 
b68fd000-b6900000 ---p 00000000 00:00 0 
b6900000-b6902000 r--s 0000d000 fd:02 7606329    /home/kaituo/code/pig3/trunk/build/ivy/lib/Pig/commons-codec-1.4.jar
b6902000-b6904000 r--s 00009000 fd:02 7606326    /home/kaituo/code/pig3/trunk/build/ivy/lib/Pig/commons-cli-1.2.jar
b6904000-b6909000 r--s 00068000 fd:02 7606331    /home/kaituo/code/pig3/trunk/build/ivy/lib/Pig/antlr-2.7.7.jar
b6909000-b690d000 r--s 00036000 fd:02 7606325    /home/kaituo/code/pig3/trunk/build/ivy/lib/Pig/ST4-4.0.4.jar
b690d000-b6916000 r--s 00066000 fd:01 1972158    /usr/lib/jvm/java-1.7.0-openjdk-1.7.0.6/jre/lib/ext/gnome-java-bridge.jar
b6916000-b691e000 r-xp 00000000 fd:01 1972238    /usr/lib/jvm/java-1.7.0-openjdk-1.7.0.6/jre/lib/i386/libzip.so
b691e000-b691f000 rw-p 00008000 fd:01 1972238    /usr/lib/jvm/java-1.7.0-openjdk-1.7.0.6/jre/lib/i386/libzip.so
b691f000-b6922000 ---p 00000000 00:00 0 
b6922000-b6970000 rw-p 00000000 00:00 0          [stack:14630]
b6970000-b6999000 r-xp 00000000 fd:01 136350     /usr/lib/libm-2.15.so
b6999000-b699a000 r--p 00028000 fd:01 136350     /usr/lib/libm-2.15.so
b699a000-b699b000 rw-p 00029000 fd:01 136350     /usr/lib/libm-2.15.so
b699b000-b728c000 r-xp 00000000 fd:01 1972242    /usr/lib/jvm/java-1.7.0-openjdk-1.7.0.6/jre/lib/i386/server/libjvm.so
b728c000-b72e7000 rw-p 008f0000 fd:01 1972242    /usr/lib/jvm/java-1.7.0-openjdk-1.7.0.6/jre/lib/i386/server/libjvm.so
b72e7000-b7704000 rw-p 00000000 00:00 0 
b7704000-b7707000 r--s 0000f000 fd:01 1972161    /usr/lib/jvm/java-1.7.0-openjdk-1.7.0.6/jre/lib/ext/pulse-java.jar
b7707000-b770f000 rw-s 00000000 fd:01 407386     /tmp/hsperfdata_kaituo/14624
b770f000-b7710000 rw-p 00000000 00:00 0 
b7710000-b7711000 r--p 00000000 00:00 0 
b7711000-b771c000 r-xp 00000000 fd:01 1972237    /usr/lib/jvm/java-1.7.0-openjdk-1.7.0.6/jre/lib/i386/libverify.so
b771c000-b771d000 rw-p 0000a000 fd:01 1972237    /usr/lib/jvm/java-1.7.0-openjdk-1.7.0.6/jre/lib/i386/libverify.so
b771d000-b771e000 rw-p 00000000 00:00 0 
b771e000-b771f000 r-xp 00000000 00:00 0          [vdso]
bff80000-bffa2000 rw-p 00000000 00:00 0          [stack]

VM Arguments:
jvm_args: -Dfile.encoding=UTF-8 
java_command: org.eclipse.jdt.internal.junit.runner.RemoteTestRunner -version 3 -port 36442 -testLoaderClass org.eclipse.jdt.internal.junit4.runner.JUnit4TestLoader -loaderpluginname org.eclipse.jdt.junit4.runtime -classNames edu.umass.cs.pig.test.TestExGen4PigMix2
Launcher Type: SUN_STANDARD

Environment Variables:
JAVA_HOME=/usr/lib/jvm/java-1.7.0-openjdk-1.7.0.5
PATH=/home/kaituo/perl5/bin:/home/kaituo/perl5/perlbrew/bin:/home/kaituo/perl5/perlbrew/perls/perl-5.16.0/bin:/usr/lib/ccache:/usr/local/bin:/usr/bin:/bin:/usr/local/sbin:/usr/sbin:/home/kaituo/.local/bin:/home/kaituo/bin:/home/kaituo/Downloads/pig-0.9.2/bin
USERNAME=kaituo
LD_LIBRARY_PATH=.
SHELL=/bin/bash
DISPLAY=:0.0

Signal Handlers:
SIGSEGV: [libjvm.so+0x729e90], sa_mask[0]=0x7ffbfeff, sa_flags=0x10000004
SIGBUS: [libjvm.so+0x729e90], sa_mask[0]=0x7ffbfeff, sa_flags=0x10000004
SIGFPE: [libjvm.so+0x5d35f0], sa_mask[0]=0x7ffbfeff, sa_flags=0x10000004
SIGPIPE: [libjvm.so+0x5d35f0], sa_mask[0]=0x7ffbfeff, sa_flags=0x10000004
SIGXFSZ: [libjvm.so+0x5d35f0], sa_mask[0]=0x7ffbfeff, sa_flags=0x10000004
SIGILL: [libjvm.so+0x5d35f0], sa_mask[0]=0x7ffbfeff, sa_flags=0x10000004
SIGUSR1: SIG_DFL, sa_mask[0]=0x00000000, sa_flags=0x00000000
SIGUSR2: [libjvm.so+0x5d3490], sa_mask[0]=0x00000004, sa_flags=0x10000004
SIGHUP: [libjvm.so+0x5d38b0], sa_mask[0]=0x7ffbfeff, sa_flags=0x10000004
SIGINT: [libjvm.so+0x5d38b0], sa_mask[0]=0x7ffbfeff, sa_flags=0x10000004
SIGTERM: [libjvm.so+0x5d38b0], sa_mask[0]=0x7ffbfeff, sa_flags=0x10000004
SIGQUIT: [libjvm.so+0x5d38b0], sa_mask[0]=0x7ffbfeff, sa_flags=0x10000004


---------------  S Y S T E M  ---------------

OS:Fedora release 17 (Beefy Miracle)

uname:Linux 3.5.4-1.fc17.i686.PAE #1 SMP Mon Sep 17 15:19:42 UTC 2012 i686
libc:glibc 2.15 NPTL 2.15 
rlimit: STACK 8192k, CORE 0k, NPROC 1024, NOFILE 4096, AS infinity
load average:1.10 0.81 0.57

/proc/meminfo:
MemTotal:        6067140 kB
MemFree:         3336800 kB
Buffers:          241940 kB
Cached:          1249060 kB
SwapCached:            0 kB
Active:          1612848 kB
Inactive:         788720 kB
Active(anon):     912604 kB
Inactive(anon):     1864 kB
Active(file):     700244 kB
Inactive(file):   786856 kB
Unevictable:           0 kB
Mlocked:               0 kB
HighTotal:       5241780 kB
HighFree:        2904632 kB
LowTotal:         825360 kB
LowFree:          432168 kB
SwapTotal:       5177340 kB
SwapFree:        5177340 kB
Dirty:             13344 kB
Writeback:             0 kB
AnonPages:        906396 kB
Mapped:           144512 kB
Shmem:              3912 kB
Slab:             121592 kB
SReclaimable:      88708 kB
SUnreclaim:        32884 kB
KernelStack:        2808 kB
PageTables:         9820 kB
NFS_Unstable:          0 kB
Bounce:                0 kB
WritebackTmp:          0 kB
CommitLimit:     8210908 kB
Committed_AS:    2716004 kB
VmallocTotal:     122880 kB
VmallocUsed:       27464 kB
VmallocChunk:      54744 kB
HardwareCorrupted:     0 kB
AnonHugePages:    360448 kB
HugePages_Total:       0
HugePages_Free:        0
HugePages_Rsvd:        0
HugePages_Surp:        0
Hugepagesize:       2048 kB
DirectMap4k:       10232 kB
DirectMap2M:      897024 kB


CPU:total 4 (2 cores per cpu, 2 threads per core) family 6 model 37 stepping 5, cmov, cx8, fxsr, mmx, sse, sse2, sse3, ssse3, sse4.1, sse4.2, popcnt, ht, tsc, tscinvbit

/proc/cpuinfo:
processor	: 0
vendor_id	: GenuineIntel
cpu family	: 6
model		: 37
model name	: Intel(R) Core(TM) i5 CPU       M 450  @ 2.40GHz
stepping	: 5
microcode	: 0x3
cpu MHz		: 2400.000
cache size	: 3072 KB
physical id	: 0
siblings	: 4
core id		: 0
cpu cores	: 2
apicid		: 0
initial apicid	: 0
fdiv_bug	: no
hlt_bug		: no
f00f_bug	: no
coma_bug	: no
fpu		: yes
fpu_exception	: yes
cpuid level	: 11
wp		: yes
flags		: fpu vme de pse tsc msr pae mce cx8 apic sep mtrr pge mca cmov pat pse36 clflush dts acpi mmx fxsr sse sse2 ss ht tm pbe nx rdtscp lm constant_tsc arch_perfmon pebs bts xtopology nonstop_tsc aperfmperf pni dtes64 monitor ds_cpl vmx est tm2 ssse3 cx16 xtpr pdcm pcid sse4_1 sse4_2 popcnt lahf_lm ida arat dtherm tpr_shadow vnmi flexpriority ept vpid
bogomips	: 4787.90
clflush size	: 64
cache_alignment	: 64
address sizes	: 36 bits physical, 48 bits virtual
power management:

processor	: 1
vendor_id	: GenuineIntel
cpu family	: 6
model		: 37
model name	: Intel(R) Core(TM) i5 CPU       M 450  @ 2.40GHz
stepping	: 5
microcode	: 0x3
cpu MHz		: 1199.000
cache size	: 3072 KB
physical id	: 0
siblings	: 4
core id		: 2
cpu cores	: 2
apicid		: 4
initial apicid	: 4
fdiv_bug	: no
hlt_bug		: no
f00f_bug	: no
coma_bug	: no
fpu		: yes
fpu_exception	: yes
cpuid level	: 11
wp		: yes
flags		: fpu vme de pse tsc msr pae mce cx8 apic sep mtrr pge mca cmov pat pse36 clflush dts acpi mmx fxsr sse sse2 ss ht tm pbe nx rdtscp lm constant_tsc arch_perfmon pebs bts xtopology nonstop_tsc aperfmperf pni dtes64 monitor ds_cpl vmx est tm2 ssse3 cx16 xtpr pdcm pcid sse4_1 sse4_2 popcnt lahf_lm ida arat dtherm tpr_shadow vnmi flexpriority ept vpid
bogomips	: 4787.90
clflush size	: 64
cache_alignment	: 64
address sizes	: 36 bits physical, 48 bits virtual
power management:

processor	: 2
vendor_id	: GenuineIntel
cpu family	: 6
model		: 37
model name	: Intel(R) Core(TM) i5 CPU       M 450  @ 2.40GHz
stepping	: 5
microcode	: 0x3
cpu MHz		: 1199.000
cache size	: 3072 KB
physical id	: 0
siblings	: 4
core id		: 0
cpu cores	: 2
apicid		: 1
initial apicid	: 1
fdiv_bug	: no
hlt_bug		: no
f00f_bug	: no
coma_bug	: no
fpu		: yes
fpu_exception	: yes
cpuid level	: 11
wp		: yes
flags		: fpu vme de pse tsc msr pae mce cx8 apic sep mtrr pge mca cmov pat pse36 clflush dts acpi mmx fxsr sse sse2 ss ht tm pbe nx rdtscp lm constant_tsc arch_perfmon pebs bts xtopology nonstop_tsc aperfmperf pni dtes64 monitor ds_cpl vmx est tm2 ssse3 cx16 xtpr pdcm pcid sse4_1 sse4_2 popcnt lahf_lm ida arat dtherm tpr_shadow vnmi flexpriority ept vpid
bogomips	: 4787.90
clflush size	: 64
cache_alignment	: 64
address sizes	: 36 bits physical, 48 bits virtual
power management:

processor	: 3
vendor_id	: GenuineIntel
cpu family	: 6
model		: 37
model name	: Intel(R) Core(TM) i5 CPU       M 450  @ 2.40GHz
stepping	: 5
microcode	: 0x3
cpu MHz		: 1199.000
cache size	: 3072 KB
physical id	: 0
siblings	: 4
core id		: 2
cpu cores	: 2
apicid		: 5
initial apicid	: 5
fdiv_bug	: no
hlt_bug		: no
f00f_bug	: no
coma_bug	: no
fpu		: yes
fpu_exception	: yes
cpuid level	: 11
wp		: yes
flags		: fpu vme de pse tsc msr pae mce cx8 apic sep mtrr pge mca cmov pat pse36 clflush dts acpi mmx fxsr sse sse2 ss ht tm pbe nx rdtscp lm constant_tsc arch_perfmon pebs bts xtopology nonstop_tsc aperfmperf pni dtes64 monitor ds_cpl vmx est tm2 ssse3 cx16 xtpr pdcm pcid sse4_1 sse4_2 popcnt lahf_lm ida arat dtherm tpr_shadow vnmi flexpriority ept vpid
bogomips	: 4787.90
clflush size	: 64
cache_alignment	: 64
address sizes	: 36 bits physical, 48 bits virtual
power management:



Memory: 4k page, physical 6067140k(3336800k free), swap 5177340k(5177340k free)

vm_info: OpenJDK Server VM (23.2-b09) for linux-x86 JRE (1.7.0_06-icedtea-mockbuild_2012_08_31_14_28-b00), built on Aug 31 2012 14:34:19 by "mockbuild" with gcc 4.7.0 20120507 (Red Hat 4.7.0-5)

time: Thu Oct  4 23:45:14 2012
elapsed time: 3 seconds

