#
# A fatal error has been detected by the Java Runtime Environment:
#
#  SIGSEGV (0xb) at pc=0x64ed60a1, pid=3839, tid=3063253824
#
# JRE version: 7.0_06
# Java VM: OpenJDK Server VM (23.2-b09 mixed mode linux-x86 )
# Problematic frame:
# C  [libz3.so+0x5940a1]  basic_decl_plugin::mk_func_decl(int, unsigned int, parameter const*, unsigned int, expr* const*, sort*)+0x111
#
# Failed to write core dump. Core dumps have been disabled. To enable core dumping, try "ulimit -c unlimited" before starting Java again
#
# If you would like to submit a bug report, please include
# instructions on how to reproduce the bug and visit:
#   http://icedtea.classpath.org/bugzilla
# The crash happened outside the Java Virtual Machine in native code.
# See problematic frame for where to report the bug.
#

---------------  T H R E A D  ---------------

Current thread (0xb6808800):  JavaThread "main" [_thread_in_native, id=3843, stack(0xb6908000,0xb6959000)]

siginfo:si_signo=SIGSEGV: si_errno=0, si_code=1 (SEGV_MAPERR), si_addr=0x00000004

Registers:
EAX=0x00000000, EBX=0x669ae43c, ECX=0x66d3b87c, EDX=0x00000000
ESP=0xb6957130, EBP=0x00000000, ESI=0x669ae40c, EDI=0x00000002
EIP=0x64ed60a1, EFLAGS=0x00210202, CR2=0x00000004

Top of Stack: (sp=0xb6957130)
0xb6957130:   b6957150 6c1fa210 65b08658 6c1e6bc0
0xb6957140:   00000000 66e1b718 ffffffff 00000005
0xb6957150:   6498d550 65b088f0 0014ccd7 66d3b87c
0xb6957160:   00000002 b69571e8 65904368 64ed7539
0xb6957170:   669ae40c 00000002 00000000 00000000
0xb6957180:   00000002 b69571e8 00000000 b6fe0525
0xb6957190:   b72bb874 42ef9fc4 00000002 00000000
0xb69571a0:   66e38630 42ee8a8b 65b08810 66d3b50c 

Instructions: (pc=0x64ed60a1)
0x64ed6081:   c4 3c c3 8d 74 26 00 8b 46 14 eb e3 8d 76 00 83
0x64ed6091:   ff 01 0f 86 6c ff ff ff 8b 11 8d 5e 30 8b 4e 04
0x64ed60a1:   0f b7 42 04 83 f8 01 0f 84 62 01 00 00 83 f8 02
0x64ed60b1:   0f 84 c9 01 00 00 85 c0 0f 85 b9 01 00 00 8b 42 

Register to memory mapping:

EAX=0x00000000 is an unknown value
EBX=0x669ae43c is an unknown value
ECX=0x66d3b87c is an unknown value
EDX=0x00000000 is an unknown value
ESP=0xb6957130 is pointing into the stack for thread: 0xb6808800
EBP=0x00000000 is an unknown value
ESI=0x669ae40c is an unknown value
EDI=0x00000002 is an unknown value


Stack: [0xb6908000,0xb6959000],  sp=0xb6957130,  free space=316k
Native frames: (J=compiled Java code, j=interpreted, Vv=VM code, C=native code)
C  [libz3.so+0x5940a1]  basic_decl_plugin::mk_func_decl(int, unsigned int, parameter const*, unsigned int, expr* const*, sort*)+0x111

[error occurred during error reporting (printing native stack), id 0xb]

Java frames: (J=compiled Java code, j=interpreted, Vv=VM code)
j  edu.umass.cs.z3.Z3JNI.Z3_mk_eq(JJJ)J+0
j  edu.umass.cs.z3.Z3.Z3_mk_eq(Ledu/umass/cs/z3/SWIGTYPE_p__Z3_context;Ledu/umass/cs/z3/SWIGTYPE_p__Z3_ast;Ledu/umass/cs/z3/SWIGTYPE_p__Z3_ast;)Ledu/umass/cs/z3/SWIGTYPE_p__Z3_ast;+12
j  edu.umass.cs.pig.z3.Z3Context.mk_eq(Ledu/umass/cs/z3/SWIGTYPE_p__Z3_ast;Ledu/umass/cs/z3/SWIGTYPE_p__Z3_ast;)Ledu/umass/cs/z3/SWIGTYPE_p__Z3_ast;+11
j  edu.umass.cs.pig.cntr.EqualVarCntr.asZ3ast(Ledu/umass/cs/pig/z3/Z3Context;)Ledu/umass/cs/z3/SWIGTYPE_p__Z3_ast;+152
j  edu.umass.cs.pig.vm.ConstraintSolver.GenerateRlTuple(Ledu/umass/cs/pig/cntr/PltRelCntr;)Ledu/umass/cs/pig/ast/ConstraintResult;+281
j  edu.umass.cs.pig.vm.QueryManager.assertPathCondition(Ljava/util/ArrayList;)Ledu/umass/cs/pig/vm/AssertionResult;+217
j  edu.umass.cs.pig.vm.QueryManager.solve(Ljava/util/ArrayList;)Ledu/umass/cs/pig/z3/ConstraintSolution;+18
j  edu.umass.cs.pig.vm.ComputeSolution.compute(Ljava/util/ArrayList;Lorg/apache/pig/data/DataBag;Ledu/umass/cs/pig/vm/QueryManager;Lorg/apache/pig/newplan/logical/relational/LogicalSchema;Lorg/apache/pig/data/DataBag;Lorg/apache/pig/data/DataBag;Ljava/util/Map;Ljava/util/Map;Ljava/util/Map;Ljava/util/List;)V+352
j  org.apache.pig.pen.InvertConstraintVisitor.visit(Lorg/apache/pig/newplan/logical/relational/LOLoad;)V+171
j  org.apache.pig.newplan.logical.relational.LOLoad.accept(Lorg/apache/pig/newplan/PlanVisitor;)V+26
j  org.apache.pig.pen.util.PreOrderDepthFirstWalker.depthFirst(Lorg/apache/pig/newplan/Operator;Ljava/util/Collection;Ljava/util/Set;Lorg/apache/pig/newplan/PlanVisitor;)V+55
j  org.apache.pig.pen.util.PreOrderDepthFirstWalker.depthFirst(Lorg/apache/pig/newplan/Operator;Ljava/util/Collection;Ljava/util/Set;Lorg/apache/pig/newplan/PlanVisitor;)V+93
j  org.apache.pig.pen.util.PreOrderDepthFirstWalker.depthFirst(Lorg/apache/pig/newplan/Operator;Ljava/util/Collection;Ljava/util/Set;Lorg/apache/pig/newplan/PlanVisitor;)V+93
j  org.apache.pig.pen.util.PreOrderDepthFirstWalker.depthFirst(Lorg/apache/pig/newplan/Operator;Ljava/util/Collection;Ljava/util/Set;Lorg/apache/pig/newplan/PlanVisitor;)V+93
j  org.apache.pig.pen.util.PreOrderDepthFirstWalker.walk(Lorg/apache/pig/newplan/PlanVisitor;)V+23
j  org.apache.pig.newplan.PlanVisitor.visit()V+5
j  org.apache.pig.pen.ExampleGenerator.getExamples2()Ljava/util/Map;+573
j  org.apache.pig.PigServer.getExamples2(Ljava/lang/String;)Ljava/util/Map;+84
j  edu.umass.cs.pig.test.pigmix.TestExGen4PigMixReal2.testScalability()V+72
v  ~StubRoutines::call_stub
j  sun.reflect.NativeMethodAccessorImpl.invoke0(Ljava/lang/reflect/Method;Ljava/lang/Object;[Ljava/lang/Object;)Ljava/lang/Object;+0
j  sun.reflect.NativeMethodAccessorImpl.invoke(Ljava/lang/Object;[Ljava/lang/Object;)Ljava/lang/Object;+87
j  sun.reflect.DelegatingMethodAccessorImpl.invoke(Ljava/lang/Object;[Ljava/lang/Object;)Ljava/lang/Object;+6
j  java.lang.reflect.Method.invoke(Ljava/lang/Object;[Ljava/lang/Object;)Ljava/lang/Object;+57
j  org.junit.runners.model.FrameworkMethod$1.runReflectiveCall()Ljava/lang/Object;+15
j  org.junit.internal.runners.model.ReflectiveCallable.run()Ljava/lang/Object;+1
j  org.junit.runners.model.FrameworkMethod.invokeExplosively(Ljava/lang/Object;[Ljava/lang/Object;)Ljava/lang/Object;+10
j  org.junit.internal.runners.statements.InvokeMethod.evaluate()V+12
j  org.junit.internal.runners.statements.RunBefores.evaluate()V+49
j  org.junit.internal.runners.statements.RunAfters.evaluate()V+18
j  org.junit.runners.BlockJUnit4ClassRunner.runChild(Lorg/junit/runners/model/FrameworkMethod;Lorg/junit/runner/notification/RunNotifier;)V+31
j  org.junit.runners.BlockJUnit4ClassRunner.runChild(Ljava/lang/Object;Lorg/junit/runner/notification/RunNotifier;)V+6
j  org.junit.runners.ParentRunner.runChildren(Lorg/junit/runner/notification/RunNotifier;)V+29
j  org.junit.runners.ParentRunner.access$000(Lorg/junit/runners/ParentRunner;Lorg/junit/runner/notification/RunNotifier;)V+2
j  org.junit.runners.ParentRunner$1.evaluate()V+8
j  org.junit.internal.runners.statements.RunBefores.evaluate()V+49
j  org.junit.internal.runners.statements.RunAfters.evaluate()V+18
j  org.junit.runners.ParentRunner.run(Lorg/junit/runner/notification/RunNotifier;)V+20
j  org.eclipse.jdt.internal.junit4.runner.JUnit4TestReference.run(Lorg/eclipse/jdt/internal/junit/runner/TestExecution;)V+72
j  org.eclipse.jdt.internal.junit.runner.TestExecution.run([Lorg/eclipse/jdt/internal/junit/runner/ITestReference;)V+17
j  org.eclipse.jdt.internal.junit.runner.RemoteTestRunner.runTests([Ljava/lang/String;Ljava/lang/String;Lorg/eclipse/jdt/internal/junit/runner/TestExecution;)V+61
j  org.eclipse.jdt.internal.junit.runner.RemoteTestRunner.runTests(Lorg/eclipse/jdt/internal/junit/runner/TestExecution;)V+10
j  org.eclipse.jdt.internal.junit.runner.RemoteTestRunner.run()V+70
j  org.eclipse.jdt.internal.junit.runner.RemoteTestRunner.main([Ljava/lang/String;)V+14
v  ~StubRoutines::call_stub

---------------  P R O C E S S  ---------------

Java Threads: ( => current thread )
  0x66912400 JavaThread "process reaper" daemon [_thread_blocked, id=3860, stack(0x66e3e000,0x66e4f000)]
  0x66f6cc00 JavaThread "ReaderThread" [_thread_in_native, id=3858, stack(0x66e61000,0x66eb2000)]
  0x67300800 JavaThread "Service Thread" daemon [_thread_blocked, id=3856, stack(0x6722e000,0x6727f000)]
  0x679fec00 JavaThread "C2 CompilerThread1" daemon [_thread_blocked, id=3855, stack(0x6727f000,0x67300000)]
  0x679fcc00 JavaThread "C2 CompilerThread0" daemon [_thread_blocked, id=3854, stack(0x6742e000,0x674af000)]
  0x679fb000 JavaThread "Signal Dispatcher" daemon [_thread_blocked, id=3853, stack(0x674af000,0x67500000)]
  0x679b9000 JavaThread "Finalizer" daemon [_thread_blocked, id=3852, stack(0x6ad2e000,0x6ad7f000)]
  0x679b6400 JavaThread "Reference Handler" daemon [_thread_blocked, id=3851, stack(0x6b02e000,0x6b07f000)]
=>0xb6808800 JavaThread "main" [_thread_in_native, id=3843, stack(0xb6908000,0xb6959000)]

Other Threads:
  0x679b0c00 VMThread [stack: 0x67a4b000,0x67acc000] [id=3850]
  0x67302400 WatcherThread [stack: 0x671ad000,0x6722e000] [id=3857]

VM state:not at safepoint (normal execution)

VM Mutex/Monitor currently owned by a thread: None

Heap
 PSYoungGen      total 35328K, used 33539K [0x9e1a0000, 0xa0700000, 0xb36f0000)
  eden space 32640K, 94% used [0x9e1a0000,0x9ffc21d8,0xa0180000)
  from space 2688K, 99% used [0xa0180000,0xa041ea98,0xa0420000)
  to   space 2688K, 0% used [0xa0460000,0xa0460000,0xa0700000)
 ParOldGen       total 43712K, used 528K [0x736f0000, 0x761a0000, 0x9e1a0000)
  object space 43712K, 1% used [0x736f0000,0x737742d8,0x761a0000)
 PSPermGen       total 16384K, used 11523K [0x6b6f0000, 0x6c6f0000, 0x736f0000)
  object space 16384K, 70% used [0x6b6f0000,0x6c230d38,0x6c6f0000)

Card table byte_map: [0x6b4af000,0x6b6f0000] byte_map_base: 0x6b153880

Polling page: 0xb76f9000

Code Cache  [0xb37b3000, 0xb39f3000, 0xb67b3000)
 total_blobs=456 nmethods=282 adapters=126 free_code_cache=48217Kb largest_free_block=49350272

Compilation events (10 events):
Event: 15.309 Thread 0x679fec00  272             sun.reflect.ClassFileAssembler::emitShort (24 bytes)
Event: 15.312 Thread 0x679fec00 nmethod 272 0xb3897b48 code [0xb3897c80, 0xb3897ea4]
Event: 15.313 Thread 0x679fcc00  273             sun.security.provider.SHA::implCompress (491 bytes)
Event: 15.319 Thread 0x679fec00  274             java.util.concurrent.ConcurrentHashMap::get (141 bytes)
Event: 15.328 Thread 0x679fec00 nmethod 274 0xb3898948 code [0xb3898a80, 0xb3898efc]
Event: 15.336 Thread 0x679fec00  275             java.lang.ref.WeakReference::<init> (7 bytes)
Event: 15.337 Thread 0x679fec00 nmethod 275 0xb3899908 code [0xb3899a00, 0xb3899a70]
Event: 15.338 Thread 0x679fcc00 nmethod 273 0xb3896e08 code [0xb3896f20, 0xb389793c]
Event: 15.343 Thread 0x679fec00  276             sun.reflect.ClassFileAssembler::cpi (22 bytes)
Event: 15.343 Thread 0x679fec00 nmethod 276 0xb3899748 code [0xb3899840, 0xb3899890]

GC Heap History (6 events):
Event: 0.481 GC heap before
{Heap before GC invocations=1 (full 0):
 PSYoungGen      total 19136K, used 16448K [0x9e1a0000, 0x9f6f0000, 0xb36f0000)
  eden space 16448K, 100% used [0x9e1a0000,0x9f1b0000,0x9f1b0000)
  from space 2688K, 0% used [0x9f450000,0x9f450000,0x9f6f0000)
  to   space 2688K, 0% used [0x9f1b0000,0x9f1b0000,0x9f450000)
 ParOldGen       total 43712K, used 0K [0x736f0000, 0x761a0000, 0x9e1a0000)
  object space 43712K, 0% used [0x736f0000,0x736f0000,0x761a0000)
 PSPermGen       total 16384K, used 4495K [0x6b6f0000, 0x6c6f0000, 0x736f0000)
  object space 16384K, 27% used [0x6b6f0000,0x6bb53c40,0x6c6f0000)
Event: 0.487 GC heap after
Heap after GC invocations=1 (full 0):
 PSYoungGen      total 19136K, used 1781K [0x9e1a0000, 0xa0700000, 0xb36f0000)
  eden space 16448K, 0% used [0x9e1a0000,0x9e1a0000,0x9f1b0000)
  from space 2688K, 66% used [0x9f1b0000,0x9f36d438,0x9f450000)
  to   space 2688K, 0% used [0xa0460000,0xa0460000,0xa0700000)
 ParOldGen       total 43712K, used 4K [0x736f0000, 0x761a0000, 0x9e1a0000)
  object space 43712K, 0% used [0x736f0000,0x736f1000,0x761a0000)
 PSPermGen       total 16384K, used 4495K [0x6b6f0000, 0x6c6f0000, 0x736f0000)
  object space 16384K, 27% used [0x6b6f0000,0x6bb53c40,0x6c6f0000)
}
Event: 13.522 GC heap before
{Heap before GC invocations=2 (full 0):
 PSYoungGen      total 19136K, used 18039K [0x9e1a0000, 0xa0700000, 0xb36f0000)
  eden space 16448K, 98% used [0x9e1a0000,0x9f180a08,0x9f1b0000)
  from space 2688K, 66% used [0x9f1b0000,0x9f36d438,0x9f450000)
  to   space 2688K, 0% used [0xa0460000,0xa0460000,0xa0700000)
 ParOldGen       total 43712K, used 4K [0x736f0000, 0x761a0000, 0x9e1a0000)
  object space 43712K, 0% used [0x736f0000,0x736f1000,0x761a0000)
 PSPermGen       total 16384K, used 6640K [0x6b6f0000, 0x6c6f0000, 0x736f0000)
  object space 16384K, 40% used [0x6b6f0000,0x6bd6c1f8,0x6c6f0000)
Event: 13.529 GC heap after
Heap after GC invocations=2 (full 0):
 PSYoungGen      total 18880K, used 2416K [0x9e1a0000, 0xa06c0000, 0xb36f0000)
  eden space 16448K, 0% used [0x9e1a0000,0x9e1a0000,0x9f1b0000)
  from space 2432K, 99% used [0xa0460000,0xa06bc168,0xa06c0000)
  to   space 2688K, 0% used [0xa0180000,0xa0180000,0xa0420000)
 ParOldGen       total 43712K, used 8K [0x736f0000, 0x761a0000, 0x9e1a0000)
  object space 43712K, 0% used [0x736f0000,0x736f2000,0x761a0000)
 PSPermGen       total 16384K, used 6640K [0x6b6f0000, 0x6c6f0000, 0x736f0000)
  object space 16384K, 40% used [0x6b6f0000,0x6bd6c1f8,0x6c6f0000)
}
Event: 14.109 GC heap before
{Heap before GC invocations=3 (full 0):
 PSYoungGen      total 18880K, used 18864K [0x9e1a0000, 0xa06c0000, 0xb36f0000)
  eden space 16448K, 100% used [0x9e1a0000,0x9f1b0000,0x9f1b0000)
  from space 2432K, 99% used [0xa0460000,0xa06bc168,0xa06c0000)
  to   space 2688K, 0% used [0xa0180000,0xa0180000,0xa0420000)
 ParOldGen       total 43712K, used 8K [0x736f0000, 0x761a0000, 0x9e1a0000)
  object space 43712K, 0% used [0x736f0000,0x736f2000,0x761a0000)
 PSPermGen       total 16384K, used 9238K [0x6b6f0000, 0x6c6f0000, 0x736f0000)
  object space 16384K, 56% used [0x6b6f0000,0x6bff5ac0,0x6c6f0000)
Event: 14.121 GC heap after
Heap after GC invocations=3 (full 0):
 PSYoungGen      total 35328K, used 2682K [0x9e1a0000, 0xa0700000, 0xb36f0000)
  eden space 32640K, 0% used [0x9e1a0000,0x9e1a0000,0xa0180000)
  from space 2688K, 99% used [0xa0180000,0xa041ea98,0xa0420000)
  to   space 2688K, 0% used [0xa0460000,0xa0460000,0xa0700000)
 ParOldGen       total 43712K, used 528K [0x736f0000, 0x761a0000, 0x9e1a0000)
  object space 43712K, 1% used [0x736f0000,0x737742d8,0x761a0000)
 PSPermGen       total 16384K, used 9238K [0x6b6f0000, 0x6c6f0000, 0x736f0000)
  object space 16384K, 56% used [0x6b6f0000,0x6bff5ac0,0x6c6f0000)
}

Deoptimization events (10 events):
Event: 13.444 Thread 0xb6808800 Uncommon trap -58 fr.pc 0xb3823fa8
Event: 13.510 Thread 0xb6808800 Uncommon trap 33 fr.pc 0xb38209d4
Event: 13.802 Thread 0xb6808800 Uncommon trap -34 fr.pc 0xb380178c
Event: 14.266 Thread 0xb6808800 Uncommon trap -83 fr.pc 0xb3851888
Event: 14.476 Thread 0xb6808800 Uncommon trap -34 fr.pc 0xb383a8a8
Event: 14.476 Thread 0xb6808800 Uncommon trap -34 fr.pc 0xb383a8a8
Event: 14.476 Thread 0xb6808800 Uncommon trap -34 fr.pc 0xb383a8a8
Event: 14.477 Thread 0xb6808800 Uncommon trap -34 fr.pc 0xb383a8a8
Event: 15.345 Thread 0xb6808800 Uncommon trap -75 fr.pc 0xb387e084
Event: 15.345 Thread 0xb6808800 Uncommon trap -75 fr.pc 0xb387f820

Internal exceptions (10 events):
Event: 15.365 Thread 0xb6808800 Threw 0x9ff27160 at /builddir/build/BUILD/java-1.7.0-openjdk/openjdk/hotspot/src/share/vm/prims/jvm.cpp:1166
Event: 15.365 Thread 0xb6808800 Threw 0x9ff29b58 at /builddir/build/BUILD/java-1.7.0-openjdk/openjdk/hotspot/src/share/vm/prims/jvm.cpp:1166
Event: 15.366 Thread 0xb6808800 Threw 0x9ff2d7c8 at /builddir/build/BUILD/java-1.7.0-openjdk/openjdk/hotspot/src/share/vm/prims/jvm.cpp:1166
Event: 15.366 Thread 0xb6808800 Threw 0x9ff2f840 at /builddir/build/BUILD/java-1.7.0-openjdk/openjdk/hotspot/src/share/vm/prims/jvm.cpp:1166
Event: 15.366 Thread 0xb6808800 Threw 0x9ff315c0 at /builddir/build/BUILD/java-1.7.0-openjdk/openjdk/hotspot/src/share/vm/prims/jvm.cpp:1166
Event: 15.366 Thread 0xb6808800 Threw 0x9ff332a8 at /builddir/build/BUILD/java-1.7.0-openjdk/openjdk/hotspot/src/share/vm/prims/jvm.cpp:1166
Event: 15.366 Thread 0xb6808800 Threw 0x9ff34fb0 at /builddir/build/BUILD/java-1.7.0-openjdk/openjdk/hotspot/src/share/vm/prims/jvm.cpp:1166
Event: 15.367 Thread 0xb6808800 Threw 0x9ff3c620 at /builddir/build/BUILD/java-1.7.0-openjdk/openjdk/hotspot/src/share/vm/prims/jvm.cpp:1166
Event: 15.367 Thread 0xb6808800 Threw 0x9ff43cd8 at /builddir/build/BUILD/java-1.7.0-openjdk/openjdk/hotspot/src/share/vm/prims/jvm.cpp:1166
Event: 15.368 Thread 0xb6808800 Threw 0x9ff475f8 at /builddir/build/BUILD/java-1.7.0-openjdk/openjdk/hotspot/src/share/vm/prims/jvm.cpp:1166

Events (10 events):
Event: 15.366 loading class 0x663f8c78
Event: 15.366 loading class 0x663f8c78 done
Event: 15.366 loading class 0x664f1e58
Event: 15.366 loading class 0x664f1e58 done
Event: 15.367 loading class 0x664f1528
Event: 15.367 loading class 0x664f1528 done
Event: 15.367 loading class 0x664f10a0
Event: 15.367 loading class 0x664f10a0 done
Event: 15.368 loading class 0x664fd920
Event: 15.368 loading class 0x664fd920 done


Dynamic libraries:
08048000-08049000 r-xp 00000000 fd:01 1966751    /usr/lib/jvm/java-1.7.0-openjdk-1.7.0.6/bin/java
08049000-0804a000 rw-p 00000000 fd:01 1966751    /usr/lib/jvm/java-1.7.0-openjdk-1.7.0.6/bin/java
084b0000-08510000 rw-p 00000000 00:00 0          [heap]
42eda000-42ef9000 r-xp 00000000 fd:01 136060     /usr/lib/ld-2.15.so
42ef9000-42efa000 r--p 0001e000 fd:01 136060     /usr/lib/ld-2.15.so
42efa000-42efb000 rw-p 0001f000 fd:01 136060     /usr/lib/ld-2.15.so
42efd000-430a8000 r-xp 00000000 fd:01 136128     /usr/lib/libc-2.15.so
430a8000-430a9000 ---p 001ab000 fd:01 136128     /usr/lib/libc-2.15.so
430a9000-430ab000 r--p 001ab000 fd:01 136128     /usr/lib/libc-2.15.so
430ab000-430ac000 rw-p 001ad000 fd:01 136128     /usr/lib/libc-2.15.so
430ac000-430af000 rw-p 00000000 00:00 0 
430b1000-430c7000 r-xp 00000000 fd:01 136204     /usr/lib/libpthread-2.15.so
430c7000-430c8000 r--p 00015000 fd:01 136204     /usr/lib/libpthread-2.15.so
430c8000-430c9000 rw-p 00016000 fd:01 136204     /usr/lib/libpthread-2.15.so
430c9000-430cb000 rw-p 00000000 00:00 0 
430cd000-430d0000 r-xp 00000000 fd:01 136169     /usr/lib/libdl-2.15.so
430d0000-430d1000 r--p 00002000 fd:01 136169     /usr/lib/libdl-2.15.so
430d1000-430d2000 rw-p 00003000 fd:01 136169     /usr/lib/libdl-2.15.so
430d4000-430db000 r-xp 00000000 fd:01 136931     /usr/lib/librt-2.15.so
430db000-430dc000 r--p 00006000 fd:01 136931     /usr/lib/librt-2.15.so
430dc000-430dd000 rw-p 00007000 fd:01 136931     /usr/lib/librt-2.15.so
430df000-430f4000 r-xp 00000000 fd:01 139264     /usr/lib/libz.so.1.2.5
430f4000-430f5000 rw-p 00014000 fd:01 139264     /usr/lib/libz.so.1.2.5
430f7000-43103000 r-xp 00000000 fd:01 1966564    /usr/lib/jvm/java-1.7.0-openjdk-1.7.0.6/jre/lib/i386/jli/libjli.so
43103000-43104000 rw-p 0000b000 fd:01 1966564    /usr/lib/jvm/java-1.7.0-openjdk-1.7.0.6/jre/lib/i386/jli/libjli.so
435b1000-435cd000 r-xp 00000000 fd:01 136386     /usr/lib/libgcc_s-4.7.2-20120921.so.1
435cd000-435ce000 rw-p 0001b000 fd:01 136386     /usr/lib/libgcc_s-4.7.2-20120921.so.1
43b33000-43c13000 r-xp 00000000 fd:01 136401     /usr/lib/libstdc++.so.6.0.17
43c13000-43c17000 r--p 000e0000 fd:01 136401     /usr/lib/libstdc++.so.6.0.17
43c17000-43c18000 rw-p 000e4000 fd:01 136401     /usr/lib/libstdc++.so.6.0.17
43c18000-43c1f000 rw-p 00000000 00:00 0 
44169000-44178000 r-xp 00000000 fd:01 157834     /usr/lib/libgomp.so.1.0.0
44178000-44179000 rw-p 0000e000 fd:01 157834     /usr/lib/libgomp.so.1.0.0
64942000-65adb000 r-xp 00000000 fd:02 7607783    /home/kaituo/code/pig3/trunk/libz3.so
65adb000-65adc000 r--p 01199000 fd:02 7607783    /home/kaituo/code/pig3/trunk/libz3.so
65adc000-65add000 rw-p 0119a000 fd:02 7607783    /home/kaituo/code/pig3/trunk/libz3.so
65add000-65b00000 rw-p 00000000 00:00 0 
65b00000-65b2d000 rw-p 00000000 00:00 0 
65b2d000-65c00000 ---p 00000000 00:00 0 
65d00000-65de0000 rw-p 00000000 00:00 0 
65de0000-65e00000 ---p 00000000 00:00 0 
65f00000-65ff4000 rw-p 00000000 00:00 0 
65ff4000-66000000 ---p 00000000 00:00 0 
66100000-6614e000 rw-p 00000000 00:00 0 
6614e000-66200000 ---p 00000000 00:00 0 
66200000-662fd000 rw-p 00000000 00:00 0 
662fd000-66300000 ---p 00000000 00:00 0 
66300000-663f9000 rw-p 00000000 00:00 0 
663f9000-66400000 ---p 00000000 00:00 0 
66400000-66500000 rw-p 00000000 00:00 0 
66500000-665fe000 rw-p 00000000 00:00 0 
665fe000-66600000 ---p 00000000 00:00 0 
66600000-666f3000 rw-p 00000000 00:00 0 
666f3000-66700000 ---p 00000000 00:00 0 
66700000-667fb000 rw-p 00000000 00:00 0 
667fb000-66800000 ---p 00000000 00:00 0 
66800000-66900000 rw-p 00000000 00:00 0 
66900000-66a00000 rw-p 00000000 00:00 0 
66a47000-66a4f000 r-xp 00000000 fd:01 1972225    /usr/lib/jvm/java-1.7.0-openjdk-1.7.0.6/jre/lib/i386/libmanagement.so
66a4f000-66a50000 rw-p 00007000 fd:01 1972225    /usr/lib/jvm/java-1.7.0-openjdk-1.7.0.6/jre/lib/i386/libmanagement.so
66a50000-66a5a000 r--s 00263000 fd:01 1972270    /usr/lib/jvm/java-1.7.0-openjdk-1.7.0.6/jre/lib/resources.jar
66a5a000-66a5e000 r--s 00085000 fd:01 1972159    /usr/lib/jvm/java-1.7.0-openjdk-1.7.0.6/jre/lib/ext/localedata.jar
66a5e000-66a61000 ---p 00000000 00:00 0 
66a61000-66aaf000 rw-p 00000000 00:00 0 
66aaf000-66ab2000 ---p 00000000 00:00 0 
66ab2000-66b00000 rw-p 00000000 00:00 0 
66b00000-66bf8000 rw-p 00000000 00:00 0 
66bf8000-66c00000 ---p 00000000 00:00 0 
66c00000-66cfc000 rw-p 00000000 00:00 0 
66cfc000-66d00000 ---p 00000000 00:00 0 
66d00000-66dfc000 rw-p 00000000 00:00 0 
66dfc000-66e00000 ---p 00000000 00:00 0 
66e16000-66e38000 r-xp 00000000 fd:02 7607784    /home/kaituo/code/pig3/trunk/libz3wrap.so
66e38000-66e39000 rw-p 00022000 fd:02 7607784    /home/kaituo/code/pig3/trunk/libz3wrap.so
66e39000-66e3e000 r--s 000a0000 fd:01 1972257    /usr/lib/jvm/java-1.7.0-openjdk-1.7.0.6/jre/lib/jsse.jar
66e3e000-66e41000 ---p 00000000 00:00 0 
66e41000-66e4f000 rw-p 00000000 00:00 0          [stack:3860]
66e4f000-66e60000 r-xp 00000000 fd:01 1972228    /usr/lib/jvm/java-1.7.0-openjdk-1.7.0.6/jre/lib/i386/libnio.so
66e60000-66e61000 rw-p 00011000 fd:01 1972228    /usr/lib/jvm/java-1.7.0-openjdk-1.7.0.6/jre/lib/i386/libnio.so
66e61000-66e64000 ---p 00000000 00:00 0 
66e64000-66eb2000 rw-p 00000000 00:00 0          [stack:3858]
66eb2000-66ec8000 r-xp 00000000 fd:01 1972227    /usr/lib/jvm/java-1.7.0-openjdk-1.7.0.6/jre/lib/i386/libnet.so
66ec8000-66ec9000 rw-p 00016000 fd:01 1972227    /usr/lib/jvm/java-1.7.0-openjdk-1.7.0.6/jre/lib/i386/libnet.so
66ec9000-66ed8000 r--s 000ba000 fd:02 7604714    /home/kaituo/code/pig3/trunk/lib/trove-2.1.0.jar
66ed8000-66edc000 r--s 0002a000 fd:02 8786570    /home/kaituo/code/pig3/trunk/lib/commons-io-2.4.jar
66edc000-66ef3000 r--s 00123000 fd:02 7604716    /home/kaituo/code/pig3/trunk/lib/commons-math3-3.0.jar
66ef3000-66ef6000 r--s 00010000 fd:02 7604715    /home/kaituo/code/pig3/trunk/lib/z3.jar
66ef6000-66ef9000 r--s 0001b000 fd:02 6816935    /home/kaituo/Downloads/eclipse/plugins/org.junit_3.8.2.v3_8_2_v20100427-1100/junit.jar
66ef9000-66f00000 r--s 0003d000 fd:02 7606277    /home/kaituo/code/pig3/trunk/build/ivy/lib/Pig/hamcrest-all-1.3.0RC2.jar
66f00000-66ffe000 rw-p 00000000 00:00 0 
66ffe000-67000000 ---p 00000000 00:00 0 
67002000-6700b000 r--s 0008a000 fd:02 7606324    /home/kaituo/code/pig3/trunk/build/ivy/lib/Pig/zookeeper-3.3.3.jar
6700b000-6700c000 r--s 00003000 fd:02 7606306    /home/kaituo/code/pig3/trunk/build/ivy/lib/Pig/xmlenc-0.52.jar
6700c000-6700f000 r--s 00022000 fd:02 7606340    /home/kaituo/code/pig3/trunk/build/ivy/lib/Pig/stringtemplate-3.2.1.jar
6700f000-67011000 r--s 000f2000 fd:02 7606296    /home/kaituo/code/pig3/trunk/build/ivy/lib/Pig/snappy-java-1.0.3.2.jar
67011000-67012000 r--s 00002000 fd:02 7606341    /home/kaituo/code/pig3/trunk/build/ivy/lib/Pig/slf4j-log4j12-1.6.1.jar
67012000-67014000 r--s 00005000 fd:02 7606332    /home/kaituo/code/pig3/trunk/build/ivy/lib/Pig/slf4j-api-1.6.1.jar
67014000-67017000 r--s 0001e000 fd:02 7606281    /home/kaituo/code/pig3/trunk/build/ivy/lib/Pig/servlet-api-2.5-6.1.14.jar
67017000-67019000 r--s 0001f000 fd:02 7606300    /home/kaituo/code/pig3/trunk/build/ivy/lib/Pig/servlet-api-2.5-20081211.jar
67019000-6701b000 r--s 00006000 fd:02 7606290    /home/kaituo/code/pig3/trunk/build/ivy/lib/Pig/paranamer-2.3.jar
6701b000-6701d000 r--s 0000e000 fd:02 7606321    /home/kaituo/code/pig3/trunk/build/ivy/lib/Pig/oro-2.0.8.jar
6701d000-6702c000 r--s 000b1000 fd:02 7606334    /home/kaituo/code/pig3/trunk/build/ivy/lib/Pig/netty-3.2.2.Final.jar
6702c000-67039000 r--s 0008f000 fd:02 7606295    /home/kaituo/code/pig3/trunk/build/ivy/lib/Pig/mina-core-2.0.0-M5.jar
67039000-67042000 r--s 0006d000 fd:02 7606289    /home/kaituo/code/pig3/trunk/build/ivy/lib/Pig/log4j-1.2.16.jar
67042000-67043000 r--s 00002000 fd:02 7606327    /home/kaituo/code/pig3/trunk/build/ivy/lib/Pig/kfs-0.3.jar
67043000-670a5000 r--s 005e9000 fd:02 7606275    /home/kaituo/code/pig3/trunk/build/ivy/lib/Pig/jython-2.5.0.jar
670a5000-670ab000 r--s 0002b000 fd:02 7606319    /home/kaituo/code/pig3/trunk/build/ivy/lib/Pig/junit-4.5.jar
670ab000-670ae000 r--s 0001b000 fd:02 7606303    /home/kaituo/code/pig3/trunk/build/ivy/lib/Pig/junit-3.8.1.jar
670ae000-670b1000 r--s 0001e000 fd:02 7606330    /home/kaituo/code/pig3/trunk/build/ivy/lib/Pig/jsp-api-2.1-6.1.14.jar
670b1000-670c2000 r--s 000ea000 fd:02 7606308    /home/kaituo/code/pig3/trunk/build/ivy/lib/Pig/jsp-2.1-6.1.14.jar
670c2000-670c3000 r--s 00003000 fd:02 7606335    /home/kaituo/code/pig3/trunk/build/ivy/lib/Pig/json-simple-1.1.jar
670c3000-670c6000 r--s 00029000 fd:02 7606293    /home/kaituo/code/pig3/trunk/build/ivy/lib/Pig/jsch-0.1.38.jar
670c6000-670cf000 r--s 000cc000 fd:02 7606312    /home/kaituo/code/pig3/trunk/build/ivy/lib/Pig/js-1.7R2.jar
670cf000-670de000 r--s 00074000 fd:02 7606274    /home/kaituo/code/pig3/trunk/build/ivy/lib/Pig/joda-time-1.6.jar
670de000-670e0000 r--s 00014000 fd:02 7606304    /home/kaituo/code/pig3/trunk/build/ivy/lib/Pig/jline-0.9.94.jar
670e0000-670e4000 r--s 00028000 fd:02 7606320    /home/kaituo/code/pig3/trunk/build/ivy/lib/Pig/jetty-util-6.1.26.jar
670e4000-670eb000 r--s 0007d000 fd:02 7606317    /home/kaituo/code/pig3/trunk/build/ivy/lib/Pig/jetty-6.1.26.jar
670eb000-670f1000 r--s 00057000 fd:02 7606307    /home/kaituo/code/pig3/trunk/build/ivy/lib/Pig/jets3t-0.7.1.jar
670f1000-670fb000 r--s 00066000 fd:02 7606285    /home/kaituo/code/pig3/trunk/build/ivy/lib/Pig/jersey-core-1.8.jar
670fb000-67100000 r--s 0005e000 fd:02 7606280    /home/kaituo/code/pig3/trunk/build/ivy/lib/Pig/jasper-compiler-5.5.12.jar
67100000-6710c000 r--s 0008d000 fd:02 7606284    /home/kaituo/code/pig3/trunk/build/ivy/lib/Pig/jackson-mapper-asl-1.7.3.jar
6710c000-67110000 r--s 0002f000 fd:02 7606287    /home/kaituo/code/pig3/trunk/build/ivy/lib/Pig/jackson-core-asl-1.7.3.jar
67110000-67115000 r--s 00028000 fd:02 7606299    /home/kaituo/code/pig3/trunk/build/ivy/lib/Pig/httpcore-4.1.jar
67115000-6711d000 r--s 0004e000 fd:02 7606294    /home/kaituo/code/pig3/trunk/build/ivy/lib/Pig/httpclient-4.1.jar
6711d000-67126000 r--s 000a4000 fd:02 7606286    /home/kaituo/code/pig3/trunk/build/ivy/lib/Pig/hsqldb-1.8.0.10.jar
67126000-6715c000 r--s 00316000 fd:02 7606276    /home/kaituo/code/pig3/trunk/build/ivy/lib/Pig/hive-exec-0.8.0.jar
6715c000-67179000 r--s 00204000 fd:02 7606273    /home/kaituo/code/pig3/trunk/build/ivy/lib/Pig/hbase-0.90.0.jar
67179000-671ad000 r--s 0035e000 fd:02 7606301    /home/kaituo/code/pig3/trunk/build/ivy/lib/Pig/hadoop-core-1.0.0.jar
671ad000-671ae000 ---p 00000000 00:00 0 
671ae000-6722e000 rw-p 00000000 00:00 0          [stack:3857]
6722e000-67231000 ---p 00000000 00:00 0 
67231000-6727f000 rw-p 00000000 00:00 0          [stack:3856]
6727f000-67282000 ---p 00000000 00:00 0 
67282000-67300000 rw-p 00000000 00:00 0          [stack:3855]
67300000-673ff000 rw-p 00000000 00:00 0 
673ff000-67400000 ---p 00000000 00:00 0 
67401000-6740c000 r--s 000cf000 fd:02 7606323    /home/kaituo/code/pig3/trunk/build/ivy/lib/Pig/hbase-0.90.0-tests.jar
6740c000-6742e000 r--s 00248000 fd:02 7606279    /home/kaituo/code/pig3/trunk/build/ivy/lib/Pig/hadoop-test-1.0.0.jar
6742e000-67431000 ---p 00000000 00:00 0 
67431000-674af000 rw-p 00000000 00:00 0          [stack:3854]
674af000-674b2000 ---p 00000000 00:00 0 
674b2000-67500000 rw-p 00000000 00:00 0          [stack:3853]
67500000-67700000 r--p 00000000 fd:01 161903     /usr/lib/locale/locale-archive
67700000-677fe000 rw-p 00000000 00:00 0 
677fe000-67800000 ---p 00000000 00:00 0 
67800000-67821000 rw-p 00000000 00:00 0 
67821000-67900000 ---p 00000000 00:00 0 
67900000-67a00000 rw-p 00000000 00:00 0 
67a03000-67a08000 r--s 00044000 fd:02 7606316    /home/kaituo/code/pig3/trunk/build/ivy/lib/Pig/javacc.jar
67a08000-67a28000 r--s 00173000 fd:02 7606278    /home/kaituo/code/pig3/trunk/build/ivy/lib/Pig/guava-11.0.jar
67a28000-67a4b000 r--s 00344000 fd:02 7606314    /home/kaituo/code/pig3/trunk/build/ivy/lib/Pig/core-3.1.1.jar
67a4b000-67a4c000 ---p 00000000 00:00 0 
67a4c000-67b14000 rw-p 00000000 00:00 0          [stack:3850]
67b14000-67cc0000 r--s 03e64000 fd:01 1972272    /usr/lib/jvm/java-1.7.0-openjdk-1.7.0.6/jre/lib/rt.jar
67cc0000-6ac00000 rw-p 00000000 00:00 0 
6ac00000-6acfd000 rw-p 00000000 00:00 0 
6acfd000-6ad00000 ---p 00000000 00:00 0 
6ad00000-6ad04000 r--s 00032000 fd:02 7606291    /home/kaituo/code/pig3/trunk/build/ivy/lib/Pig/jdeb-0.8.jar
6ad04000-6ad09000 r--s 00044000 fd:02 7606298    /home/kaituo/code/pig3/trunk/build/ivy/lib/Pig/javacc-4.2.jar
6ad09000-6ad0a000 r--s 00007000 fd:02 7606313    /home/kaituo/code/pig3/trunk/build/ivy/lib/Pig/ftpserver-deprecated-1.0.0-M2.jar
6ad0a000-6ad10000 r--s 0003d000 fd:02 7606339    /home/kaituo/code/pig3/trunk/build/ivy/lib/Pig/ftpserver-core-1.0.0.jar
6ad10000-6ad15000 r--s 00028000 fd:02 7606336    /home/kaituo/code/pig3/trunk/build/ivy/lib/Pig/commons-net-1.4.1.jar
6ad15000-6ad17000 r--s 0000d000 fd:02 7606302    /home/kaituo/code/pig3/trunk/build/ivy/lib/Pig/commons-logging-1.1.1.jar
6ad17000-6ad1b000 r--s 0003c000 fd:02 7606333    /home/kaituo/code/pig3/trunk/build/ivy/lib/Pig/commons-lang-2.4.jar
6ad1b000-6ad20000 r--s 00040000 fd:02 7606328    /home/kaituo/code/pig3/trunk/build/ivy/lib/Pig/commons-httpclient-3.0.1.jar
6ad20000-6ad2e000 r--s 0007f000 fd:02 7606315    /home/kaituo/code/pig3/trunk/build/ivy/lib/Pig/commons-collections-3.2.1.jar
6ad2e000-6ad31000 ---p 00000000 00:00 0 
6ad31000-6ad7f000 rw-p 00000000 00:00 0          [stack:3852]
6ad7f000-6ad80000 ---p 00000000 00:00 0 
6ad80000-6ae00000 rw-p 00000000 00:00 0          [stack:3849]
6ae00000-6ae21000 rw-p 00000000 00:00 0 
6ae21000-6af00000 ---p 00000000 00:00 0 
6af00000-6af21000 rw-p 00000000 00:00 0 
6af21000-6b000000 ---p 00000000 00:00 0 
6b000000-6b003000 r--s 00019000 fd:02 7606305    /home/kaituo/code/pig3/trunk/build/ivy/lib/Pig/commons-el-1.0.jar
6b003000-6b007000 r--s 00020000 fd:02 7606311    /home/kaituo/code/pig3/trunk/build/ivy/lib/Pig/commons-digester-1.8.jar
6b007000-6b00b000 r--s 0002f000 fd:02 7606297    /home/kaituo/code/pig3/trunk/build/ivy/lib/Pig/commons-beanutils-core-1.8.0.jar
6b00b000-6b010000 r--s 0002a000 fd:02 7606338    /home/kaituo/code/pig3/trunk/build/ivy/lib/Pig/commons-beanutils-1.7.0.jar
6b010000-6b016000 r--s 0003b000 fd:02 7606292    /home/kaituo/code/pig3/trunk/build/ivy/lib/Pig/avro-1.5.3.jar
6b016000-6b01b000 r--s 00027000 fd:02 7606283    /home/kaituo/code/pig3/trunk/build/ivy/lib/Pig/automaton-1.11-8.jar
6b01b000-6b01f000 r--s 00025000 fd:02 7606322    /home/kaituo/code/pig3/trunk/build/ivy/lib/Pig/antlr-runtime-3.4.jar
6b01f000-6b02e000 r--s 000ee000 fd:02 7606282    /home/kaituo/code/pig3/trunk/build/ivy/lib/Pig/ant-1.6.5.jar
6b02e000-6b031000 ---p 00000000 00:00 0 
6b031000-6b07f000 rw-p 00000000 00:00 0          [stack:3851]
6b07f000-6b080000 ---p 00000000 00:00 0 
6b080000-6b100000 rw-p 00000000 00:00 0          [stack:3848]
6b100000-6b121000 rw-p 00000000 00:00 0 
6b121000-6b200000 ---p 00000000 00:00 0 
6b200000-6b203000 r--s 00014000 fd:01 1972255    /usr/lib/jvm/java-1.7.0-openjdk-1.7.0.6/jre/lib/jce.jar
6b203000-6b20e000 r--s 00105000 fd:02 7606309    /home/kaituo/code/pig3/trunk/build/ivy/lib/Pig/antlr-3.4.jar
6b20e000-6b217000 r--s 00066000 fd:01 1972158    /usr/lib/jvm/java-1.7.0-openjdk-1.7.0.6/jre/lib/ext/gnome-java-bridge.jar
6b217000-6b218000 ---p 00000000 00:00 0 
6b218000-6b298000 rw-p 00000000 00:00 0          [stack:3847]
6b298000-6b299000 ---p 00000000 00:00 0 
6b299000-6b321000 rw-p 00000000 00:00 0          [stack:3846]
6b321000-6b359000 rw-p 00000000 00:00 0 
6b359000-6b36f000 rw-p 00000000 00:00 0 
6b36f000-6b4af000 rw-p 00000000 00:00 0 
6b4af000-6b4b7000 rw-p 00000000 00:00 0 
6b4b7000-6b4ef000 rw-p 00000000 00:00 0 
6b4ef000-6b505000 rw-p 00000000 00:00 0 
6b505000-6b644000 rw-p 00000000 00:00 0 
6b644000-6b658000 rw-p 00000000 00:00 0 
6b658000-6b6ef000 rw-p 00000000 00:00 0 
6b6ef000-6c6f0000 rw-p 00000000 00:00 0 
6c6f0000-736f0000 rw-p 00000000 00:00 0 
736f0000-761a0000 rw-p 00000000 00:00 0 
761a0000-9e1a0000 rw-p 00000000 00:00 0 
9e1a0000-a0700000 rw-p 00000000 00:00 0 
a0700000-b36f0000 rw-p 00000000 00:00 0 
b36f1000-b36f2000 r-xp 00000000 fd:01 1972214    /usr/lib/jvm/java-1.7.0-openjdk-1.7.0.6/jre/lib/i386/libjaas_unix.so
b36f2000-b36f3000 rw-p 00000000 fd:01 1972214    /usr/lib/jvm/java-1.7.0-openjdk-1.7.0.6/jre/lib/i386/libjaas_unix.so
b36f3000-b36fc000 rw-p 00000000 00:00 0 
b36fc000-b37b3000 rw-p 00000000 00:00 0 
b37b3000-b39f3000 rwxp 00000000 00:00 0 
b39f3000-b67b3000 rw-p 00000000 00:00 0 
b67b3000-b67be000 r-xp 00000000 fd:01 156771     /usr/lib/libnss_files-2.15.so
b67be000-b67bf000 r--p 0000a000 fd:01 156771     /usr/lib/libnss_files-2.15.so
b67bf000-b67c0000 rw-p 0000b000 fd:01 156771     /usr/lib/libnss_files-2.15.so
b67c0000-b67c2000 r--s 00011000 fd:02 7606318    /home/kaituo/code/pig3/trunk/build/ivy/lib/Pig/jasper-runtime-5.5.12.jar
b67c2000-b67c8000 r--s 00043000 fd:02 7606310    /home/kaituo/code/pig3/trunk/build/ivy/lib/Pig/commons-configuration-1.6.jar
b67c8000-b67d0000 r-xp 00000000 fd:01 1972238    /usr/lib/jvm/java-1.7.0-openjdk-1.7.0.6/jre/lib/i386/libzip.so
b67d0000-b67d1000 rw-p 00008000 fd:01 1972238    /usr/lib/jvm/java-1.7.0-openjdk-1.7.0.6/jre/lib/i386/libzip.so
b67d1000-b67d9000 rw-s 00000000 fd:01 405381     /tmp/hsperfdata_kaituo/3839
b67d9000-b67ff000 r-xp 00000000 fd:01 1972215    /usr/lib/jvm/java-1.7.0-openjdk-1.7.0.6/jre/lib/i386/libjava.so
b67ff000-b6800000 rw-p 00026000 fd:01 1972215    /usr/lib/jvm/java-1.7.0-openjdk-1.7.0.6/jre/lib/i386/libjava.so
b6800000-b68fd000 rw-p 00000000 00:00 0 
b68fd000-b6900000 ---p 00000000 00:00 0 
b6901000-b6903000 r--s 00004000 fd:02 7606337    /home/kaituo/code/pig3/trunk/build/ivy/lib/Pig/ftplet-api-1.0.0.jar
b6903000-b6908000 r--s 00068000 fd:02 7606331    /home/kaituo/code/pig3/trunk/build/ivy/lib/Pig/antlr-2.7.7.jar
b6908000-b690b000 ---p 00000000 00:00 0 
b690b000-b6959000 rw-p 00000000 00:00 0          [stack:3843]
b6959000-b6982000 r-xp 00000000 fd:01 136350     /usr/lib/libm-2.15.so
b6982000-b6983000 r--p 00028000 fd:01 136350     /usr/lib/libm-2.15.so
b6983000-b6984000 rw-p 00029000 fd:01 136350     /usr/lib/libm-2.15.so
b6984000-b7275000 r-xp 00000000 fd:01 1972242    /usr/lib/jvm/java-1.7.0-openjdk-1.7.0.6/jre/lib/i386/server/libjvm.so
b7275000-b72d0000 rw-p 008f0000 fd:01 1972242    /usr/lib/jvm/java-1.7.0-openjdk-1.7.0.6/jre/lib/i386/server/libjvm.so
b72d0000-b76ed000 rw-p 00000000 00:00 0 
b76ed000-b76ef000 r--s 0000d000 fd:02 7606329    /home/kaituo/code/pig3/trunk/build/ivy/lib/Pig/commons-codec-1.4.jar
b76ef000-b76f1000 r--s 00009000 fd:02 7606326    /home/kaituo/code/pig3/trunk/build/ivy/lib/Pig/commons-cli-1.2.jar
b76f1000-b76f5000 r--s 00036000 fd:02 7606325    /home/kaituo/code/pig3/trunk/build/ivy/lib/Pig/ST4-4.0.4.jar
b76f5000-b76f8000 r--s 0000f000 fd:01 1972161    /usr/lib/jvm/java-1.7.0-openjdk-1.7.0.6/jre/lib/ext/pulse-java.jar
b76f8000-b76f9000 rw-p 00000000 00:00 0 
b76f9000-b76fa000 r--p 00000000 00:00 0 
b76fa000-b7705000 r-xp 00000000 fd:01 1972237    /usr/lib/jvm/java-1.7.0-openjdk-1.7.0.6/jre/lib/i386/libverify.so
b7705000-b7706000 rw-p 0000a000 fd:01 1972237    /usr/lib/jvm/java-1.7.0-openjdk-1.7.0.6/jre/lib/i386/libverify.so
b7706000-b7707000 rw-p 00000000 00:00 0 
b7707000-b7708000 r-xp 00000000 00:00 0          [vdso]
bfc40000-bfc62000 rw-p 00000000 00:00 0          [stack]

VM Arguments:
jvm_args: -Dfile.encoding=UTF-8 
java_command: org.eclipse.jdt.internal.junit.runner.RemoteTestRunner -version 3 -port 43606 -testLoaderClass org.eclipse.jdt.internal.junit4.runner.JUnit4TestLoader -loaderpluginname org.eclipse.jdt.junit4.runtime -classNames edu.umass.cs.pig.test.pigmix.TestExGen4PigMixReal2
Launcher Type: SUN_STANDARD

Environment Variables:
JAVA_HOME=/usr/lib/jvm/java-1.7.0-openjdk-1.7.0.5
PATH=/home/kaituo/perl5/bin:/home/kaituo/perl5/perlbrew/bin:/home/kaituo/perl5/perlbrew/perls/perl-5.16.0/bin:/usr/lib/ccache:/usr/local/bin:/usr/bin:/bin:/usr/local/sbin:/usr/sbin:/home/kaituo/.local/bin:/home/kaituo/bin:/home/kaituo/Downloads/pig-0.9.2/bin
USERNAME=kaituo
LD_LIBRARY_PATH=.
SHELL=/bin/bash
DISPLAY=:0.0

Signal Handlers:
SIGSEGV: [libjvm.so+0x729e90], sa_mask[0]=0x7ffbfeff, sa_flags=0x10000004
SIGBUS: [libjvm.so+0x729e90], sa_mask[0]=0x7ffbfeff, sa_flags=0x10000004
SIGFPE: [libjvm.so+0x5d35f0], sa_mask[0]=0x7ffbfeff, sa_flags=0x10000004
SIGPIPE: [libjvm.so+0x5d35f0], sa_mask[0]=0x7ffbfeff, sa_flags=0x10000004
SIGXFSZ: [libjvm.so+0x5d35f0], sa_mask[0]=0x7ffbfeff, sa_flags=0x10000004
SIGILL: [libjvm.so+0x5d35f0], sa_mask[0]=0x7ffbfeff, sa_flags=0x10000004
SIGUSR1: SIG_DFL, sa_mask[0]=0x00000000, sa_flags=0x00000000
SIGUSR2: [libjvm.so+0x5d3490], sa_mask[0]=0x00000004, sa_flags=0x10000004
SIGHUP: [libjvm.so+0x5d38b0], sa_mask[0]=0x7ffbfeff, sa_flags=0x10000004
SIGINT: [libjvm.so+0x5d38b0], sa_mask[0]=0x7ffbfeff, sa_flags=0x10000004
SIGTERM: [libjvm.so+0x5d38b0], sa_mask[0]=0x7ffbfeff, sa_flags=0x10000004
SIGQUIT: [libjvm.so+0x5d38b0], sa_mask[0]=0x7ffbfeff, sa_flags=0x10000004


---------------  S Y S T E M  ---------------

OS:Fedora release 17 (Beefy Miracle)

uname:Linux 3.5.4-1.fc17.i686.PAE #1 SMP Mon Sep 17 15:19:42 UTC 2012 i686
libc:glibc 2.15 NPTL 2.15 
rlimit: STACK 8192k, CORE 0k, NPROC 1024, NOFILE 4096, AS infinity
load average:1.22 1.18 0.99

/proc/meminfo:
MemTotal:        6067140 kB
MemFree:         3836964 kB
Buffers:          208972 kB
Cached:          1072944 kB
SwapCached:            0 kB
Active:          1355896 kB
Inactive:         706576 kB
Active(anon):     781992 kB
Inactive(anon):     3316 kB
Active(file):     573904 kB
Inactive(file):   703260 kB
Unevictable:           0 kB
Mlocked:               0 kB
HighTotal:       5241780 kB
HighFree:        3363512 kB
LowTotal:         825360 kB
LowFree:          473452 kB
SwapTotal:       5177340 kB
SwapFree:        5177340 kB
Dirty:               424 kB
Writeback:             0 kB
AnonPages:        780800 kB
Mapped:           140808 kB
Shmem:              4640 kB
Slab:             113580 kB
SReclaimable:      82308 kB
SUnreclaim:        31272 kB
KernelStack:        2824 kB
PageTables:         8760 kB
NFS_Unstable:          0 kB
Bounce:                0 kB
WritebackTmp:          0 kB
CommitLimit:     8210908 kB
Committed_AS:    2338876 kB
VmallocTotal:     122880 kB
VmallocUsed:       27116 kB
VmallocChunk:      92712 kB
HardwareCorrupted:     0 kB
AnonHugePages:    458752 kB
HugePages_Total:       0
HugePages_Free:        0
HugePages_Rsvd:        0
HugePages_Surp:        0
Hugepagesize:       2048 kB
DirectMap4k:       10232 kB
DirectMap2M:      897024 kB


CPU:total 4 (2 cores per cpu, 2 threads per core) family 6 model 37 stepping 5, cmov, cx8, fxsr, mmx, sse, sse2, sse3, ssse3, sse4.1, sse4.2, popcnt, ht, tsc, tscinvbit

/proc/cpuinfo:
processor	: 0
vendor_id	: GenuineIntel
cpu family	: 6
model		: 37
model name	: Intel(R) Core(TM) i5 CPU       M 450  @ 2.40GHz
stepping	: 5
microcode	: 0x3
cpu MHz		: 1199.000
cache size	: 3072 KB
physical id	: 0
siblings	: 4
core id		: 0
cpu cores	: 2
apicid		: 0
initial apicid	: 0
fdiv_bug	: no
hlt_bug		: no
f00f_bug	: no
coma_bug	: no
fpu		: yes
fpu_exception	: yes
cpuid level	: 11
wp		: yes
flags		: fpu vme de pse tsc msr pae mce cx8 apic sep mtrr pge mca cmov pat pse36 clflush dts acpi mmx fxsr sse sse2 ss ht tm pbe nx rdtscp lm constant_tsc arch_perfmon pebs bts xtopology nonstop_tsc aperfmperf pni dtes64 monitor ds_cpl vmx est tm2 ssse3 cx16 xtpr pdcm pcid sse4_1 sse4_2 popcnt lahf_lm ida arat dtherm tpr_shadow vnmi flexpriority ept vpid
bogomips	: 4787.90
clflush size	: 64
cache_alignment	: 64
address sizes	: 36 bits physical, 48 bits virtual
power management:

processor	: 1
vendor_id	: GenuineIntel
cpu family	: 6
model		: 37
model name	: Intel(R) Core(TM) i5 CPU       M 450  @ 2.40GHz
stepping	: 5
microcode	: 0x3
cpu MHz		: 2400.000
cache size	: 3072 KB
physical id	: 0
siblings	: 4
core id		: 2
cpu cores	: 2
apicid		: 4
initial apicid	: 4
fdiv_bug	: no
hlt_bug		: no
f00f_bug	: no
coma_bug	: no
fpu		: yes
fpu_exception	: yes
cpuid level	: 11
wp		: yes
flags		: fpu vme de pse tsc msr pae mce cx8 apic sep mtrr pge mca cmov pat pse36 clflush dts acpi mmx fxsr sse sse2 ss ht tm pbe nx rdtscp lm constant_tsc arch_perfmon pebs bts xtopology nonstop_tsc aperfmperf pni dtes64 monitor ds_cpl vmx est tm2 ssse3 cx16 xtpr pdcm pcid sse4_1 sse4_2 popcnt lahf_lm ida arat dtherm tpr_shadow vnmi flexpriority ept vpid
bogomips	: 4787.90
clflush size	: 64
cache_alignment	: 64
address sizes	: 36 bits physical, 48 bits virtual
power management:

processor	: 2
vendor_id	: GenuineIntel
cpu family	: 6
model		: 37
model name	: Intel(R) Core(TM) i5 CPU       M 450  @ 2.40GHz
stepping	: 5
microcode	: 0x3
cpu MHz		: 2400.000
cache size	: 3072 KB
physical id	: 0
siblings	: 4
core id		: 0
cpu cores	: 2
apicid		: 1
initial apicid	: 1
fdiv_bug	: no
hlt_bug		: no
f00f_bug	: no
coma_bug	: no
fpu		: yes
fpu_exception	: yes
cpuid level	: 11
wp		: yes
flags		: fpu vme de pse tsc msr pae mce cx8 apic sep mtrr pge mca cmov pat pse36 clflush dts acpi mmx fxsr sse sse2 ss ht tm pbe nx rdtscp lm constant_tsc arch_perfmon pebs bts xtopology nonstop_tsc aperfmperf pni dtes64 monitor ds_cpl vmx est tm2 ssse3 cx16 xtpr pdcm pcid sse4_1 sse4_2 popcnt lahf_lm ida arat dtherm tpr_shadow vnmi flexpriority ept vpid
bogomips	: 4787.90
clflush size	: 64
cache_alignment	: 64
address sizes	: 36 bits physical, 48 bits virtual
power management:

processor	: 3
vendor_id	: GenuineIntel
cpu family	: 6
model		: 37
model name	: Intel(R) Core(TM) i5 CPU       M 450  @ 2.40GHz
stepping	: 5
microcode	: 0x3
cpu MHz		: 1199.000
cache size	: 3072 KB
physical id	: 0
siblings	: 4
core id		: 2
cpu cores	: 2
apicid		: 5
initial apicid	: 5
fdiv_bug	: no
hlt_bug		: no
f00f_bug	: no
coma_bug	: no
fpu		: yes
fpu_exception	: yes
cpuid level	: 11
wp		: yes
flags		: fpu vme de pse tsc msr pae mce cx8 apic sep mtrr pge mca cmov pat pse36 clflush dts acpi mmx fxsr sse sse2 ss ht tm pbe nx rdtscp lm constant_tsc arch_perfmon pebs bts xtopology nonstop_tsc aperfmperf pni dtes64 monitor ds_cpl vmx est tm2 ssse3 cx16 xtpr pdcm pcid sse4_1 sse4_2 popcnt lahf_lm ida arat dtherm tpr_shadow vnmi flexpriority ept vpid
bogomips	: 4787.90
clflush size	: 64
cache_alignment	: 64
address sizes	: 36 bits physical, 48 bits virtual
power management:



Memory: 4k page, physical 6067140k(3836964k free), swap 5177340k(5177340k free)

vm_info: OpenJDK Server VM (23.2-b09) for linux-x86 JRE (1.7.0_06-icedtea-mockbuild_2012_08_31_14_28-b00), built on Aug 31 2012 14:34:19 by "mockbuild" with gcc 4.7.0 20120507 (Red Hat 4.7.0-5)

time: Thu Oct  4 15:24:18 2012
elapsed time: 15 seconds

