#
# A fatal error has been detected by the Java Runtime Environment:
#
#  SIGSEGV (0xb) at pc=0x651dfd0a, pid=6536, tid=3064081216
#
# JRE version: 7.0_06
# Java VM: OpenJDK Server VM (23.2-b09 mixed mode linux-x86 )
# Problematic frame:
# C  [libz3.so+0x59dd0a]  unsigned int ast_array_hash<sort>(sort* const*, unsigned int, unsigned int)+0x19a
#
# Failed to write core dump. Core dumps have been disabled. To enable core dumping, try "ulimit -c unlimited" before starting Java again
#
# If you would like to submit a bug report, please include
# instructions on how to reproduce the bug and visit:
#   http://icedtea.classpath.org/bugzilla
# The crash happened outside the Java Virtual Machine in native code.
# See problematic frame for where to report the bug.
#

---------------  T H R E A D  ---------------

Current thread (0xb680a000):  JavaThread "main" [_thread_in_native, id=6543, stack(0xb69d2000,0xb6a23000)]

siginfo:si_signo=SIGSEGV: si_errno=0, si_code=1 (SEGV_MAPERR), si_addr=0x0000000c

Registers:
EAX=0xbd2a6510, EBX=0x65f413f4, ECX=0x00000001, EDX=0x00000000
ESP=0xb6a20ec0, EBP=0x65f23c1c, ESI=0x65f413d4, EDI=0x65f413f4
EIP=0x651dfd0a, EFLAGS=0x00210246, CR2=0x0000000c

Top of Stack: (sp=0xb6a20ec0)
0xb6a20ec0:   65f413f4 65f413d4 65f49410 651ced7e
0xb6a20ed0:   65f413f4 00000001 bd2a6510 b6a20fe8
0xb6a20ee0:   b6a20fc0 00000000 65f413d4 651cfa50
0xb6a20ef0:   65f413d4 42ee4115 b6a20f78 66d8d344
0xb6a20f00:   b6a20f80 65f125b4 00000000 00000000
0xb6a20f10:   00000005 00000000 00000001 65f12458
0xb6a20f20:   b6e54718 b6807d38 b35f998e 00000000
0xb6a20f30:   00000001 66d9bd21 b68090c8 b680a2c0 

Instructions: (pc=0x651dfd0a)
0x651dfcea:   08 31 c1 29 ca 89 d0 c1 e0 10 31 c8 29 d0 c1 e2
0x651dfcfa:   0a 31 d0 5b 5e 5f c3 8d b4 26 00 00 00 00 8b 17
0x651dfd0a:   8b 4a 0c 89 c2 89 c8 29 ca c1 e0 08 31 c2 29 d1
0x651dfd1a:   89 c8 c1 e0 10 31 d0 29 c8 c1 e1 0a 31 c8 5b 5e 

Register to memory mapping:

EAX=0xbd2a6510 is an unknown value
EBX=0x65f413f4 is an unknown value
ECX=0x00000001 is an unknown value
EDX=0x00000000 is an unknown value
ESP=0xb6a20ec0 is pointing into the stack for thread: 0xb680a000
EBP=0x65f23c1c is an unknown value
ESI=0x65f413d4 is an unknown value
EDI=0x65f413f4 is an unknown value


Stack: [0xb69d2000,0xb6a23000],  sp=0xb6a20ec0,  free space=315k
Native frames: (J=compiled Java code, j=interpreted, Vv=VM code, C=native code)
C  [libz3.so+0x59dd0a]  unsigned int ast_array_hash<sort>(sort* const*, unsigned int, unsigned int)+0x19a

Java frames: (J=compiled Java code, j=interpreted, Vv=VM code)
j  edu.umass.cs.z3.Z3JNI.Z3_mk_func_decl(JJJJJ)J+0
j  edu.umass.cs.z3.Z3.Z3_mk_func_decl(Ledu/umass/cs/z3/SWIGTYPE_p__Z3_context;Ledu/umass/cs/z3/SWIGTYPE_p__Z3_symbol;JLedu/umass/cs/z3/SWIGTYPE_p_p__Z3_sort;Ledu/umass/cs/z3/SWIGTYPE_p__Z3_sort;)Ledu/umass/cs/z3/SWIGTYPE_p__Z3_func_decl;+19
j  edu.umass.cs.pig.z3.Z3Context.mk_func_decl(Ledu/umass/cs/z3/SWIGTYPE_p__Z3_symbol;JLedu/umass/cs/z3/SWIGTYPE_p_p__Z3_sort;Ledu/umass/cs/z3/SWIGTYPE_p__Z3_sort;)Ledu/umass/cs/z3/SWIGTYPE_p__Z3_func_decl;+16
j  edu.umass.cs.pig.z3.Z3Context.mk_func_decl2(Ledu/umass/cs/z3/SWIGTYPE_p__Z3_symbol;Ledu/umass/cs/z3/SWIGTYPE_p__Z3_sort;[Ledu/umass/cs/z3/SWIGTYPE_p__Z3_sort;)Ledu/umass/cs/z3/SWIGTYPE_p__Z3_func_decl;+49
j  edu.umass.cs.userfunc.UninterpretedMaker.toUninterpFunc()Ledu/umass/cs/z3/SWIGTYPE_p__Z3_ast;+34
j  edu.umass.cs.pig.vm.ConstraintSolver.GenerateMatchingTupleHelper(Lorg/apache/pig/newplan/logical/expression/UserFuncExpression;Z)Ledu/umass/cs/pig/ast/ConstraintResult;+76
j  edu.umass.cs.pig.vm.ConstraintSolver.GenerateMatchingTupleHelper(Lorg/apache/pig/newplan/logical/expression/BinaryExpression;Z)Ledu/umass/cs/pig/ast/ConstraintResult;+229
j  edu.umass.cs.pig.vm.ConstraintSolver.GenerateMatchingTupleHelper(Lorg/apache/pig/newplan/Operator;Z)Ledu/umass/cs/pig/ast/ConstraintResult;+15
j  edu.umass.cs.pig.vm.ConstraintSolver.GenerateMatchingTuple(Lorg/apache/pig/newplan/logical/expression/LogicalExpressionPlan;Z)Ledu/umass/cs/pig/ast/ConstraintResult;+15
j  edu.umass.cs.pig.vm.QueryManager.assertPathCondition(Ljava/util/ArrayList;)Ledu/umass/cs/pig/vm/AssertionResult;+47
j  edu.umass.cs.pig.vm.QueryManager.solve(Ljava/util/ArrayList;)Ledu/umass/cs/pig/z3/ConstraintSolution;+18
j  edu.umass.cs.pig.vm.ComputeSolution.compute(Ljava/util/ArrayList;Lorg/apache/pig/data/DataBag;Ledu/umass/cs/pig/vm/QueryManager;Lorg/apache/pig/newplan/logical/relational/LogicalSchema;Lorg/apache/pig/data/DataBag;Lorg/apache/pig/data/DataBag;Ljava/util/Map;Ljava/util/Map;Ljava/util/Map;Ljava/util/List;)V+359
j  org.apache.pig.pen.InvertConstraintVisitor.visit(Lorg/apache/pig/newplan/logical/relational/LOLoad;)V+171
j  org.apache.pig.newplan.logical.relational.LOLoad.accept(Lorg/apache/pig/newplan/PlanVisitor;)V+26
j  org.apache.pig.pen.util.PreOrderDepthFirstWalker.depthFirst(Lorg/apache/pig/newplan/Operator;Ljava/util/Collection;Ljava/util/Set;Lorg/apache/pig/newplan/PlanVisitor;)V+55
j  org.apache.pig.pen.util.PreOrderDepthFirstWalker.depthFirst(Lorg/apache/pig/newplan/Operator;Ljava/util/Collection;Ljava/util/Set;Lorg/apache/pig/newplan/PlanVisitor;)V+93
j  org.apache.pig.pen.util.PreOrderDepthFirstWalker.depthFirst(Lorg/apache/pig/newplan/Operator;Ljava/util/Collection;Ljava/util/Set;Lorg/apache/pig/newplan/PlanVisitor;)V+93
j  org.apache.pig.pen.util.PreOrderDepthFirstWalker.depthFirst(Lorg/apache/pig/newplan/Operator;Ljava/util/Collection;Ljava/util/Set;Lorg/apache/pig/newplan/PlanVisitor;)V+93
j  org.apache.pig.pen.util.PreOrderDepthFirstWalker.depthFirst(Lorg/apache/pig/newplan/Operator;Ljava/util/Collection;Ljava/util/Set;Lorg/apache/pig/newplan/PlanVisitor;)V+93
j  org.apache.pig.pen.util.PreOrderDepthFirstWalker.walk(Lorg/apache/pig/newplan/PlanVisitor;)V+23
j  org.apache.pig.newplan.PlanVisitor.visit()V+5
j  org.apache.pig.pen.ExampleGenerator.getExamples2()Ljava/util/Map;+573
j  org.apache.pig.PigServer.getExamples2(Ljava/lang/String;)Ljava/util/Map;+84
j  edu.umass.cs.pig.test.pigmix.TestExGen4PigMixReal2.testScript5()V+126
v  ~StubRoutines::call_stub
j  sun.reflect.NativeMethodAccessorImpl.invoke0(Ljava/lang/reflect/Method;Ljava/lang/Object;[Ljava/lang/Object;)Ljava/lang/Object;+0
j  sun.reflect.NativeMethodAccessorImpl.invoke(Ljava/lang/Object;[Ljava/lang/Object;)Ljava/lang/Object;+87
j  sun.reflect.DelegatingMethodAccessorImpl.invoke(Ljava/lang/Object;[Ljava/lang/Object;)Ljava/lang/Object;+6
j  java.lang.reflect.Method.invoke(Ljava/lang/Object;[Ljava/lang/Object;)Ljava/lang/Object;+57
j  org.junit.runners.model.FrameworkMethod$1.runReflectiveCall()Ljava/lang/Object;+15
j  org.junit.internal.runners.model.ReflectiveCallable.run()Ljava/lang/Object;+1
j  org.junit.runners.model.FrameworkMethod.invokeExplosively(Ljava/lang/Object;[Ljava/lang/Object;)Ljava/lang/Object;+10
j  org.junit.internal.runners.statements.InvokeMethod.evaluate()V+12
j  org.junit.internal.runners.statements.RunBefores.evaluate()V+49
j  org.junit.internal.runners.statements.RunAfters.evaluate()V+18
j  org.junit.runners.BlockJUnit4ClassRunner.runChild(Lorg/junit/runners/model/FrameworkMethod;Lorg/junit/runner/notification/RunNotifier;)V+31
j  org.junit.runners.BlockJUnit4ClassRunner.runChild(Ljava/lang/Object;Lorg/junit/runner/notification/RunNotifier;)V+6
j  org.junit.runners.ParentRunner.runChildren(Lorg/junit/runner/notification/RunNotifier;)V+29
j  org.junit.runners.ParentRunner.access$000(Lorg/junit/runners/ParentRunner;Lorg/junit/runner/notification/RunNotifier;)V+2
j  org.junit.runners.ParentRunner$1.evaluate()V+8
j  org.junit.internal.runners.statements.RunBefores.evaluate()V+49
j  org.junit.internal.runners.statements.RunAfters.evaluate()V+18
j  org.junit.runners.ParentRunner.run(Lorg/junit/runner/notification/RunNotifier;)V+20
j  org.eclipse.jdt.internal.junit4.runner.JUnit4TestReference.run(Lorg/eclipse/jdt/internal/junit/runner/TestExecution;)V+72
j  org.eclipse.jdt.internal.junit.runner.TestExecution.run([Lorg/eclipse/jdt/internal/junit/runner/ITestReference;)V+17
j  org.eclipse.jdt.internal.junit.runner.RemoteTestRunner.runTests([Ljava/lang/String;Ljava/lang/String;Lorg/eclipse/jdt/internal/junit/runner/TestExecution;)V+61
j  org.eclipse.jdt.internal.junit.runner.RemoteTestRunner.runTests(Lorg/eclipse/jdt/internal/junit/runner/TestExecution;)V+10
j  org.eclipse.jdt.internal.junit.runner.RemoteTestRunner.run()V+70
j  org.eclipse.jdt.internal.junit.runner.RemoteTestRunner.main([Ljava/lang/String;)V+14
v  ~StubRoutines::call_stub

---------------  P R O C E S S  ---------------

Java Threads: ( => current thread )
  0x66e70c00 JavaThread "ReaderThread" [_thread_in_native, id=6566, stack(0x66daf000,0x66e00000)]
  0x6740c000 JavaThread "Service Thread" daemon [_thread_blocked, id=6564, stack(0x6720b000,0x6725c000)]
  0x6740a000 JavaThread "C2 CompilerThread1" daemon [_thread_in_native, id=6563, stack(0x6725c000,0x672dd000)]
  0x67408000 JavaThread "C2 CompilerThread0" daemon [_thread_blocked, id=6562, stack(0x672dd000,0x6735e000)]
  0x67600800 JavaThread "JDWP Command Reader" daemon [_thread_in_native, id=6559, stack(0x6735e000,0x673af000)]
  0x67406800 JavaThread "JDWP Event Helper Thread" daemon [_thread_blocked, id=6558, stack(0x673af000,0x67400000)]
  0x67403c00 JavaThread "JDWP Transport Listener: dt_socket" daemon [_thread_blocked, id=6555, stack(0x6750d000,0x6755e000)]
  0x678fa000 JavaThread "Signal Dispatcher" daemon [_thread_blocked, id=6552, stack(0x6755e000,0x675af000)]
  0x678b8800 JavaThread "Finalizer" daemon [_thread_blocked, id=6551, stack(0x675af000,0x67600000)]
  0x678b5c00 JavaThread "Reference Handler" daemon [_thread_blocked, id=6550, stack(0x6ac2e000,0x6ac7f000)]
=>0xb680a000 JavaThread "main" [_thread_in_native, id=6543, stack(0xb69d2000,0xb6a23000)]

Other Threads:
  0x678b0400 VMThread [stack: 0x6794b000,0x679cc000] [id=6549]
  0x6740e000 WatcherThread [stack: 0x6718a000,0x6720b000] [id=6565]

VM state:not at safepoint (normal execution)

VM Mutex/Monitor currently owned by a thread: None

Heap
 PSYoungGen      total 137344K, used 109018K [0x9dfa0000, 0xa6be0000, 0xb34f0000)
  eden space 131584K, 80% used [0x9dfa0000,0xa467d078,0xa6020000)
  from space 5760K, 63% used [0xa6640000,0xa69d9990,0xa6be0000)
  to   space 6016K, 0% used [0xa6020000,0xa6020000,0xa6600000)
 ParOldGen       total 43712K, used 9310K [0x734f0000, 0x75fa0000, 0x9dfa0000)
  object space 43712K, 21% used [0x734f0000,0x73e079d8,0x75fa0000)
 PSPermGen       total 16384K, used 12093K [0x6b4f0000, 0x6c4f0000, 0x734f0000)
  object space 16384K, 73% used [0x6b4f0000,0x6c0bf4a0,0x6c4f0000)

Card table byte_map: [0x6b2af000,0x6b4f0000] byte_map_base: 0x6af54880

Polling page: 0xb77c3000

Code Cache  [0xb35bd000, 0xb37fd000, 0xb65bd000)
 total_blobs=774 nmethods=606 adapters=128 free_code_cache=47200Kb largest_free_block=48285824

Compilation events (10 events):
Event: 4.749 Thread 0x67408000 nmethod 617 0xb3614208 code [0xb36142e0, 0xb3614310]
Event: 4.770 Thread 0x6740a000  618             java.lang.Integer::valueOf (54 bytes)
Event: 4.771 Thread 0x6740a000 nmethod 618 0xb379df08 code [0xb379e000, 0xb379e0d0]
Event: 4.791 Thread 0x67408000  619             java.util.Collections::sort (52 bytes)
Event: 4.804 Thread 0x6740a000  620             java.io.InputStream::<init> (5 bytes)
Event: 4.805 Thread 0x6740a000 nmethod 620 0xb3795488 code [0xb3795580, 0xb37955f0]
Event: 4.839 Thread 0x6740a000  621   !         java.io.ObjectInputStream$BlockDataInputStream::readBlockHeader (249 bytes)
Event: 4.839 Thread 0x67408000 nmethod 619 0xb37ad688 code [0xb37ad900, 0xb37aeec0]
Event: 4.839 Thread 0x67408000  622             java.io.ObjectInputStream::access$500 (5 bytes)
Event: 4.840 Thread 0x67408000 nmethod 622 0xb3795288 code [0xb3795380, 0xb37953f0]

GC Heap History (10 events):
Event: 2.157 GC heap before
{Heap before GC invocations=4 (full 0):
 PSYoungGen      total 19136K, used 19127K [0x9dfa0000, 0xa0500000, 0xb34f0000)
  eden space 16448K, 100% used [0x9dfa0000,0x9efb0000,0x9efb0000)
  from space 2688K, 99% used [0x9efb0000,0x9f24dd20,0x9f250000)
  to   space 2688K, 0% used [0xa0260000,0xa0260000,0xa0500000)
 ParOldGen       total 43712K, used 1266K [0x734f0000, 0x75fa0000, 0x9dfa0000)
  object space 43712K, 2% used [0x734f0000,0x7362cb88,0x75fa0000)
 PSPermGen       total 16384K, used 11296K [0x6b4f0000, 0x6c4f0000, 0x734f0000)
  object space 16384K, 68% used [0x6b4f0000,0x6bff8160,0x6c4f0000)
Event: 2.167 GC heap after
Heap after GC invocations=4 (full 0):
 PSYoungGen      total 35584K, used 2685K [0x9dfa0000, 0xa0500000, 0xb34f0000)
  eden space 32896K, 0% used [0x9dfa0000,0x9dfa0000,0x9ffc0000)
  from space 2688K, 99% used [0xa0260000,0xa04ff6b0,0xa0500000)
  to   space 2688K, 0% used [0x9ffc0000,0x9ffc0000,0xa0260000)
 ParOldGen       total 43712K, used 3143K [0x734f0000, 0x75fa0000, 0x9dfa0000)
  object space 43712K, 7% used [0x734f0000,0x73801db8,0x75fa0000)
 PSPermGen       total 16384K, used 11296K [0x6b4f0000, 0x6c4f0000, 0x734f0000)
  object space 16384K, 68% used [0x6b4f0000,0x6bff8160,0x6c4f0000)
}
Event: 2.696 GC heap before
{Heap before GC invocations=5 (full 0):
 PSYoungGen      total 35584K, used 35581K [0x9dfa0000, 0xa0500000, 0xb34f0000)
  eden space 32896K, 100% used [0x9dfa0000,0x9ffc0000,0x9ffc0000)
  from space 2688K, 99% used [0xa0260000,0xa04ff6b0,0xa0500000)
  to   space 2688K, 0% used [0x9ffc0000,0x9ffc0000,0xa0260000)
 ParOldGen       total 43712K, used 3143K [0x734f0000, 0x75fa0000, 0x9dfa0000)
  object space 43712K, 7% used [0x734f0000,0x73801db8,0x75fa0000)
 PSPermGen       total 16384K, used 11755K [0x6b4f0000, 0x6c4f0000, 0x734f0000)
  object space 16384K, 71% used [0x6b4f0000,0x6c06ada8,0x6c4f0000)
Event: 2.711 GC heap after
Heap after GC invocations=5 (full 0):
 PSYoungGen      total 35584K, used 2675K [0x9dfa0000, 0xa2d20000, 0xb34f0000)
  eden space 32896K, 0% used [0x9dfa0000,0x9dfa0000,0x9ffc0000)
  from space 2688K, 99% used [0x9ffc0000,0xa025cd58,0xa0260000)
  to   space 6784K, 0% used [0xa2680000,0xa2680000,0xa2d20000)
 ParOldGen       total 43712K, used 7131K [0x734f0000, 0x75fa0000, 0x9dfa0000)
  object space 43712K, 16% used [0x734f0000,0x73be6d60,0x75fa0000)
 PSPermGen       total 16384K, used 11755K [0x6b4f0000, 0x6c4f0000, 0x734f0000)
  object space 16384K, 71% used [0x6b4f0000,0x6c06ada8,0x6c4f0000)
}
Event: 3.065 GC heap before
{Heap before GC invocations=6 (full 0):
 PSYoungGen      total 35584K, used 35571K [0x9dfa0000, 0xa2d20000, 0xb34f0000)
  eden space 32896K, 100% used [0x9dfa0000,0x9ffc0000,0x9ffc0000)
  from space 2688K, 99% used [0x9ffc0000,0xa025cd58,0xa0260000)
  to   space 6784K, 0% used [0xa2680000,0xa2680000,0xa2d20000)
 ParOldGen       total 43712K, used 7131K [0x734f0000, 0x75fa0000, 0x9dfa0000)
  object space 43712K, 16% used [0x734f0000,0x73be6d60,0x75fa0000)
 PSPermGen       total 16384K, used 11810K [0x6b4f0000, 0x6c4f0000, 0x734f0000)
  object space 16384K, 72% used [0x6b4f0000,0x6c078900,0x6c4f0000)
Event: 3.078 GC heap after
Heap after GC invocations=6 (full 0):
 PSYoungGen      total 71936K, used 3637K [0x9dfa0000, 0xa2c80000, 0xb34f0000)
  eden space 65792K, 0% used [0x9dfa0000,0x9dfa0000,0xa1fe0000)
  from space 6144K, 59% used [0xa2680000,0xa2a0d550,0xa2c80000)
  to   space 6464K, 0% used [0xa1fe0000,0xa1fe0000,0xa2630000)
 ParOldGen       total 43712K, used 7135K [0x734f0000, 0x75fa0000, 0x9dfa0000)
  object space 43712K, 16% used [0x734f0000,0x73be7d60,0x75fa0000)
 PSPermGen       total 16384K, used 11810K [0x6b4f0000, 0x6c4f0000, 0x734f0000)
  object space 16384K, 72% used [0x6b4f0000,0x6c078900,0x6c4f0000)
}
Event: 3.648 GC heap before
{Heap before GC invocations=7 (full 0):
 PSYoungGen      total 71936K, used 69429K [0x9dfa0000, 0xa2c80000, 0xb34f0000)
  eden space 65792K, 100% used [0x9dfa0000,0xa1fe0000,0xa1fe0000)
  from space 6144K, 59% used [0xa2680000,0xa2a0d550,0xa2c80000)
  to   space 6464K, 0% used [0xa1fe0000,0xa1fe0000,0xa2630000)
 ParOldGen       total 43712K, used 7135K [0x734f0000, 0x75fa0000, 0x9dfa0000)
  object space 43712K, 16% used [0x734f0000,0x73be7d60,0x75fa0000)
 PSPermGen       total 16384K, used 11915K [0x6b4f0000, 0x6c4f0000, 0x734f0000)
  object space 16384K, 72% used [0x6b4f0000,0x6c092f80,0x6c4f0000)
Event: 3.668 GC heap after
Heap after GC invocations=7 (full 0):
 PSYoungGen      total 72256K, used 3274K [0x9dfa0000, 0xa6c60000, 0xb34f0000)
  eden space 65792K, 0% used [0x9dfa0000,0x9dfa0000,0xa1fe0000)
  from space 6464K, 50% used [0xa1fe0000,0xa2312bf0,0xa2630000)
  to   space 6272K, 0% used [0xa6640000,0xa6640000,0xa6c60000)
 ParOldGen       total 43712K, used 8440K [0x734f0000, 0x75fa0000, 0x9dfa0000)
  object space 43712K, 19% used [0x734f0000,0x73d2e0c0,0x75fa0000)
 PSPermGen       total 16384K, used 11915K [0x6b4f0000, 0x6c4f0000, 0x734f0000)
  object space 16384K, 72% used [0x6b4f0000,0x6c092f80,0x6c4f0000)
}
Event: 4.216 GC heap before
{Heap before GC invocations=8 (full 0):
 PSYoungGen      total 72256K, used 69066K [0x9dfa0000, 0xa6c60000, 0xb34f0000)
  eden space 65792K, 100% used [0x9dfa0000,0xa1fe0000,0xa1fe0000)
  from space 6464K, 50% used [0xa1fe0000,0xa2312bf0,0xa2630000)
  to   space 6272K, 0% used [0xa6640000,0xa6640000,0xa6c60000)
 ParOldGen       total 43712K, used 8440K [0x734f0000, 0x75fa0000, 0x9dfa0000)
  object space 43712K, 19% used [0x734f0000,0x73d2e0c0,0x75fa0000)
 PSPermGen       total 16384K, used 11970K [0x6b4f0000, 0x6c4f0000, 0x734f0000)
  object space 16384K, 73% used [0x6b4f0000,0x6c0a0bf0,0x6c4f0000)
Event: 4.227 GC heap after
Heap after GC invocations=8 (full 0):
 PSYoungGen      total 137344K, used 3686K [0x9dfa0000, 0xa6be0000, 0xb34f0000)
  eden space 131584K, 0% used [0x9dfa0000,0x9dfa0000,0xa6020000)
  from space 5760K, 63% used [0xa6640000,0xa69d9990,0xa6be0000)
  to   space 6016K, 0% used [0xa6020000,0xa6020000,0xa6600000)
 ParOldGen       total 43712K, used 9310K [0x734f0000, 0x75fa0000, 0x9dfa0000)
  object space 43712K, 21% used [0x734f0000,0x73e079d8,0x75fa0000)
 PSPermGen       total 16384K, used 11970K [0x6b4f0000, 0x6c4f0000, 0x734f0000)
  object space 16384K, 73% used [0x6b4f0000,0x6c0a0bf0,0x6c4f0000)
}

Deoptimization events (10 events):
Event: 3.178 Thread 0xb680a000 Uncommon trap -34 fr.pc 0xb3606f88
Event: 3.330 Thread 0xb680a000 Uncommon trap -42 fr.pc 0xb3734420
Event: 3.331 Thread 0xb680a000 Uncommon trap -42 fr.pc 0xb3734420
Event: 3.332 Thread 0xb680a000 Uncommon trap -42 fr.pc 0xb3734420
Event: 3.332 Thread 0xb680a000 Uncommon trap -42 fr.pc 0xb3734420
Event: 3.713 Thread 0xb680a000 Uncommon trap -34 fr.pc 0xb367f828
Event: 3.738 Thread 0xb680a000 Uncommon trap -34 fr.pc 0xb367f828
Event: 3.762 Thread 0xb680a000 Uncommon trap -34 fr.pc 0xb367f828
Event: 3.766 Thread 0xb680a000 Uncommon trap -34 fr.pc 0xb367f828
Event: 4.666 Thread 0xb680a000 Uncommon trap -34 fr.pc 0xb370f9fc

Internal exceptions (10 events):
Event: 4.359 Thread 0xb680a000 Threw 0x9f650420 at /builddir/build/BUILD/java-1.7.0-openjdk/openjdk/hotspot/src/share/vm/prims/jvm.cpp:1166
Event: 4.434 Thread 0xb680a000 Threw 0x9ffc3eb8 at /builddir/build/BUILD/java-1.7.0-openjdk/openjdk/hotspot/src/share/vm/prims/jvm.cpp:1166
Event: 4.443 Thread 0xb680a000 Threw 0xa01697f8 at /builddir/build/BUILD/java-1.7.0-openjdk/openjdk/hotspot/src/share/vm/prims/jvm.cpp:1166
Event: 4.444 Thread 0xb680a000 Threw 0xa016d888 at /builddir/build/BUILD/java-1.7.0-openjdk/openjdk/hotspot/src/share/vm/prims/jvm.cpp:1166
Event: 4.444 Thread 0xb680a000 Threw 0xa01718b8 at /builddir/build/BUILD/java-1.7.0-openjdk/openjdk/hotspot/src/share/vm/prims/jvm.cpp:1166
Event: 4.748 Thread 0xb680a000 Threw 0xa32f6e00 at /builddir/build/BUILD/java-1.7.0-openjdk/openjdk/hotspot/src/share/vm/prims/jni.cpp:1631
Event: 4.827 Thread 0xb680a000 Threw 0xa440e000 at /builddir/build/BUILD/java-1.7.0-openjdk/openjdk/hotspot/src/share/vm/prims/jvm.cpp:1166
Event: 4.833 Thread 0xb680a000 Threw 0xa4431b10 at /builddir/build/BUILD/java-1.7.0-openjdk/openjdk/hotspot/src/share/vm/prims/jni.cpp:1631
Event: 4.842 Thread 0xb680a000 Threw 0xa44f3020 at /builddir/build/BUILD/java-1.7.0-openjdk/openjdk/hotspot/src/share/vm/prims/jvm.cpp:1166
Event: 4.843 Thread 0xb680a000 Threw 0xa44fb310 at /builddir/build/BUILD/java-1.7.0-openjdk/openjdk/hotspot/src/share/vm/prims/jvm.cpp:1166

Events (10 events):
Event: 4.827 loading class 0x663f7310
Event: 4.827 loading class 0x663f7310 done
Event: 4.828 loading class 0xb6863318
Event: 4.828 loading class 0xb68635f0
Event: 4.828 loading class 0xb68635f0 done
Event: 4.828 loading class 0xb6863318 done
Event: 4.841 loading class 0x65f577c8
Event: 4.841 loading class 0x65f577c8 done
Event: 4.843 loading class 0x65f113b8
Event: 4.843 loading class 0x65f113b8 done


Dynamic libraries:
08048000-08049000 r-xp 00000000 fd:01 1966751    /usr/lib/jvm/java-1.7.0-openjdk-1.7.0.6/bin/java
08049000-0804a000 rw-p 00000000 fd:01 1966751    /usr/lib/jvm/java-1.7.0-openjdk-1.7.0.6/bin/java
08764000-08820000 rw-p 00000000 00:00 0          [heap]
42eda000-42ef9000 r-xp 00000000 fd:01 136060     /usr/lib/ld-2.15.so
42ef9000-42efa000 r--p 0001e000 fd:01 136060     /usr/lib/ld-2.15.so
42efa000-42efb000 rw-p 0001f000 fd:01 136060     /usr/lib/ld-2.15.so
42efd000-430a8000 r-xp 00000000 fd:01 136128     /usr/lib/libc-2.15.so
430a8000-430a9000 ---p 001ab000 fd:01 136128     /usr/lib/libc-2.15.so
430a9000-430ab000 r--p 001ab000 fd:01 136128     /usr/lib/libc-2.15.so
430ab000-430ac000 rw-p 001ad000 fd:01 136128     /usr/lib/libc-2.15.so
430ac000-430af000 rw-p 00000000 00:00 0 
430b1000-430c7000 r-xp 00000000 fd:01 136204     /usr/lib/libpthread-2.15.so
430c7000-430c8000 r--p 00015000 fd:01 136204     /usr/lib/libpthread-2.15.so
430c8000-430c9000 rw-p 00016000 fd:01 136204     /usr/lib/libpthread-2.15.so
430c9000-430cb000 rw-p 00000000 00:00 0 
430cd000-430d0000 r-xp 00000000 fd:01 136169     /usr/lib/libdl-2.15.so
430d0000-430d1000 r--p 00002000 fd:01 136169     /usr/lib/libdl-2.15.so
430d1000-430d2000 rw-p 00003000 fd:01 136169     /usr/lib/libdl-2.15.so
430d4000-430db000 r-xp 00000000 fd:01 136931     /usr/lib/librt-2.15.so
430db000-430dc000 r--p 00006000 fd:01 136931     /usr/lib/librt-2.15.so
430dc000-430dd000 rw-p 00007000 fd:01 136931     /usr/lib/librt-2.15.so
430df000-430f4000 r-xp 00000000 fd:01 139264     /usr/lib/libz.so.1.2.5
430f4000-430f5000 rw-p 00014000 fd:01 139264     /usr/lib/libz.so.1.2.5
430f7000-43103000 r-xp 00000000 fd:01 1966564    /usr/lib/jvm/java-1.7.0-openjdk-1.7.0.6/jre/lib/i386/jli/libjli.so
43103000-43104000 rw-p 0000b000 fd:01 1966564    /usr/lib/jvm/java-1.7.0-openjdk-1.7.0.6/jre/lib/i386/jli/libjli.so
435b1000-435cd000 r-xp 00000000 fd:01 136386     /usr/lib/libgcc_s-4.7.2-20120921.so.1
435cd000-435ce000 rw-p 0001b000 fd:01 136386     /usr/lib/libgcc_s-4.7.2-20120921.so.1
43b33000-43c13000 r-xp 00000000 fd:01 136401     /usr/lib/libstdc++.so.6.0.17
43c13000-43c17000 r--p 000e0000 fd:01 136401     /usr/lib/libstdc++.so.6.0.17
43c17000-43c18000 rw-p 000e4000 fd:01 136401     /usr/lib/libstdc++.so.6.0.17
43c18000-43c1f000 rw-p 00000000 00:00 0 
44169000-44178000 r-xp 00000000 fd:01 157834     /usr/lib/libgomp.so.1.0.0
44178000-44179000 rw-p 0000e000 fd:01 157834     /usr/lib/libgomp.so.1.0.0
64900000-6498e000 rw-p 00000000 00:00 0 
6498e000-64a00000 ---p 00000000 00:00 0 
64b00000-64b99000 rw-p 00000000 00:00 0 
64b99000-64c00000 ---p 00000000 00:00 0 
64c42000-65ddb000 r-xp 00000000 fd:02 7607783    /home/kaituo/code/pig3/trunk/libz3.so
65ddb000-65ddc000 r--p 01199000 fd:02 7607783    /home/kaituo/code/pig3/trunk/libz3.so
65ddc000-65ddd000 rw-p 0119a000 fd:02 7607783    /home/kaituo/code/pig3/trunk/libz3.so
65ddd000-65e00000 rw-p 00000000 00:00 0 
65e00000-65e9b000 rw-p 00000000 00:00 0 
65e9b000-65f00000 ---p 00000000 00:00 0 
65f00000-65ffe000 rw-p 00000000 00:00 0 
65ffe000-66000000 ---p 00000000 00:00 0 
66000000-660e1000 rw-p 00000000 00:00 0 
660e1000-66100000 ---p 00000000 00:00 0 
66100000-66200000 rw-p 00000000 00:00 0 
66200000-662f1000 rw-p 00000000 00:00 0 
662f1000-66300000 ---p 00000000 00:00 0 
66300000-663ff000 rw-p 00000000 00:00 0 
663ff000-66400000 ---p 00000000 00:00 0 
66400000-665fd000 rw-p 00000000 00:00 0 
665fd000-66600000 ---p 00000000 00:00 0 
66600000-666ff000 rw-p 00000000 00:00 0 
666ff000-66700000 ---p 00000000 00:00 0 
66700000-667ff000 rw-p 00000000 00:00 0 
667ff000-66800000 ---p 00000000 00:00 0 
66800000-66900000 rw-p 00000000 00:00 0 
66a00000-66b00000 rw-p 00000000 00:00 0 
66b00000-66bf3000 rw-p 00000000 00:00 0 
66bf3000-66c00000 ---p 00000000 00:00 0 
66c00000-66cfd000 rw-p 00000000 00:00 0 
66cfd000-66d00000 ---p 00000000 00:00 0 
66d8c000-66dae000 r-xp 00000000 fd:02 7607784    /home/kaituo/code/pig3/trunk/libz3wrap.so
66dae000-66daf000 rw-p 00022000 fd:02 7607784    /home/kaituo/code/pig3/trunk/libz3wrap.so
66daf000-66db2000 ---p 00000000 00:00 0 
66db2000-66e00000 rw-p 00000000 00:00 0          [stack:6566]
66e00000-66efc000 rw-p 00000000 00:00 0 
66efc000-66f00000 ---p 00000000 00:00 0 
66f1c000-66f21000 r--s 000a0000 fd:01 1972257    /usr/lib/jvm/java-1.7.0-openjdk-1.7.0.6/jre/lib/jsse.jar
66f21000-66f24000 r--s 00014000 fd:01 1972255    /usr/lib/jvm/java-1.7.0-openjdk-1.7.0.6/jre/lib/jce.jar
66f24000-66f25000 r-xp 00000000 fd:01 1972214    /usr/lib/jvm/java-1.7.0-openjdk-1.7.0.6/jre/lib/i386/libjaas_unix.so
66f25000-66f26000 rw-p 00000000 fd:01 1972214    /usr/lib/jvm/java-1.7.0-openjdk-1.7.0.6/jre/lib/i386/libjaas_unix.so
66f26000-66f2e000 r-xp 00000000 fd:01 1972225    /usr/lib/jvm/java-1.7.0-openjdk-1.7.0.6/jre/lib/i386/libmanagement.so
66f2e000-66f2f000 rw-p 00007000 fd:01 1972225    /usr/lib/jvm/java-1.7.0-openjdk-1.7.0.6/jre/lib/i386/libmanagement.so
66f2f000-66f39000 r--s 00263000 fd:01 1972270    /usr/lib/jvm/java-1.7.0-openjdk-1.7.0.6/jre/lib/resources.jar
66f39000-66f4a000 r-xp 00000000 fd:01 1972228    /usr/lib/jvm/java-1.7.0-openjdk-1.7.0.6/jre/lib/i386/libnio.so
66f4a000-66f4b000 rw-p 00011000 fd:01 1972228    /usr/lib/jvm/java-1.7.0-openjdk-1.7.0.6/jre/lib/i386/libnio.so
66f4b000-66f61000 r-xp 00000000 fd:01 1972227    /usr/lib/jvm/java-1.7.0-openjdk-1.7.0.6/jre/lib/i386/libnet.so
66f61000-66f62000 rw-p 00016000 fd:01 1972227    /usr/lib/jvm/java-1.7.0-openjdk-1.7.0.6/jre/lib/i386/libnet.so
66f62000-66f71000 r--s 000ba000 fd:02 7604714    /home/kaituo/code/pig3/trunk/lib/trove-2.1.0.jar
66f71000-66f75000 r--s 0002a000 fd:02 8786570    /home/kaituo/code/pig3/trunk/lib/commons-io-2.4.jar
66f75000-66f8c000 r--s 00123000 fd:02 7604716    /home/kaituo/code/pig3/trunk/lib/commons-math3-3.0.jar
66f8c000-66f8f000 r--s 00010000 fd:02 7604715    /home/kaituo/code/pig3/trunk/lib/z3.jar
66f8f000-66f92000 r--s 0001b000 fd:02 6816935    /home/kaituo/Downloads/eclipse/plugins/org.junit_3.8.2.v3_8_2_v20100427-1100/junit.jar
66f92000-66f99000 r--s 0003d000 fd:02 7606277    /home/kaituo/code/pig3/trunk/build/ivy/lib/Pig/hamcrest-all-1.3.0RC2.jar
66f99000-66fa2000 r--s 0008a000 fd:02 7606324    /home/kaituo/code/pig3/trunk/build/ivy/lib/Pig/zookeeper-3.3.3.jar
66fa2000-66fa3000 r--s 00003000 fd:02 7606306    /home/kaituo/code/pig3/trunk/build/ivy/lib/Pig/xmlenc-0.52.jar
66fa3000-66fa6000 r--s 00022000 fd:02 7606340    /home/kaituo/code/pig3/trunk/build/ivy/lib/Pig/stringtemplate-3.2.1.jar
66fa6000-66fa8000 r--s 000f2000 fd:02 7606296    /home/kaituo/code/pig3/trunk/build/ivy/lib/Pig/snappy-java-1.0.3.2.jar
66fa8000-66fa9000 r--s 00002000 fd:02 7606341    /home/kaituo/code/pig3/trunk/build/ivy/lib/Pig/slf4j-log4j12-1.6.1.jar
66fa9000-66fab000 r--s 00005000 fd:02 7606332    /home/kaituo/code/pig3/trunk/build/ivy/lib/Pig/slf4j-api-1.6.1.jar
66fab000-66fae000 r--s 0001e000 fd:02 7606281    /home/kaituo/code/pig3/trunk/build/ivy/lib/Pig/servlet-api-2.5-6.1.14.jar
66fae000-66fb0000 r--s 0001f000 fd:02 7606300    /home/kaituo/code/pig3/trunk/build/ivy/lib/Pig/servlet-api-2.5-20081211.jar
66fb0000-66fb2000 r--s 00006000 fd:02 7606290    /home/kaituo/code/pig3/trunk/build/ivy/lib/Pig/paranamer-2.3.jar
66fb2000-66fb4000 r--s 0000e000 fd:02 7606321    /home/kaituo/code/pig3/trunk/build/ivy/lib/Pig/oro-2.0.8.jar
66fb4000-66fc3000 r--s 000b1000 fd:02 7606334    /home/kaituo/code/pig3/trunk/build/ivy/lib/Pig/netty-3.2.2.Final.jar
66fc3000-66fd0000 r--s 0008f000 fd:02 7606295    /home/kaituo/code/pig3/trunk/build/ivy/lib/Pig/mina-core-2.0.0-M5.jar
66fd0000-66fd9000 r--s 0006d000 fd:02 7606289    /home/kaituo/code/pig3/trunk/build/ivy/lib/Pig/log4j-1.2.16.jar
66fd9000-66fda000 r--s 00002000 fd:02 7606327    /home/kaituo/code/pig3/trunk/build/ivy/lib/Pig/kfs-0.3.jar
66fda000-6703c000 r--s 005e9000 fd:02 7606275    /home/kaituo/code/pig3/trunk/build/ivy/lib/Pig/jython-2.5.0.jar
6703c000-67042000 r--s 0002b000 fd:02 7606319    /home/kaituo/code/pig3/trunk/build/ivy/lib/Pig/junit-4.5.jar
67042000-67045000 r--s 0001b000 fd:02 7606303    /home/kaituo/code/pig3/trunk/build/ivy/lib/Pig/junit-3.8.1.jar
67045000-67048000 r--s 0001e000 fd:02 7606330    /home/kaituo/code/pig3/trunk/build/ivy/lib/Pig/jsp-api-2.1-6.1.14.jar
67048000-67059000 r--s 000ea000 fd:02 7606308    /home/kaituo/code/pig3/trunk/build/ivy/lib/Pig/jsp-2.1-6.1.14.jar
67059000-6705a000 r--s 00003000 fd:02 7606335    /home/kaituo/code/pig3/trunk/build/ivy/lib/Pig/json-simple-1.1.jar
6705a000-6705d000 r--s 00029000 fd:02 7606293    /home/kaituo/code/pig3/trunk/build/ivy/lib/Pig/jsch-0.1.38.jar
6705d000-67066000 r--s 000cc000 fd:02 7606312    /home/kaituo/code/pig3/trunk/build/ivy/lib/Pig/js-1.7R2.jar
67066000-67075000 r--s 00074000 fd:02 7606274    /home/kaituo/code/pig3/trunk/build/ivy/lib/Pig/joda-time-1.6.jar
67075000-67077000 r--s 00014000 fd:02 7606304    /home/kaituo/code/pig3/trunk/build/ivy/lib/Pig/jline-0.9.94.jar
67077000-6707b000 r--s 00028000 fd:02 7606320    /home/kaituo/code/pig3/trunk/build/ivy/lib/Pig/jetty-util-6.1.26.jar
6707b000-67082000 r--s 0007d000 fd:02 7606317    /home/kaituo/code/pig3/trunk/build/ivy/lib/Pig/jetty-6.1.26.jar
67082000-67088000 r--s 00057000 fd:02 7606307    /home/kaituo/code/pig3/trunk/build/ivy/lib/Pig/jets3t-0.7.1.jar
67088000-67092000 r--s 00066000 fd:02 7606285    /home/kaituo/code/pig3/trunk/build/ivy/lib/Pig/jersey-core-1.8.jar
67092000-67096000 r--s 00032000 fd:02 7606291    /home/kaituo/code/pig3/trunk/build/ivy/lib/Pig/jdeb-0.8.jar
67096000-6709b000 r--s 0005e000 fd:02 7606280    /home/kaituo/code/pig3/trunk/build/ivy/lib/Pig/jasper-compiler-5.5.12.jar
6709b000-670a7000 r--s 0008d000 fd:02 7606284    /home/kaituo/code/pig3/trunk/build/ivy/lib/Pig/jackson-mapper-asl-1.7.3.jar
670a7000-670ab000 r--s 0002f000 fd:02 7606287    /home/kaituo/code/pig3/trunk/build/ivy/lib/Pig/jackson-core-asl-1.7.3.jar
670ab000-670b0000 r--s 00028000 fd:02 7606299    /home/kaituo/code/pig3/trunk/build/ivy/lib/Pig/httpcore-4.1.jar
670b0000-670b8000 r--s 0004e000 fd:02 7606294    /home/kaituo/code/pig3/trunk/build/ivy/lib/Pig/httpclient-4.1.jar
670b8000-670c1000 r--s 000a4000 fd:02 7606286    /home/kaituo/code/pig3/trunk/build/ivy/lib/Pig/hsqldb-1.8.0.10.jar
670c1000-670f7000 r--s 00316000 fd:02 7606276    /home/kaituo/code/pig3/trunk/build/ivy/lib/Pig/hive-exec-0.8.0.jar
670f7000-67114000 r--s 00204000 fd:02 7606273    /home/kaituo/code/pig3/trunk/build/ivy/lib/Pig/hbase-0.90.0.jar
67114000-67136000 r--s 00248000 fd:02 7606279    /home/kaituo/code/pig3/trunk/build/ivy/lib/Pig/hadoop-test-1.0.0.jar
67136000-6716a000 r--s 0035e000 fd:02 7606301    /home/kaituo/code/pig3/trunk/build/ivy/lib/Pig/hadoop-core-1.0.0.jar
6716a000-6718a000 r--s 00173000 fd:02 7606278    /home/kaituo/code/pig3/trunk/build/ivy/lib/Pig/guava-11.0.jar
6718a000-6718b000 ---p 00000000 00:00 0 
6718b000-6720b000 rw-p 00000000 00:00 0          [stack:6565]
6720b000-6720e000 ---p 00000000 00:00 0 
6720e000-6725c000 rw-p 00000000 00:00 0          [stack:6564]
6725c000-6725f000 ---p 00000000 00:00 0 
6725f000-672dd000 rw-p 00000000 00:00 0          [stack:6563]
672dd000-672e0000 ---p 00000000 00:00 0 
672e0000-6735e000 rw-p 00000000 00:00 0          [stack:6562]
6735e000-67361000 ---p 00000000 00:00 0 
67361000-673af000 rw-p 00000000 00:00 0          [stack:6559]
673af000-673b2000 ---p 00000000 00:00 0 
673b2000-67400000 rw-p 00000000 00:00 0          [stack:6558]
67400000-67500000 rw-p 00000000 00:00 0 
67501000-67506000 r--s 00044000 fd:02 7606316    /home/kaituo/code/pig3/trunk/build/ivy/lib/Pig/javacc.jar
67506000-6750b000 r--s 00044000 fd:02 7606298    /home/kaituo/code/pig3/trunk/build/ivy/lib/Pig/javacc-4.2.jar
6750b000-6750d000 r--s 00011000 fd:02 7606318    /home/kaituo/code/pig3/trunk/build/ivy/lib/Pig/jasper-runtime-5.5.12.jar
6750d000-67510000 ---p 00000000 00:00 0 
67510000-6755e000 rw-p 00000000 00:00 0          [stack:6555]
6755e000-67561000 ---p 00000000 00:00 0 
67561000-675af000 rw-p 00000000 00:00 0          [stack:6552]
675af000-675b2000 ---p 00000000 00:00 0 
675b2000-67600000 rw-p 00000000 00:00 0          [stack:6551]
67600000-67621000 rw-p 00000000 00:00 0 
67621000-67700000 ---p 00000000 00:00 0 
67700000-67721000 rw-p 00000000 00:00 0 
67721000-67800000 ---p 00000000 00:00 0 
67800000-67900000 rw-p 00000000 00:00 0 
67901000-6790c000 r--s 000cf000 fd:02 7606323    /home/kaituo/code/pig3/trunk/build/ivy/lib/Pig/hbase-0.90.0-tests.jar
6790c000-67912000 r--s 0003d000 fd:02 7606339    /home/kaituo/code/pig3/trunk/build/ivy/lib/Pig/ftpserver-core-1.0.0.jar
67912000-67914000 r--s 00004000 fd:02 7606337    /home/kaituo/code/pig3/trunk/build/ivy/lib/Pig/ftplet-api-1.0.0.jar
67914000-67937000 r--s 00344000 fd:02 7606314    /home/kaituo/code/pig3/trunk/build/ivy/lib/Pig/core-3.1.1.jar
67937000-6793c000 r--s 00028000 fd:02 7606336    /home/kaituo/code/pig3/trunk/build/ivy/lib/Pig/commons-net-1.4.1.jar
6793c000-6793e000 r--s 0000d000 fd:02 7606302    /home/kaituo/code/pig3/trunk/build/ivy/lib/Pig/commons-logging-1.1.1.jar
6793e000-67942000 r--s 0003c000 fd:02 7606333    /home/kaituo/code/pig3/trunk/build/ivy/lib/Pig/commons-lang-2.4.jar
67942000-67947000 r--s 00040000 fd:02 7606328    /home/kaituo/code/pig3/trunk/build/ivy/lib/Pig/commons-httpclient-3.0.1.jar
67947000-6794b000 r--s 00020000 fd:02 7606311    /home/kaituo/code/pig3/trunk/build/ivy/lib/Pig/commons-digester-1.8.jar
6794b000-6794c000 ---p 00000000 00:00 0 
6794c000-67a14000 rw-p 00000000 00:00 0          [stack:6549]
67a14000-67bc0000 r--s 03e64000 fd:01 1972272    /usr/lib/jvm/java-1.7.0-openjdk-1.7.0.6/jre/lib/rt.jar
67bc0000-6ab00000 rw-p 00000000 00:00 0 
6ab00000-6ab21000 rw-p 00000000 00:00 0 
6ab21000-6ac00000 ---p 00000000 00:00 0 
6ac00000-6ac06000 r--s 00043000 fd:02 7606310    /home/kaituo/code/pig3/trunk/build/ivy/lib/Pig/commons-configuration-1.6.jar
6ac06000-6ac14000 r--s 0007f000 fd:02 7606315    /home/kaituo/code/pig3/trunk/build/ivy/lib/Pig/commons-collections-3.2.1.jar
6ac14000-6ac18000 r--s 0002f000 fd:02 7606297    /home/kaituo/code/pig3/trunk/build/ivy/lib/Pig/commons-beanutils-core-1.8.0.jar
6ac18000-6ac1d000 r--s 0002a000 fd:02 7606338    /home/kaituo/code/pig3/trunk/build/ivy/lib/Pig/commons-beanutils-1.7.0.jar
6ac1d000-6ac23000 r--s 0003b000 fd:02 7606292    /home/kaituo/code/pig3/trunk/build/ivy/lib/Pig/avro-1.5.3.jar
6ac23000-6ac2e000 r--s 00105000 fd:02 7606309    /home/kaituo/code/pig3/trunk/build/ivy/lib/Pig/antlr-3.4.jar
6ac2e000-6ac31000 ---p 00000000 00:00 0 
6ac31000-6ac7f000 rw-p 00000000 00:00 0          [stack:6550]
6ac7f000-6ac80000 ---p 00000000 00:00 0 
6ac80000-6ad00000 rw-p 00000000 00:00 0          [stack:6547]
6ad00000-6adfd000 rw-p 00000000 00:00 0 
6adfd000-6ae00000 ---p 00000000 00:00 0 
6ae00000-6ae21000 rw-p 00000000 00:00 0 
6ae21000-6af00000 ---p 00000000 00:00 0 
6af00000-6affc000 rw-p 00000000 00:00 0 
6affc000-6b000000 ---p 00000000 00:00 0 
6b000000-6b003000 r--s 00019000 fd:02 7606305    /home/kaituo/code/pig3/trunk/build/ivy/lib/Pig/commons-el-1.0.jar
6b003000-6b008000 r--s 00027000 fd:02 7606283    /home/kaituo/code/pig3/trunk/build/ivy/lib/Pig/automaton-1.11-8.jar
6b008000-6b017000 r--s 000ee000 fd:02 7606282    /home/kaituo/code/pig3/trunk/build/ivy/lib/Pig/ant-1.6.5.jar
6b017000-6b018000 ---p 00000000 00:00 0 
6b018000-6b098000 rw-p 00000000 00:00 0          [stack:6545]
6b098000-6b099000 ---p 00000000 00:00 0 
6b099000-6b121000 rw-p 00000000 00:00 0          [stack:6544]
6b121000-6b159000 rw-p 00000000 00:00 0 
6b159000-6b16f000 rw-p 00000000 00:00 0 
6b16f000-6b2af000 rw-p 00000000 00:00 0 
6b2af000-6b2b7000 rw-p 00000000 00:00 0 
6b2b7000-6b2ef000 rw-p 00000000 00:00 0 
6b2ef000-6b305000 rw-p 00000000 00:00 0 
6b305000-6b444000 rw-p 00000000 00:00 0 
6b444000-6b48b000 rw-p 00000000 00:00 0 
6b48b000-6b4ef000 rw-p 00000000 00:00 0 
6b4ef000-6c4f0000 rw-p 00000000 00:00 0 
6c4f0000-734f0000 rw-p 00000000 00:00 0 
734f0000-75fa0000 rw-p 00000000 00:00 0 
75fa0000-9dfa0000 rw-p 00000000 00:00 0 
9dfa0000-a6be0000 rw-p 00000000 00:00 0 
a6be0000-a6c60000 ---p 00000000 00:00 0 
a6c60000-b34f0000 rw-p 00000000 00:00 0 
b34f0000-b34f4000 r--s 00036000 fd:02 7606325    /home/kaituo/code/pig3/trunk/build/ivy/lib/Pig/ST4-4.0.4.jar
b34f4000-b34fd000 r--s 00066000 fd:01 1972158    /usr/lib/jvm/java-1.7.0-openjdk-1.7.0.6/jre/lib/ext/gnome-java-bridge.jar
b34fd000-b3506000 rw-p 00000000 00:00 0 
b3506000-b35bd000 rw-p 00000000 00:00 0 
b35bd000-b37fd000 rwxp 00000000 00:00 0 
b37fd000-b65bd000 rw-p 00000000 00:00 0 
b65bd000-b67bd000 r--p 00000000 fd:01 161903     /usr/lib/locale/locale-archive
b67bd000-b67c0000 r-xp 00000000 fd:01 1972229    /usr/lib/jvm/java-1.7.0-openjdk-1.7.0.6/jre/lib/i386/libnpt.so
b67c0000-b67c1000 rw-p 00002000 fd:01 1972229    /usr/lib/jvm/java-1.7.0-openjdk-1.7.0.6/jre/lib/i386/libnpt.so
b67c1000-b67ff000 r-xp 00000000 fd:01 1972220    /usr/lib/jvm/java-1.7.0-openjdk-1.7.0.6/jre/lib/i386/libjdwp.so
b67ff000-b6800000 rw-p 0003d000 fd:01 1972220    /usr/lib/jvm/java-1.7.0-openjdk-1.7.0.6/jre/lib/i386/libjdwp.so
b6800000-b68ff000 rw-p 00000000 00:00 0 
b68ff000-b6900000 ---p 00000000 00:00 0 
b6900000-b6904000 r--s 00025000 fd:02 7606322    /home/kaituo/code/pig3/trunk/build/ivy/lib/Pig/antlr-runtime-3.4.jar
b6904000-b6905000 ---p 00000000 00:00 0 
b6905000-b6985000 rw-p 00000000 00:00 0          [stack:6546]
b6985000-b6990000 r-xp 00000000 fd:01 156771     /usr/lib/libnss_files-2.15.so
b6990000-b6991000 r--p 0000a000 fd:01 156771     /usr/lib/libnss_files-2.15.so
b6991000-b6992000 rw-p 0000b000 fd:01 156771     /usr/lib/libnss_files-2.15.so
b6993000-b6995000 r--s 0000d000 fd:02 7606329    /home/kaituo/code/pig3/trunk/build/ivy/lib/Pig/commons-codec-1.4.jar
b6995000-b699a000 r--s 00068000 fd:02 7606331    /home/kaituo/code/pig3/trunk/build/ivy/lib/Pig/antlr-2.7.7.jar
b699a000-b69a2000 r-xp 00000000 fd:01 1972238    /usr/lib/jvm/java-1.7.0-openjdk-1.7.0.6/jre/lib/i386/libzip.so
b69a2000-b69a3000 rw-p 00008000 fd:01 1972238    /usr/lib/jvm/java-1.7.0-openjdk-1.7.0.6/jre/lib/i386/libzip.so
b69a3000-b69ab000 rw-s 00000000 fd:01 394229     /tmp/hsperfdata_kaituo/6536
b69ab000-b69d1000 r-xp 00000000 fd:01 1972215    /usr/lib/jvm/java-1.7.0-openjdk-1.7.0.6/jre/lib/i386/libjava.so
b69d1000-b69d2000 rw-p 00026000 fd:01 1972215    /usr/lib/jvm/java-1.7.0-openjdk-1.7.0.6/jre/lib/i386/libjava.so
b69d2000-b69d5000 ---p 00000000 00:00 0 
b69d5000-b6a23000 rw-p 00000000 00:00 0          [stack:6543]
b6a23000-b6a4c000 r-xp 00000000 fd:01 136350     /usr/lib/libm-2.15.so
b6a4c000-b6a4d000 r--p 00028000 fd:01 136350     /usr/lib/libm-2.15.so
b6a4d000-b6a4e000 rw-p 00029000 fd:01 136350     /usr/lib/libm-2.15.so
b6a4e000-b733f000 r-xp 00000000 fd:01 1972242    /usr/lib/jvm/java-1.7.0-openjdk-1.7.0.6/jre/lib/i386/server/libjvm.so
b733f000-b739a000 rw-p 008f0000 fd:01 1972242    /usr/lib/jvm/java-1.7.0-openjdk-1.7.0.6/jre/lib/i386/server/libjvm.so
b739a000-b77b7000 rw-p 00000000 00:00 0 
b77b7000-b77b8000 r--s 00007000 fd:02 7606313    /home/kaituo/code/pig3/trunk/build/ivy/lib/Pig/ftpserver-deprecated-1.0.0-M2.jar
b77b8000-b77ba000 r--s 00009000 fd:02 7606326    /home/kaituo/code/pig3/trunk/build/ivy/lib/Pig/commons-cli-1.2.jar
b77ba000-b77bd000 r--s 0000f000 fd:01 1972161    /usr/lib/jvm/java-1.7.0-openjdk-1.7.0.6/jre/lib/ext/pulse-java.jar
b77bd000-b77c1000 r-xp 00000000 fd:01 1972197    /usr/lib/jvm/java-1.7.0-openjdk-1.7.0.6/jre/lib/i386/libdt_socket.so
b77c1000-b77c2000 rw-p 00003000 fd:01 1972197    /usr/lib/jvm/java-1.7.0-openjdk-1.7.0.6/jre/lib/i386/libdt_socket.so
b77c2000-b77c3000 rw-p 00000000 00:00 0 
b77c3000-b77c4000 r--p 00000000 00:00 0 
b77c4000-b77cf000 r-xp 00000000 fd:01 1972237    /usr/lib/jvm/java-1.7.0-openjdk-1.7.0.6/jre/lib/i386/libverify.so
b77cf000-b77d0000 rw-p 0000a000 fd:01 1972237    /usr/lib/jvm/java-1.7.0-openjdk-1.7.0.6/jre/lib/i386/libverify.so
b77d0000-b77d1000 rw-p 00000000 00:00 0 
b77d1000-b77d2000 r-xp 00000000 00:00 0          [vdso]
bfd3e000-bfd60000 rw-p 00000000 00:00 0          [stack]

VM Arguments:
jvm_args: -agentlib:jdwp=transport=dt_socket,suspend=y,address=localhost:54988 -Dfile.encoding=UTF-8 
java_command: org.eclipse.jdt.internal.junit.runner.RemoteTestRunner -version 3 -port 44301 -testLoaderClass org.eclipse.jdt.internal.junit4.runner.JUnit4TestLoader -loaderpluginname org.eclipse.jdt.junit4.runtime -classNames edu.umass.cs.pig.test.pigmix.TestExGen4PigMixReal2
Launcher Type: SUN_STANDARD

Environment Variables:
JAVA_HOME=/usr/lib/jvm/java-1.7.0-openjdk-1.7.0.5
PATH=/home/kaituo/perl5/bin:/home/kaituo/perl5/perlbrew/bin:/home/kaituo/perl5/perlbrew/perls/perl-5.16.0/bin:/usr/lib/ccache:/usr/local/bin:/usr/bin:/bin:/usr/local/sbin:/usr/sbin:/home/kaituo/.local/bin:/home/kaituo/bin:/home/kaituo/Downloads/pig-0.9.2/bin
USERNAME=kaituo
LD_LIBRARY_PATH=.
SHELL=/bin/bash
DISPLAY=:0.0

Signal Handlers:
SIGSEGV: [libjvm.so+0x729e90], sa_mask[0]=0x7ffbfeff, sa_flags=0x10000004
SIGBUS: [libjvm.so+0x729e90], sa_mask[0]=0x7ffbfeff, sa_flags=0x10000004
SIGFPE: [libjvm.so+0x5d35f0], sa_mask[0]=0x7ffbfeff, sa_flags=0x10000004
SIGPIPE: [libjvm.so+0x5d35f0], sa_mask[0]=0x7ffbfeff, sa_flags=0x10000004
SIGXFSZ: [libjvm.so+0x5d35f0], sa_mask[0]=0x7ffbfeff, sa_flags=0x10000004
SIGILL: [libjvm.so+0x5d35f0], sa_mask[0]=0x7ffbfeff, sa_flags=0x10000004
SIGUSR1: SIG_DFL, sa_mask[0]=0x00000000, sa_flags=0x00000000
SIGUSR2: [libjvm.so+0x5d3490], sa_mask[0]=0x00000004, sa_flags=0x10000004
SIGHUP: [libjvm.so+0x5d38b0], sa_mask[0]=0x7ffbfeff, sa_flags=0x10000004
SIGINT: [libjvm.so+0x5d38b0], sa_mask[0]=0x7ffbfeff, sa_flags=0x10000004
SIGTERM: [libjvm.so+0x5d38b0], sa_mask[0]=0x7ffbfeff, sa_flags=0x10000004
SIGQUIT: [libjvm.so+0x5d38b0], sa_mask[0]=0x7ffbfeff, sa_flags=0x10000004


---------------  S Y S T E M  ---------------

OS:Fedora release 17 (Beefy Miracle)

uname:Linux 3.5.4-1.fc17.i686.PAE #1 SMP Mon Sep 17 15:19:42 UTC 2012 i686
libc:glibc 2.15 NPTL 2.15 
rlimit: STACK 8192k, CORE 0k, NPROC 1024, NOFILE 4096, AS infinity
load average:0.47 0.25 0.15

/proc/meminfo:
MemTotal:        6067140 kB
MemFree:         3517208 kB
Buffers:          235668 kB
Cached:          1298568 kB
SwapCached:            0 kB
Active:          1561464 kB
Inactive:         821260 kB
Active(anon):     851060 kB
Inactive(anon):     1860 kB
Active(file):     710404 kB
Inactive(file):   819400 kB
Unevictable:           0 kB
Mlocked:               0 kB
HighTotal:       5241780 kB
HighFree:        3074200 kB
LowTotal:         825360 kB
LowFree:          443008 kB
SwapTotal:       5177340 kB
SwapFree:        5177340 kB
Dirty:               244 kB
Writeback:             0 kB
AnonPages:        821856 kB
Mapped:           141548 kB
Shmem:              4444 kB
Slab:             116532 kB
SReclaimable:      84396 kB
SUnreclaim:        32136 kB
KernelStack:        2976 kB
PageTables:         8852 kB
NFS_Unstable:          0 kB
Bounce:                0 kB
WritebackTmp:          0 kB
CommitLimit:     8210908 kB
Committed_AS:    2443344 kB
VmallocTotal:     122880 kB
VmallocUsed:       27116 kB
VmallocChunk:      92660 kB
HardwareCorrupted:     0 kB
AnonHugePages:    522240 kB
HugePages_Total:       0
HugePages_Free:        0
HugePages_Rsvd:        0
HugePages_Surp:        0
Hugepagesize:       2048 kB
DirectMap4k:       10232 kB
DirectMap2M:      897024 kB


CPU:total 4 (2 cores per cpu, 2 threads per core) family 6 model 37 stepping 5, cmov, cx8, fxsr, mmx, sse, sse2, sse3, ssse3, sse4.1, sse4.2, popcnt, ht, tsc, tscinvbit

/proc/cpuinfo:
processor	: 0
vendor_id	: GenuineIntel
cpu family	: 6
model		: 37
model name	: Intel(R) Core(TM) i5 CPU       M 450  @ 2.40GHz
stepping	: 5
microcode	: 0x3
cpu MHz		: 1199.000
cache size	: 3072 KB
physical id	: 0
siblings	: 4
core id		: 0
cpu cores	: 2
apicid		: 0
initial apicid	: 0
fdiv_bug	: no
hlt_bug		: no
f00f_bug	: no
coma_bug	: no
fpu		: yes
fpu_exception	: yes
cpuid level	: 11
wp		: yes
flags		: fpu vme de pse tsc msr pae mce cx8 apic sep mtrr pge mca cmov pat pse36 clflush dts acpi mmx fxsr sse sse2 ss ht tm pbe nx rdtscp lm constant_tsc arch_perfmon pebs bts xtopology nonstop_tsc aperfmperf pni dtes64 monitor ds_cpl vmx est tm2 ssse3 cx16 xtpr pdcm pcid sse4_1 sse4_2 popcnt lahf_lm ida arat dtherm tpr_shadow vnmi flexpriority ept vpid
bogomips	: 4787.82
clflush size	: 64
cache_alignment	: 64
address sizes	: 36 bits physical, 48 bits virtual
power management:

processor	: 1
vendor_id	: GenuineIntel
cpu family	: 6
model		: 37
model name	: Intel(R) Core(TM) i5 CPU       M 450  @ 2.40GHz
stepping	: 5
microcode	: 0x3
cpu MHz		: 2400.000
cache size	: 3072 KB
physical id	: 0
siblings	: 4
core id		: 2
cpu cores	: 2
apicid		: 4
initial apicid	: 4
fdiv_bug	: no
hlt_bug		: no
f00f_bug	: no
coma_bug	: no
fpu		: yes
fpu_exception	: yes
cpuid level	: 11
wp		: yes
flags		: fpu vme de pse tsc msr pae mce cx8 apic sep mtrr pge mca cmov pat pse36 clflush dts acpi mmx fxsr sse sse2 ss ht tm pbe nx rdtscp lm constant_tsc arch_perfmon pebs bts xtopology nonstop_tsc aperfmperf pni dtes64 monitor ds_cpl vmx est tm2 ssse3 cx16 xtpr pdcm pcid sse4_1 sse4_2 popcnt lahf_lm ida arat dtherm tpr_shadow vnmi flexpriority ept vpid
bogomips	: 4787.82
clflush size	: 64
cache_alignment	: 64
address sizes	: 36 bits physical, 48 bits virtual
power management:

processor	: 2
vendor_id	: GenuineIntel
cpu family	: 6
model		: 37
model name	: Intel(R) Core(TM) i5 CPU       M 450  @ 2.40GHz
stepping	: 5
microcode	: 0x3
cpu MHz		: 2400.000
cache size	: 3072 KB
physical id	: 0
siblings	: 4
core id		: 0
cpu cores	: 2
apicid		: 1
initial apicid	: 1
fdiv_bug	: no
hlt_bug		: no
f00f_bug	: no
coma_bug	: no
fpu		: yes
fpu_exception	: yes
cpuid level	: 11
wp		: yes
flags		: fpu vme de pse tsc msr pae mce cx8 apic sep mtrr pge mca cmov pat pse36 clflush dts acpi mmx fxsr sse sse2 ss ht tm pbe nx rdtscp lm constant_tsc arch_perfmon pebs bts xtopology nonstop_tsc aperfmperf pni dtes64 monitor ds_cpl vmx est tm2 ssse3 cx16 xtpr pdcm pcid sse4_1 sse4_2 popcnt lahf_lm ida arat dtherm tpr_shadow vnmi flexpriority ept vpid
bogomips	: 4787.82
clflush size	: 64
cache_alignment	: 64
address sizes	: 36 bits physical, 48 bits virtual
power management:

processor	: 3
vendor_id	: GenuineIntel
cpu family	: 6
model		: 37
model name	: Intel(R) Core(TM) i5 CPU       M 450  @ 2.40GHz
stepping	: 5
microcode	: 0x3
cpu MHz		: 2400.000
cache size	: 3072 KB
physical id	: 0
siblings	: 4
core id		: 2
cpu cores	: 2
apicid		: 5
initial apicid	: 5
fdiv_bug	: no
hlt_bug		: no
f00f_bug	: no
coma_bug	: no
fpu		: yes
fpu_exception	: yes
cpuid level	: 11
wp		: yes
flags		: fpu vme de pse tsc msr pae mce cx8 apic sep mtrr pge mca cmov pat pse36 clflush dts acpi mmx fxsr sse sse2 ss ht tm pbe nx rdtscp lm constant_tsc arch_perfmon pebs bts xtopology nonstop_tsc aperfmperf pni dtes64 monitor ds_cpl vmx est tm2 ssse3 cx16 xtpr pdcm pcid sse4_1 sse4_2 popcnt lahf_lm ida arat dtherm tpr_shadow vnmi flexpriority ept vpid
bogomips	: 4787.82
clflush size	: 64
cache_alignment	: 64
address sizes	: 36 bits physical, 48 bits virtual
power management:



Memory: 4k page, physical 6067140k(3517208k free), swap 5177340k(5177340k free)

vm_info: OpenJDK Server VM (23.2-b09) for linux-x86 JRE (1.7.0_06-icedtea-mockbuild_2012_08_31_14_28-b00), built on Aug 31 2012 14:34:19 by "mockbuild" with gcc 4.7.0 20120507 (Red Hat 4.7.0-5)

time: Fri Oct 12 22:36:26 2012
elapsed time: 4 seconds

