#
# A fatal error has been detected by the Java Runtime Environment:
#
#  SIGSEGV (0xb) at pc=0x64dd60a1, pid=14421, tid=3063929664
#
# JRE version: 7.0_06
# Java VM: OpenJDK Server VM (23.2-b09 mixed mode linux-x86 )
# Problematic frame:
# C  [libz3.so+0x5940a1]  basic_decl_plugin::mk_func_decl(int, unsigned int, parameter const*, unsigned int, expr* const*, sort*)+0x111
#
# Failed to write core dump. Core dumps have been disabled. To enable core dumping, try "ulimit -c unlimited" before starting Java again
#
# If you would like to submit a bug report, please include
# instructions on how to reproduce the bug and visit:
#   http://icedtea.classpath.org/bugzilla
# The crash happened outside the Java Virtual Machine in native code.
# See problematic frame for where to report the bug.
#

---------------  T H R E A D  ---------------

Current thread (0xb6808800):  JavaThread "main" [_thread_in_native, id=14428, stack(0xb69ad000,0xb69fe000)]

siginfo:si_signo=SIGSEGV: si_errno=0, si_code=1 (SEGV_MAPERR), si_addr=0x00000004

Registers:
EAX=0x00000000, EBX=0x66171f7c, ECX=0x6616f704, EDX=0x00000000
ESP=0xb69fc130, EBP=0x00000000, ESI=0x66171f4c, EDI=0x00000002
EIP=0x64dd60a1, EFLAGS=0x00210202, CR2=0x00000004

Top of Stack: (sp=0xb69fc130)
0xb69fc130:   b69fc150 6c21a3d0 6615d838 6c206d80
0xb69fc140:   00000000 66c11718 ffffffff 00000005
0xb69fc150:   6488d550 6615dad0 0014ccd7 6616f704
0xb69fc160:   00000002 b69fc1e8 65804368 64dd7539
0xb69fc170:   66171f4c 00000002 00000000 00000000
0xb69fc180:   00000002 b69fc1e8 00000000 b7085525
0xb69fc190:   b7360874 42ef9fc4 00000002 00000000
0xb69fc1a0:   66c2e630 42ee8a8b 6615d9f0 6616f394 

Instructions: (pc=0x64dd60a1)
0x64dd6081:   c4 3c c3 8d 74 26 00 8b 46 14 eb e3 8d 76 00 83
0x64dd6091:   ff 01 0f 86 6c ff ff ff 8b 11 8d 5e 30 8b 4e 04
0x64dd60a1:   0f b7 42 04 83 f8 01 0f 84 62 01 00 00 83 f8 02
0x64dd60b1:   0f 84 c9 01 00 00 85 c0 0f 85 b9 01 00 00 8b 42 

Register to memory mapping:

EAX=0x00000000 is an unknown value
EBX=0x66171f7c is an unknown value
ECX=0x6616f704 is an unknown value
EDX=0x00000000 is an unknown value
ESP=0xb69fc130 is pointing into the stack for thread: 0xb6808800
EBP=0x00000000 is an unknown value
ESI=0x66171f4c is an unknown value
EDI=0x00000002 is an unknown value


Stack: [0xb69ad000,0xb69fe000],  sp=0xb69fc130,  free space=316k
Native frames: (J=compiled Java code, j=interpreted, Vv=VM code, C=native code)
C  [libz3.so+0x5940a1]  basic_decl_plugin::mk_func_decl(int, unsigned int, parameter const*, unsigned int, expr* const*, sort*)+0x111

[error occurred during error reporting (printing native stack), id 0xb]

Java frames: (J=compiled Java code, j=interpreted, Vv=VM code)
j  edu.umass.cs.z3.Z3JNI.Z3_mk_eq(JJJ)J+0
j  edu.umass.cs.z3.Z3.Z3_mk_eq(Ledu/umass/cs/z3/SWIGTYPE_p__Z3_context;Ledu/umass/cs/z3/SWIGTYPE_p__Z3_ast;Ledu/umass/cs/z3/SWIGTYPE_p__Z3_ast;)Ledu/umass/cs/z3/SWIGTYPE_p__Z3_ast;+12
j  edu.umass.cs.pig.z3.Z3Context.mk_eq(Ledu/umass/cs/z3/SWIGTYPE_p__Z3_ast;Ledu/umass/cs/z3/SWIGTYPE_p__Z3_ast;)Ledu/umass/cs/z3/SWIGTYPE_p__Z3_ast;+11
j  edu.umass.cs.pig.cntr.EqualVarCntr.asZ3ast(Ledu/umass/cs/pig/z3/Z3Context;)Ledu/umass/cs/z3/SWIGTYPE_p__Z3_ast;+152
j  edu.umass.cs.pig.vm.ConstraintSolver.GenerateRlTuple(Ledu/umass/cs/pig/cntr/PltRelCntr;)Ledu/umass/cs/pig/ast/ConstraintResult;+281
j  edu.umass.cs.pig.vm.QueryManager.assertPathCondition(Ljava/util/ArrayList;)Ledu/umass/cs/pig/vm/AssertionResult;+217
j  edu.umass.cs.pig.vm.QueryManager.solve(Ljava/util/ArrayList;)Ledu/umass/cs/pig/z3/ConstraintSolution;+18
j  edu.umass.cs.pig.vm.ComputeSolution.compute(Ljava/util/ArrayList;Lorg/apache/pig/data/DataBag;Ledu/umass/cs/pig/vm/QueryManager;Lorg/apache/pig/newplan/logical/relational/LogicalSchema;Lorg/apache/pig/data/DataBag;Lorg/apache/pig/data/DataBag;Ljava/util/Map;Ljava/util/Map;Ljava/util/Map;Ljava/util/List;)V+352
j  org.apache.pig.pen.InvertConstraintVisitor.visit(Lorg/apache/pig/newplan/logical/relational/LOLoad;)V+171
j  org.apache.pig.newplan.logical.relational.LOLoad.accept(Lorg/apache/pig/newplan/PlanVisitor;)V+26
j  org.apache.pig.pen.util.PreOrderDepthFirstWalker.depthFirst(Lorg/apache/pig/newplan/Operator;Ljava/util/Collection;Ljava/util/Set;Lorg/apache/pig/newplan/PlanVisitor;)V+55
j  org.apache.pig.pen.util.PreOrderDepthFirstWalker.depthFirst(Lorg/apache/pig/newplan/Operator;Ljava/util/Collection;Ljava/util/Set;Lorg/apache/pig/newplan/PlanVisitor;)V+93
j  org.apache.pig.pen.util.PreOrderDepthFirstWalker.depthFirst(Lorg/apache/pig/newplan/Operator;Ljava/util/Collection;Ljava/util/Set;Lorg/apache/pig/newplan/PlanVisitor;)V+93
j  org.apache.pig.pen.util.PreOrderDepthFirstWalker.depthFirst(Lorg/apache/pig/newplan/Operator;Ljava/util/Collection;Ljava/util/Set;Lorg/apache/pig/newplan/PlanVisitor;)V+93
j  org.apache.pig.pen.util.PreOrderDepthFirstWalker.walk(Lorg/apache/pig/newplan/PlanVisitor;)V+23
j  org.apache.pig.newplan.PlanVisitor.visit()V+5
j  org.apache.pig.pen.ExampleGenerator.getExamples2()Ljava/util/Map;+573
j  org.apache.pig.PigServer.getExamples2(Ljava/lang/String;)Ljava/util/Map;+84
j  edu.umass.cs.pig.test.TestExGen4PigMixReal2.testScalability()V+72
v  ~StubRoutines::call_stub
j  sun.reflect.NativeMethodAccessorImpl.invoke0(Ljava/lang/reflect/Method;Ljava/lang/Object;[Ljava/lang/Object;)Ljava/lang/Object;+0
j  sun.reflect.NativeMethodAccessorImpl.invoke(Ljava/lang/Object;[Ljava/lang/Object;)Ljava/lang/Object;+87
j  sun.reflect.DelegatingMethodAccessorImpl.invoke(Ljava/lang/Object;[Ljava/lang/Object;)Ljava/lang/Object;+6
j  java.lang.reflect.Method.invoke(Ljava/lang/Object;[Ljava/lang/Object;)Ljava/lang/Object;+57
j  org.junit.runners.model.FrameworkMethod$1.runReflectiveCall()Ljava/lang/Object;+15
j  org.junit.internal.runners.model.ReflectiveCallable.run()Ljava/lang/Object;+1
j  org.junit.runners.model.FrameworkMethod.invokeExplosively(Ljava/lang/Object;[Ljava/lang/Object;)Ljava/lang/Object;+10
j  org.junit.internal.runners.statements.InvokeMethod.evaluate()V+12
j  org.junit.internal.runners.statements.RunBefores.evaluate()V+49
j  org.junit.internal.runners.statements.RunAfters.evaluate()V+18
j  org.junit.runners.BlockJUnit4ClassRunner.runChild(Lorg/junit/runners/model/FrameworkMethod;Lorg/junit/runner/notification/RunNotifier;)V+31
j  org.junit.runners.BlockJUnit4ClassRunner.runChild(Ljava/lang/Object;Lorg/junit/runner/notification/RunNotifier;)V+6
j  org.junit.runners.ParentRunner.runChildren(Lorg/junit/runner/notification/RunNotifier;)V+29
j  org.junit.runners.ParentRunner.access$000(Lorg/junit/runners/ParentRunner;Lorg/junit/runner/notification/RunNotifier;)V+2
j  org.junit.runners.ParentRunner$1.evaluate()V+8
j  org.junit.internal.runners.statements.RunBefores.evaluate()V+49
j  org.junit.internal.runners.statements.RunAfters.evaluate()V+18
j  org.junit.runners.ParentRunner.run(Lorg/junit/runner/notification/RunNotifier;)V+20
j  org.eclipse.jdt.internal.junit4.runner.JUnit4TestReference.run(Lorg/eclipse/jdt/internal/junit/runner/TestExecution;)V+72
j  org.eclipse.jdt.internal.junit.runner.TestExecution.run([Lorg/eclipse/jdt/internal/junit/runner/ITestReference;)V+17
j  org.eclipse.jdt.internal.junit.runner.RemoteTestRunner.runTests([Ljava/lang/String;Ljava/lang/String;Lorg/eclipse/jdt/internal/junit/runner/TestExecution;)V+61
j  org.eclipse.jdt.internal.junit.runner.RemoteTestRunner.runTests(Lorg/eclipse/jdt/internal/junit/runner/TestExecution;)V+10
j  org.eclipse.jdt.internal.junit.runner.RemoteTestRunner.run()V+70
j  org.eclipse.jdt.internal.junit.runner.RemoteTestRunner.main([Ljava/lang/String;)V+14
v  ~StubRoutines::call_stub

---------------  P R O C E S S  ---------------

Java Threads: ( => current thread )
  0x66a1a400 JavaThread "process reaper" daemon [_thread_blocked, id=14443, stack(0x66cdd000,0x66cee000)]
  0x66f63c00 JavaThread "ReaderThread" [_thread_in_native, id=14441, stack(0x6700f000,0x67060000)]
  0x67300800 JavaThread "Service Thread" daemon [_thread_blocked, id=14439, stack(0x6742e000,0x6747f000)]
  0x679fec00 JavaThread "C2 CompilerThread1" daemon [_thread_blocked, id=14438, stack(0x6727f000,0x67300000)]
  0x679fcc00 JavaThread "C2 CompilerThread0" daemon [_thread_blocked, id=14437, stack(0x6747f000,0x67500000)]
  0x679fb000 JavaThread "Signal Dispatcher" daemon [_thread_blocked, id=14436, stack(0x6ad2e000,0x6ad7f000)]
  0x679b9000 JavaThread "Finalizer" daemon [_thread_blocked, id=14435, stack(0x6b02e000,0x6b07f000)]
  0x679b6400 JavaThread "Reference Handler" daemon [_thread_blocked, id=14434, stack(0xb692c000,0xb697d000)]
=>0xb6808800 JavaThread "main" [_thread_in_native, id=14428, stack(0xb69ad000,0xb69fe000)]

Other Threads:
  0x679b0c00 VMThread [stack: 0x67a4b000,0x67acc000] [id=14433]
  0x67302800 WatcherThread [stack: 0x671fe000,0x6727f000] [id=14440]

VM state:not at safepoint (normal execution)

VM Mutex/Monitor currently owned by a thread: None

Heap
 PSYoungGen      total 19136K, used 16346K [0x9e1c0000, 0x9f710000, 0xb3710000)
  eden space 16448K, 83% used [0x9e1c0000,0x9ef173d8,0x9f1d0000)
  from space 2688K, 99% used [0x9f470000,0x9f70f6b0,0x9f710000)
  to   space 2688K, 0% used [0x9f1d0000,0x9f1d0000,0x9f470000)
 ParOldGen       total 43712K, used 1600K [0x73710000, 0x761c0000, 0x9e1c0000)
  object space 43712K, 3% used [0x73710000,0x738a0020,0x761c0000)
 PSPermGen       total 16384K, used 11523K [0x6b710000, 0x6c710000, 0x73710000)
  object space 16384K, 70% used [0x6b710000,0x6c250e50,0x6c710000)

Card table byte_map: [0x6b4cf000,0x6b710000] byte_map_base: 0x6b173780

Polling page: 0xb779e000

Code Cache  [0xb37da000, 0xb3a1a000, 0xb67da000)
 total_blobs=451 nmethods=277 adapters=126 free_code_cache=48228Kb largest_free_block=49364096

Compilation events (10 events):
Event: 16.669 Thread 0x679fcc00  271             java.util.concurrent.ConcurrentHashMap::get (141 bytes)
Event: 16.674 Thread 0x679fec00  272             sun.security.provider.SHA::implCompress (491 bytes)
Event: 16.686 Thread 0x679fcc00 nmethod 271 0xb38ba788 code [0xb38ba8c0, 0xb38bad3c]
Event: 16.706 Thread 0x679fcc00  273             java.lang.ref.WeakReference::<init> (7 bytes)
Event: 16.708 Thread 0x679fcc00 nmethod 273 0xb38ba5c8 code [0xb38ba6c0, 0xb38ba730]
Event: 16.709 Thread 0x679fec00 nmethod 272 0xb38c5648 code [0xb38c5760, 0xb38c617c]
Event: 16.715 Thread 0x679fcc00  274             sun.reflect.ClassFileAssembler::cpi (22 bytes)
Event: 16.716 Thread 0x679fcc00 nmethod 274 0xb38ba348 code [0xb38ba440, 0xb38ba490]
Event: 16.747 Thread 0x679fec00  275             java.lang.StringBuilder::append (8 bytes)
Event: 16.754 Thread 0x679fec00 nmethod 275 0xb38c3bc8 code [0xb38c3ce0, 0xb38c3fb0]

GC Heap History (8 events):
Event: 0.620 GC heap before
{Heap before GC invocations=1 (full 0):
 PSYoungGen      total 19136K, used 16448K [0x9e1c0000, 0x9f710000, 0xb3710000)
  eden space 16448K, 100% used [0x9e1c0000,0x9f1d0000,0x9f1d0000)
  from space 2688K, 0% used [0x9f470000,0x9f470000,0x9f710000)
  to   space 2688K, 0% used [0x9f1d0000,0x9f1d0000,0x9f470000)
 ParOldGen       total 43712K, used 0K [0x73710000, 0x761c0000, 0x9e1c0000)
  object space 43712K, 0% used [0x73710000,0x73710000,0x761c0000)
 PSPermGen       total 16384K, used 4495K [0x6b710000, 0x6c710000, 0x73710000)
  object space 16384K, 27% used [0x6b710000,0x6bb73d38,0x6c710000)
Event: 0.625 GC heap after
Heap after GC invocations=1 (full 0):
 PSYoungGen      total 19136K, used 1755K [0x9e1c0000, 0x9f710000, 0xb3710000)
  eden space 16448K, 0% used [0x9e1c0000,0x9e1c0000,0x9f1d0000)
  from space 2688K, 65% used [0x9f1d0000,0x9f386d88,0x9f470000)
  to   space 2688K, 0% used [0x9f470000,0x9f470000,0x9f710000)
 ParOldGen       total 43712K, used 0K [0x73710000, 0x761c0000, 0x9e1c0000)
  object space 43712K, 0% used [0x73710000,0x73710000,0x761c0000)
 PSPermGen       total 16384K, used 4495K [0x6b710000, 0x6c710000, 0x73710000)
  object space 16384K, 27% used [0x6b710000,0x6bb73d38,0x6c710000)
}
Event: 14.844 GC heap before
{Heap before GC invocations=2 (full 0):
 PSYoungGen      total 19136K, used 18135K [0x9e1c0000, 0x9f710000, 0xb3710000)
  eden space 16448K, 99% used [0x9e1c0000,0x9f1beea8,0x9f1d0000)
  from space 2688K, 65% used [0x9f1d0000,0x9f386d88,0x9f470000)
  to   space 2688K, 0% used [0x9f470000,0x9f470000,0x9f710000)
 ParOldGen       total 43712K, used 0K [0x73710000, 0x761c0000, 0x9e1c0000)
  object space 43712K, 0% used [0x73710000,0x73710000,0x761c0000)
 PSPermGen       total 16384K, used 6732K [0x6b710000, 0x6c710000, 0x73710000)
  object space 16384K, 41% used [0x6b710000,0x6bda3188,0x6c710000)
Event: 14.850 GC heap after
Heap after GC invocations=2 (full 0):
 PSYoungGen      total 19136K, used 2274K [0x9e1c0000, 0x9f710000, 0xb3710000)
  eden space 16448K, 0% used [0x9e1c0000,0x9e1c0000,0x9f1d0000)
  from space 2688K, 84% used [0x9f470000,0x9f6a8a88,0x9f710000)
  to   space 2688K, 0% used [0x9f1d0000,0x9f1d0000,0x9f470000)
 ParOldGen       total 43712K, used 4K [0x73710000, 0x761c0000, 0x9e1c0000)
  object space 43712K, 0% used [0x73710000,0x73711000,0x761c0000)
 PSPermGen       total 16384K, used 6732K [0x6b710000, 0x6c710000, 0x73710000)
  object space 16384K, 41% used [0x6b710000,0x6bda3188,0x6c710000)
}
Event: 15.615 GC heap before
{Heap before GC invocations=3 (full 0):
 PSYoungGen      total 19136K, used 18722K [0x9e1c0000, 0x9f710000, 0xb3710000)
  eden space 16448K, 100% used [0x9e1c0000,0x9f1d0000,0x9f1d0000)
  from space 2688K, 84% used [0x9f470000,0x9f6a8a88,0x9f710000)
  to   space 2688K, 0% used [0x9f1d0000,0x9f1d0000,0x9f470000)
 ParOldGen       total 43712K, used 4K [0x73710000, 0x761c0000, 0x9e1c0000)
  object space 43712K, 0% used [0x73710000,0x73711000,0x761c0000)
 PSPermGen       total 16384K, used 9238K [0x6b710000, 0x6c710000, 0x73710000)
  object space 16384K, 56% used [0x6b710000,0x6c015ba8,0x6c710000)
Event: 15.623 GC heap after
Heap after GC invocations=3 (full 0):
 PSYoungGen      total 19136K, used 2680K [0x9e1c0000, 0x9f710000, 0xb3710000)
  eden space 16448K, 0% used [0x9e1c0000,0x9e1c0000,0x9f1d0000)
  from space 2688K, 99% used [0x9f1d0000,0x9f46e238,0x9f470000)
  to   space 2688K, 0% used [0x9f470000,0x9f470000,0x9f710000)
 ParOldGen       total 43712K, used 497K [0x73710000, 0x761c0000, 0x9e1c0000)
  object space 43712K, 1% used [0x73710000,0x7378c618,0x761c0000)
 PSPermGen       total 16384K, used 9238K [0x6b710000, 0x6c710000, 0x73710000)
  object space 16384K, 56% used [0x6b710000,0x6c015ba8,0x6c710000)
}
Event: 16.163 GC heap before
{Heap before GC invocations=4 (full 0):
 PSYoungGen      total 19136K, used 19128K [0x9e1c0000, 0x9f710000, 0xb3710000)
  eden space 16448K, 100% used [0x9e1c0000,0x9f1d0000,0x9f1d0000)
  from space 2688K, 99% used [0x9f1d0000,0x9f46e238,0x9f470000)
  to   space 2688K, 0% used [0x9f470000,0x9f470000,0x9f710000)
 ParOldGen       total 43712K, used 497K [0x73710000, 0x761c0000, 0x9e1c0000)
  object space 43712K, 1% used [0x73710000,0x7378c618,0x761c0000)
 PSPermGen       total 16384K, used 11020K [0x6b710000, 0x6c710000, 0x73710000)
  object space 16384K, 67% used [0x6b710000,0x6c1d3038,0x6c710000)
Event: 16.173 GC heap after
Heap after GC invocations=4 (full 0):
 PSYoungGen      total 19136K, used 2685K [0x9e1c0000, 0x9f710000, 0xb3710000)
  eden space 16448K, 0% used [0x9e1c0000,0x9e1c0000,0x9f1d0000)
  from space 2688K, 99% used [0x9f470000,0x9f70f6b0,0x9f710000)
  to   space 2688K, 0% used [0x9f1d0000,0x9f1d0000,0x9f470000)
 ParOldGen       total 43712K, used 1600K [0x73710000, 0x761c0000, 0x9e1c0000)
  object space 43712K, 3% used [0x73710000,0x738a0020,0x761c0000)
 PSPermGen       total 16384K, used 11020K [0x6b710000, 0x6c710000, 0x73710000)
  object space 16384K, 67% used [0x6b710000,0x6c1d3038,0x6c710000)
}

Deoptimization events (10 events):
Event: 14.748 Thread 0xb6808800 Uncommon trap -58 fr.pc 0xb384c2b0
Event: 14.833 Thread 0xb6808800 Uncommon trap 33 fr.pc 0xb3849594
Event: 15.260 Thread 0xb6808800 Uncommon trap -34 fr.pc 0xb382ea0c
Event: 15.823 Thread 0xb6808800 Uncommon trap -83 fr.pc 0xb3863048
Event: 16.022 Thread 0xb6808800 Uncommon trap -34 fr.pc 0xb383e5a8
Event: 16.022 Thread 0xb6808800 Uncommon trap -34 fr.pc 0xb383e5a8
Event: 16.022 Thread 0xb6808800 Uncommon trap -34 fr.pc 0xb383e5a8
Event: 16.023 Thread 0xb6808800 Uncommon trap -34 fr.pc 0xb383e5a8
Event: 16.720 Thread 0xb6808800 Uncommon trap -75 fr.pc 0xb38b2e84
Event: 16.720 Thread 0xb6808800 Uncommon trap -75 fr.pc 0xb38b53a0

Internal exceptions (10 events):
Event: 16.760 Thread 0xb6808800 Threw 0x9eee83e8 at /builddir/build/BUILD/java-1.7.0-openjdk/openjdk/hotspot/src/share/vm/prims/jvm.cpp:1166
Event: 16.761 Thread 0xb6808800 Threw 0x9eeeade0 at /builddir/build/BUILD/java-1.7.0-openjdk/openjdk/hotspot/src/share/vm/prims/jvm.cpp:1166
Event: 16.762 Thread 0xb6808800 Threw 0x9eeeea50 at /builddir/build/BUILD/java-1.7.0-openjdk/openjdk/hotspot/src/share/vm/prims/jvm.cpp:1166
Event: 16.762 Thread 0xb6808800 Threw 0x9eef0a60 at /builddir/build/BUILD/java-1.7.0-openjdk/openjdk/hotspot/src/share/vm/prims/jvm.cpp:1166
Event: 16.762 Thread 0xb6808800 Threw 0x9eef27e0 at /builddir/build/BUILD/java-1.7.0-openjdk/openjdk/hotspot/src/share/vm/prims/jvm.cpp:1166
Event: 16.763 Thread 0xb6808800 Threw 0x9eef44c8 at /builddir/build/BUILD/java-1.7.0-openjdk/openjdk/hotspot/src/share/vm/prims/jvm.cpp:1166
Event: 16.763 Thread 0xb6808800 Threw 0x9eef61d0 at /builddir/build/BUILD/java-1.7.0-openjdk/openjdk/hotspot/src/share/vm/prims/jvm.cpp:1166
Event: 16.764 Thread 0xb6808800 Threw 0x9eefd840 at /builddir/build/BUILD/java-1.7.0-openjdk/openjdk/hotspot/src/share/vm/prims/jvm.cpp:1166
Event: 16.765 Thread 0xb6808800 Threw 0x9ef04ef8 at /builddir/build/BUILD/java-1.7.0-openjdk/openjdk/hotspot/src/share/vm/prims/jvm.cpp:1166
Event: 16.766 Thread 0xb6808800 Threw 0x9ef08818 at /builddir/build/BUILD/java-1.7.0-openjdk/openjdk/hotspot/src/share/vm/prims/jvm.cpp:1166

Events (10 events):
Event: 16.763 loading class 0x661d5ef8
Event: 16.763 loading class 0x661d5ef8 done
Event: 16.763 loading class 0x66147a38
Event: 16.763 loading class 0x66147a38 done
Event: 16.764 loading class 0x661470e0
Event: 16.764 loading class 0x661470e0 done
Event: 16.765 loading class 0x66144830
Event: 16.765 loading class 0x66144830 done
Event: 16.766 loading class 0x66152b28
Event: 16.766 loading class 0x66152b28 done


Dynamic libraries:
08048000-08049000 r-xp 00000000 fd:01 1966751    /usr/lib/jvm/java-1.7.0-openjdk-1.7.0.6/bin/java
08049000-0804a000 rw-p 00000000 fd:01 1966751    /usr/lib/jvm/java-1.7.0-openjdk-1.7.0.6/bin/java
0979f000-097c0000 rw-p 00000000 00:00 0          [heap]
42eda000-42ef9000 r-xp 00000000 fd:01 136060     /usr/lib/ld-2.15.so
42ef9000-42efa000 r--p 0001e000 fd:01 136060     /usr/lib/ld-2.15.so
42efa000-42efb000 rw-p 0001f000 fd:01 136060     /usr/lib/ld-2.15.so
42efd000-430a8000 r-xp 00000000 fd:01 136128     /usr/lib/libc-2.15.so
430a8000-430a9000 ---p 001ab000 fd:01 136128     /usr/lib/libc-2.15.so
430a9000-430ab000 r--p 001ab000 fd:01 136128     /usr/lib/libc-2.15.so
430ab000-430ac000 rw-p 001ad000 fd:01 136128     /usr/lib/libc-2.15.so
430ac000-430af000 rw-p 00000000 00:00 0 
430b1000-430c7000 r-xp 00000000 fd:01 136204     /usr/lib/libpthread-2.15.so
430c7000-430c8000 r--p 00015000 fd:01 136204     /usr/lib/libpthread-2.15.so
430c8000-430c9000 rw-p 00016000 fd:01 136204     /usr/lib/libpthread-2.15.so
430c9000-430cb000 rw-p 00000000 00:00 0 
430cd000-430d0000 r-xp 00000000 fd:01 136169     /usr/lib/libdl-2.15.so
430d0000-430d1000 r--p 00002000 fd:01 136169     /usr/lib/libdl-2.15.so
430d1000-430d2000 rw-p 00003000 fd:01 136169     /usr/lib/libdl-2.15.so
430d4000-430db000 r-xp 00000000 fd:01 136931     /usr/lib/librt-2.15.so
430db000-430dc000 r--p 00006000 fd:01 136931     /usr/lib/librt-2.15.so
430dc000-430dd000 rw-p 00007000 fd:01 136931     /usr/lib/librt-2.15.so
430df000-430f4000 r-xp 00000000 fd:01 139264     /usr/lib/libz.so.1.2.5
430f4000-430f5000 rw-p 00014000 fd:01 139264     /usr/lib/libz.so.1.2.5
430f7000-43103000 r-xp 00000000 fd:01 1966564    /usr/lib/jvm/java-1.7.0-openjdk-1.7.0.6/jre/lib/i386/jli/libjli.so
43103000-43104000 rw-p 0000b000 fd:01 1966564    /usr/lib/jvm/java-1.7.0-openjdk-1.7.0.6/jre/lib/i386/jli/libjli.so
435b1000-435cd000 r-xp 00000000 fd:01 136386     /usr/lib/libgcc_s-4.7.2-20120921.so.1
435cd000-435ce000 rw-p 0001b000 fd:01 136386     /usr/lib/libgcc_s-4.7.2-20120921.so.1
43b33000-43c13000 r-xp 00000000 fd:01 136401     /usr/lib/libstdc++.so.6.0.17
43c13000-43c17000 r--p 000e0000 fd:01 136401     /usr/lib/libstdc++.so.6.0.17
43c17000-43c18000 rw-p 000e4000 fd:01 136401     /usr/lib/libstdc++.so.6.0.17
43c18000-43c1f000 rw-p 00000000 00:00 0 
44169000-44178000 r-xp 00000000 fd:01 157834     /usr/lib/libgomp.so.1.0.0
44178000-44179000 rw-p 0000e000 fd:01 157834     /usr/lib/libgomp.so.1.0.0
64842000-659db000 r-xp 00000000 fd:02 7607783    /home/kaituo/code/pig3/trunk/libz3.so
659db000-659dc000 r--p 01199000 fd:02 7607783    /home/kaituo/code/pig3/trunk/libz3.so
659dc000-659dd000 rw-p 0119a000 fd:02 7607783    /home/kaituo/code/pig3/trunk/libz3.so
659dd000-65a00000 rw-p 00000000 00:00 0 
65a00000-65ae5000 rw-p 00000000 00:00 0 
65ae5000-65b00000 ---p 00000000 00:00 0 
65b00000-65c00000 rw-p 00000000 00:00 0 
65c00000-65d00000 rw-p 00000000 00:00 0 
65d00000-65dea000 rw-p 00000000 00:00 0 
65dea000-65e00000 ---p 00000000 00:00 0 
65f00000-65f3a000 rw-p 00000000 00:00 0 
65f3a000-66000000 ---p 00000000 00:00 0 
66000000-660f8000 rw-p 00000000 00:00 0 
660f8000-66100000 ---p 00000000 00:00 0 
66100000-661f1000 rw-p 00000000 00:00 0 
661f1000-66200000 ---p 00000000 00:00 0 
66300000-663fd000 rw-p 00000000 00:00 0 
663fd000-66400000 ---p 00000000 00:00 0 
66400000-664ee000 rw-p 00000000 00:00 0 
664ee000-66500000 ---p 00000000 00:00 0 
66500000-665fe000 rw-p 00000000 00:00 0 
665fe000-66600000 ---p 00000000 00:00 0 
666fb000-66700000 r--s 000a0000 fd:01 1972257    /usr/lib/jvm/java-1.7.0-openjdk-1.7.0.6/jre/lib/jsse.jar
66700000-667fe000 rw-p 00000000 00:00 0 
667fe000-66800000 ---p 00000000 00:00 0 
66900000-66a00000 rw-p 00000000 00:00 0 
66a00000-66afd000 rw-p 00000000 00:00 0 
66afd000-66b00000 ---p 00000000 00:00 0 
66b00000-66bf3000 rw-p 00000000 00:00 0 
66bf3000-66c00000 ---p 00000000 00:00 0 
66c0c000-66c2e000 r-xp 00000000 fd:02 7607784    /home/kaituo/code/pig3/trunk/libz3wrap.so
66c2e000-66c2f000 rw-p 00022000 fd:02 7607784    /home/kaituo/code/pig3/trunk/libz3wrap.so
66c2f000-66c32000 r--s 00014000 fd:01 1972255    /usr/lib/jvm/java-1.7.0-openjdk-1.7.0.6/jre/lib/jce.jar
66c32000-66c3a000 r-xp 00000000 fd:01 1972225    /usr/lib/jvm/java-1.7.0-openjdk-1.7.0.6/jre/lib/i386/libmanagement.so
66c3a000-66c3b000 rw-p 00007000 fd:01 1972225    /usr/lib/jvm/java-1.7.0-openjdk-1.7.0.6/jre/lib/i386/libmanagement.so
66c3b000-66c3e000 ---p 00000000 00:00 0 
66c3e000-66c8c000 rw-p 00000000 00:00 0 
66c8c000-66c8f000 ---p 00000000 00:00 0 
66c8f000-66cdd000 rw-p 00000000 00:00 0 
66cdd000-66ce0000 ---p 00000000 00:00 0 
66ce0000-66cee000 rw-p 00000000 00:00 0          [stack:14443]
66cee000-66cff000 r-xp 00000000 fd:01 1972228    /usr/lib/jvm/java-1.7.0-openjdk-1.7.0.6/jre/lib/i386/libnio.so
66cff000-66d00000 rw-p 00011000 fd:01 1972228    /usr/lib/jvm/java-1.7.0-openjdk-1.7.0.6/jre/lib/i386/libnio.so
66d00000-66df9000 rw-p 00000000 00:00 0 
66df9000-66e00000 ---p 00000000 00:00 0 
66e00000-66ee4000 rw-p 00000000 00:00 0 
66ee4000-66f00000 ---p 00000000 00:00 0 
66f00000-67000000 rw-p 00000000 00:00 0 
67001000-6700b000 r--s 00263000 fd:01 1972270    /usr/lib/jvm/java-1.7.0-openjdk-1.7.0.6/jre/lib/resources.jar
6700b000-6700f000 r--s 00085000 fd:01 1972159    /usr/lib/jvm/java-1.7.0-openjdk-1.7.0.6/jre/lib/ext/localedata.jar
6700f000-67012000 ---p 00000000 00:00 0 
67012000-67060000 rw-p 00000000 00:00 0          [stack:14441]
67060000-67076000 r-xp 00000000 fd:01 1972227    /usr/lib/jvm/java-1.7.0-openjdk-1.7.0.6/jre/lib/i386/libnet.so
67076000-67077000 rw-p 00016000 fd:01 1972227    /usr/lib/jvm/java-1.7.0-openjdk-1.7.0.6/jre/lib/i386/libnet.so
67077000-67086000 r--s 000ba000 fd:02 7604714    /home/kaituo/code/pig3/trunk/lib/trove-2.1.0.jar
67086000-6708a000 r--s 0002a000 fd:02 8786570    /home/kaituo/code/pig3/trunk/lib/commons-io-2.4.jar
6708a000-670a1000 r--s 00123000 fd:02 7604716    /home/kaituo/code/pig3/trunk/lib/commons-math3-3.0.jar
670a1000-670a4000 r--s 00010000 fd:02 7604715    /home/kaituo/code/pig3/trunk/lib/z3.jar
670a4000-670a7000 r--s 0001b000 fd:02 6816935    /home/kaituo/Downloads/eclipse/plugins/org.junit_3.8.2.v3_8_2_v20100427-1100/junit.jar
670a7000-670ae000 r--s 0003d000 fd:02 7606277    /home/kaituo/code/pig3/trunk/build/ivy/lib/Pig/hamcrest-all-1.3.0RC2.jar
670ae000-670b7000 r--s 0008a000 fd:02 7606324    /home/kaituo/code/pig3/trunk/build/ivy/lib/Pig/zookeeper-3.3.3.jar
670b7000-670b8000 r--s 00003000 fd:02 7606306    /home/kaituo/code/pig3/trunk/build/ivy/lib/Pig/xmlenc-0.52.jar
670b8000-670bb000 r--s 00022000 fd:02 7606340    /home/kaituo/code/pig3/trunk/build/ivy/lib/Pig/stringtemplate-3.2.1.jar
670bb000-670bd000 r--s 000f2000 fd:02 7606296    /home/kaituo/code/pig3/trunk/build/ivy/lib/Pig/snappy-java-1.0.3.2.jar
670bd000-670be000 r--s 00002000 fd:02 7606341    /home/kaituo/code/pig3/trunk/build/ivy/lib/Pig/slf4j-log4j12-1.6.1.jar
670be000-670c0000 r--s 00005000 fd:02 7606332    /home/kaituo/code/pig3/trunk/build/ivy/lib/Pig/slf4j-api-1.6.1.jar
670c0000-670c3000 r--s 0001e000 fd:02 7606281    /home/kaituo/code/pig3/trunk/build/ivy/lib/Pig/servlet-api-2.5-6.1.14.jar
670c3000-670c5000 r--s 0001f000 fd:02 7606300    /home/kaituo/code/pig3/trunk/build/ivy/lib/Pig/servlet-api-2.5-20081211.jar
670c5000-670c7000 r--s 00006000 fd:02 7606290    /home/kaituo/code/pig3/trunk/build/ivy/lib/Pig/paranamer-2.3.jar
670c7000-670c9000 r--s 0000e000 fd:02 7606321    /home/kaituo/code/pig3/trunk/build/ivy/lib/Pig/oro-2.0.8.jar
670c9000-670d8000 r--s 000b1000 fd:02 7606334    /home/kaituo/code/pig3/trunk/build/ivy/lib/Pig/netty-3.2.2.Final.jar
670d8000-670e5000 r--s 0008f000 fd:02 7606295    /home/kaituo/code/pig3/trunk/build/ivy/lib/Pig/mina-core-2.0.0-M5.jar
670e5000-670ee000 r--s 0006d000 fd:02 7606289    /home/kaituo/code/pig3/trunk/build/ivy/lib/Pig/log4j-1.2.16.jar
670ee000-670ef000 r--s 00002000 fd:02 7606327    /home/kaituo/code/pig3/trunk/build/ivy/lib/Pig/kfs-0.3.jar
670ef000-67151000 r--s 005e9000 fd:02 7606275    /home/kaituo/code/pig3/trunk/build/ivy/lib/Pig/jython-2.5.0.jar
67151000-67157000 r--s 0002b000 fd:02 7606319    /home/kaituo/code/pig3/trunk/build/ivy/lib/Pig/junit-4.5.jar
67157000-6715a000 r--s 0001b000 fd:02 7606303    /home/kaituo/code/pig3/trunk/build/ivy/lib/Pig/junit-3.8.1.jar
6715a000-6715d000 r--s 0001e000 fd:02 7606330    /home/kaituo/code/pig3/trunk/build/ivy/lib/Pig/jsp-api-2.1-6.1.14.jar
6715d000-6716e000 r--s 000ea000 fd:02 7606308    /home/kaituo/code/pig3/trunk/build/ivy/lib/Pig/jsp-2.1-6.1.14.jar
6716e000-6716f000 r--s 00003000 fd:02 7606335    /home/kaituo/code/pig3/trunk/build/ivy/lib/Pig/json-simple-1.1.jar
6716f000-67172000 r--s 00029000 fd:02 7606293    /home/kaituo/code/pig3/trunk/build/ivy/lib/Pig/jsch-0.1.38.jar
67172000-6717b000 r--s 000cc000 fd:02 7606312    /home/kaituo/code/pig3/trunk/build/ivy/lib/Pig/js-1.7R2.jar
6717b000-6718a000 r--s 00074000 fd:02 7606274    /home/kaituo/code/pig3/trunk/build/ivy/lib/Pig/joda-time-1.6.jar
6718a000-6718c000 r--s 00014000 fd:02 7606304    /home/kaituo/code/pig3/trunk/build/ivy/lib/Pig/jline-0.9.94.jar
6718c000-67190000 r--s 00028000 fd:02 7606320    /home/kaituo/code/pig3/trunk/build/ivy/lib/Pig/jetty-util-6.1.26.jar
67190000-67197000 r--s 0007d000 fd:02 7606317    /home/kaituo/code/pig3/trunk/build/ivy/lib/Pig/jetty-6.1.26.jar
67197000-6719d000 r--s 00057000 fd:02 7606307    /home/kaituo/code/pig3/trunk/build/ivy/lib/Pig/jets3t-0.7.1.jar
6719d000-671a7000 r--s 00066000 fd:02 7606285    /home/kaituo/code/pig3/trunk/build/ivy/lib/Pig/jersey-core-1.8.jar
671a7000-671ab000 r--s 00032000 fd:02 7606291    /home/kaituo/code/pig3/trunk/build/ivy/lib/Pig/jdeb-0.8.jar
671ab000-671e1000 r--s 00316000 fd:02 7606276    /home/kaituo/code/pig3/trunk/build/ivy/lib/Pig/hive-exec-0.8.0.jar
671e1000-671fe000 r--s 00204000 fd:02 7606273    /home/kaituo/code/pig3/trunk/build/ivy/lib/Pig/hbase-0.90.0.jar
671fe000-671ff000 ---p 00000000 00:00 0 
671ff000-6727f000 rw-p 00000000 00:00 0          [stack:14440]
6727f000-67282000 ---p 00000000 00:00 0 
67282000-67300000 rw-p 00000000 00:00 0          [stack:14438]
67300000-67400000 rw-p 00000000 00:00 0 
67400000-67401000 r-xp 00000000 fd:01 1972214    /usr/lib/jvm/java-1.7.0-openjdk-1.7.0.6/jre/lib/i386/libjaas_unix.so
67401000-67402000 rw-p 00000000 fd:01 1972214    /usr/lib/jvm/java-1.7.0-openjdk-1.7.0.6/jre/lib/i386/libjaas_unix.so
67402000-67407000 r--s 00044000 fd:02 7606316    /home/kaituo/code/pig3/trunk/build/ivy/lib/Pig/javacc.jar
67407000-6740c000 r--s 00044000 fd:02 7606298    /home/kaituo/code/pig3/trunk/build/ivy/lib/Pig/javacc-4.2.jar
6740c000-6742e000 r--s 00248000 fd:02 7606279    /home/kaituo/code/pig3/trunk/build/ivy/lib/Pig/hadoop-test-1.0.0.jar
6742e000-67431000 ---p 00000000 00:00 0 
67431000-6747f000 rw-p 00000000 00:00 0          [stack:14439]
6747f000-67482000 ---p 00000000 00:00 0 
67482000-67500000 rw-p 00000000 00:00 0          [stack:14437]
67500000-67700000 r--p 00000000 fd:01 161903     /usr/lib/locale/locale-archive
67700000-677f8000 rw-p 00000000 00:00 0 
677f8000-67800000 ---p 00000000 00:00 0 
67800000-67821000 rw-p 00000000 00:00 0 
67821000-67900000 ---p 00000000 00:00 0 
67900000-67a00000 rw-p 00000000 00:00 0 
67a00000-67a02000 r--s 00011000 fd:02 7606318    /home/kaituo/code/pig3/trunk/build/ivy/lib/Pig/jasper-runtime-5.5.12.jar
67a02000-67a07000 r--s 0005e000 fd:02 7606280    /home/kaituo/code/pig3/trunk/build/ivy/lib/Pig/jasper-compiler-5.5.12.jar
67a07000-67a13000 r--s 0008d000 fd:02 7606284    /home/kaituo/code/pig3/trunk/build/ivy/lib/Pig/jackson-mapper-asl-1.7.3.jar
67a13000-67a17000 r--s 0002f000 fd:02 7606287    /home/kaituo/code/pig3/trunk/build/ivy/lib/Pig/jackson-core-asl-1.7.3.jar
67a17000-67a4b000 r--s 0035e000 fd:02 7606301    /home/kaituo/code/pig3/trunk/build/ivy/lib/Pig/hadoop-core-1.0.0.jar
67a4b000-67a4c000 ---p 00000000 00:00 0 
67a4c000-67b14000 rw-p 00000000 00:00 0          [stack:14433]
67b14000-67cc0000 r--s 03e64000 fd:01 1972272    /usr/lib/jvm/java-1.7.0-openjdk-1.7.0.6/jre/lib/rt.jar
67cc0000-6ac00000 rw-p 00000000 00:00 0 
6ac00000-6acf3000 rw-p 00000000 00:00 0 
6acf3000-6ad00000 ---p 00000000 00:00 0 
6ad01000-6ad06000 r--s 00028000 fd:02 7606299    /home/kaituo/code/pig3/trunk/build/ivy/lib/Pig/httpcore-4.1.jar
6ad06000-6ad0e000 r--s 0004e000 fd:02 7606294    /home/kaituo/code/pig3/trunk/build/ivy/lib/Pig/httpclient-4.1.jar
6ad0e000-6ad2e000 r--s 00173000 fd:02 7606278    /home/kaituo/code/pig3/trunk/build/ivy/lib/Pig/guava-11.0.jar
6ad2e000-6ad31000 ---p 00000000 00:00 0 
6ad31000-6ad7f000 rw-p 00000000 00:00 0          [stack:14436]
6ad7f000-6ad80000 ---p 00000000 00:00 0 
6ad80000-6ae00000 rw-p 00000000 00:00 0          [stack:14432]
6ae00000-6ae21000 rw-p 00000000 00:00 0 
6ae21000-6af00000 ---p 00000000 00:00 0 
6af00000-6af21000 rw-p 00000000 00:00 0 
6af21000-6b000000 ---p 00000000 00:00 0 
6b000000-6b00b000 r--s 000cf000 fd:02 7606323    /home/kaituo/code/pig3/trunk/build/ivy/lib/Pig/hbase-0.90.0-tests.jar
6b00b000-6b02e000 r--s 00344000 fd:02 7606314    /home/kaituo/code/pig3/trunk/build/ivy/lib/Pig/core-3.1.1.jar
6b02e000-6b031000 ---p 00000000 00:00 0 
6b031000-6b07f000 rw-p 00000000 00:00 0          [stack:14435]
6b07f000-6b080000 ---p 00000000 00:00 0 
6b080000-6b100000 rw-p 00000000 00:00 0          [stack:14431]
6b100000-6b121000 rw-p 00000000 00:00 0 
6b121000-6b200000 ---p 00000000 00:00 0 
6b200000-6b209000 r--s 000a4000 fd:02 7606286    /home/kaituo/code/pig3/trunk/build/ivy/lib/Pig/hsqldb-1.8.0.10.jar
6b209000-6b20a000 r--s 00007000 fd:02 7606313    /home/kaituo/code/pig3/trunk/build/ivy/lib/Pig/ftpserver-deprecated-1.0.0-M2.jar
6b20a000-6b210000 r--s 0003d000 fd:02 7606339    /home/kaituo/code/pig3/trunk/build/ivy/lib/Pig/ftpserver-core-1.0.0.jar
6b210000-6b212000 r--s 00004000 fd:02 7606337    /home/kaituo/code/pig3/trunk/build/ivy/lib/Pig/ftplet-api-1.0.0.jar
6b212000-6b217000 r--s 00028000 fd:02 7606336    /home/kaituo/code/pig3/trunk/build/ivy/lib/Pig/commons-net-1.4.1.jar
6b217000-6b219000 r--s 0000d000 fd:02 7606302    /home/kaituo/code/pig3/trunk/build/ivy/lib/Pig/commons-logging-1.1.1.jar
6b219000-6b21d000 r--s 0003c000 fd:02 7606333    /home/kaituo/code/pig3/trunk/build/ivy/lib/Pig/commons-lang-2.4.jar
6b21d000-6b222000 r--s 00040000 fd:02 7606328    /home/kaituo/code/pig3/trunk/build/ivy/lib/Pig/commons-httpclient-3.0.1.jar
6b222000-6b225000 r--s 00019000 fd:02 7606305    /home/kaituo/code/pig3/trunk/build/ivy/lib/Pig/commons-el-1.0.jar
6b225000-6b229000 r--s 00020000 fd:02 7606311    /home/kaituo/code/pig3/trunk/build/ivy/lib/Pig/commons-digester-1.8.jar
6b229000-6b237000 r--s 0007f000 fd:02 7606315    /home/kaituo/code/pig3/trunk/build/ivy/lib/Pig/commons-collections-3.2.1.jar
6b237000-6b238000 ---p 00000000 00:00 0 
6b238000-6b2b8000 rw-p 00000000 00:00 0          [stack:14430]
6b2b8000-6b2b9000 ---p 00000000 00:00 0 
6b2b9000-6b341000 rw-p 00000000 00:00 0          [stack:14429]
6b341000-6b379000 rw-p 00000000 00:00 0 
6b379000-6b38f000 rw-p 00000000 00:00 0 
6b38f000-6b4cf000 rw-p 00000000 00:00 0 
6b4cf000-6b4d7000 rw-p 00000000 00:00 0 
6b4d7000-6b50f000 rw-p 00000000 00:00 0 
6b50f000-6b525000 rw-p 00000000 00:00 0 
6b525000-6b664000 rw-p 00000000 00:00 0 
6b664000-6b66f000 rw-p 00000000 00:00 0 
6b66f000-6b70f000 rw-p 00000000 00:00 0 
6b70f000-6c710000 rw-p 00000000 00:00 0 
6c710000-73710000 rw-p 00000000 00:00 0 
73710000-761c0000 rw-p 00000000 00:00 0 
761c0000-9e1c0000 rw-p 00000000 00:00 0 
9e1c0000-9f710000 rw-p 00000000 00:00 0 
9f710000-b3710000 rw-p 00000000 00:00 0 
b3710000-b3716000 r--s 00043000 fd:02 7606310    /home/kaituo/code/pig3/trunk/build/ivy/lib/Pig/commons-configuration-1.6.jar
b3716000-b371a000 r--s 0002f000 fd:02 7606297    /home/kaituo/code/pig3/trunk/build/ivy/lib/Pig/commons-beanutils-core-1.8.0.jar
b371a000-b3723000 rw-p 00000000 00:00 0 
b3723000-b37da000 rw-p 00000000 00:00 0 
b37da000-b3a1a000 rwxp 00000000 00:00 0 
b3a1a000-b67da000 rw-p 00000000 00:00 0 
b67da000-b67e5000 r-xp 00000000 fd:01 156771     /usr/lib/libnss_files-2.15.so
b67e5000-b67e6000 r--p 0000a000 fd:01 156771     /usr/lib/libnss_files-2.15.so
b67e6000-b67e7000 rw-p 0000b000 fd:01 156771     /usr/lib/libnss_files-2.15.so
b67e8000-b67ed000 r--s 0002a000 fd:02 7606338    /home/kaituo/code/pig3/trunk/build/ivy/lib/Pig/commons-beanutils-1.7.0.jar
b67ed000-b67f3000 r--s 0003b000 fd:02 7606292    /home/kaituo/code/pig3/trunk/build/ivy/lib/Pig/avro-1.5.3.jar
b67f3000-b67f8000 r--s 00027000 fd:02 7606283    /home/kaituo/code/pig3/trunk/build/ivy/lib/Pig/automaton-1.11-8.jar
b67f8000-b6800000 rw-s 00000000 fd:01 407386     /tmp/hsperfdata_kaituo/14421
b6800000-b68fd000 rw-p 00000000 00:00 0 
b68fd000-b6900000 ---p 00000000 00:00 0 
b6900000-b6904000 r--s 00025000 fd:02 7606322    /home/kaituo/code/pig3/trunk/build/ivy/lib/Pig/antlr-runtime-3.4.jar
b6904000-b690f000 r--s 00105000 fd:02 7606309    /home/kaituo/code/pig3/trunk/build/ivy/lib/Pig/antlr-3.4.jar
b690f000-b6914000 r--s 00068000 fd:02 7606331    /home/kaituo/code/pig3/trunk/build/ivy/lib/Pig/antlr-2.7.7.jar
b6914000-b6923000 r--s 000ee000 fd:02 7606282    /home/kaituo/code/pig3/trunk/build/ivy/lib/Pig/ant-1.6.5.jar
b6923000-b692c000 r--s 00066000 fd:01 1972158    /usr/lib/jvm/java-1.7.0-openjdk-1.7.0.6/jre/lib/ext/gnome-java-bridge.jar
b692c000-b692f000 ---p 00000000 00:00 0 
b692f000-b697d000 rw-p 00000000 00:00 0          [stack:14434]
b697d000-b6985000 r-xp 00000000 fd:01 1972238    /usr/lib/jvm/java-1.7.0-openjdk-1.7.0.6/jre/lib/i386/libzip.so
b6985000-b6986000 rw-p 00008000 fd:01 1972238    /usr/lib/jvm/java-1.7.0-openjdk-1.7.0.6/jre/lib/i386/libzip.so
b6986000-b69ac000 r-xp 00000000 fd:01 1972215    /usr/lib/jvm/java-1.7.0-openjdk-1.7.0.6/jre/lib/i386/libjava.so
b69ac000-b69ad000 rw-p 00026000 fd:01 1972215    /usr/lib/jvm/java-1.7.0-openjdk-1.7.0.6/jre/lib/i386/libjava.so
b69ad000-b69b0000 ---p 00000000 00:00 0 
b69b0000-b69fe000 rw-p 00000000 00:00 0          [stack:14428]
b69fe000-b6a27000 r-xp 00000000 fd:01 136350     /usr/lib/libm-2.15.so
b6a27000-b6a28000 r--p 00028000 fd:01 136350     /usr/lib/libm-2.15.so
b6a28000-b6a29000 rw-p 00029000 fd:01 136350     /usr/lib/libm-2.15.so
b6a29000-b731a000 r-xp 00000000 fd:01 1972242    /usr/lib/jvm/java-1.7.0-openjdk-1.7.0.6/jre/lib/i386/server/libjvm.so
b731a000-b7375000 rw-p 008f0000 fd:01 1972242    /usr/lib/jvm/java-1.7.0-openjdk-1.7.0.6/jre/lib/i386/server/libjvm.so
b7375000-b7792000 rw-p 00000000 00:00 0 
b7792000-b7794000 r--s 0000d000 fd:02 7606329    /home/kaituo/code/pig3/trunk/build/ivy/lib/Pig/commons-codec-1.4.jar
b7794000-b7796000 r--s 00009000 fd:02 7606326    /home/kaituo/code/pig3/trunk/build/ivy/lib/Pig/commons-cli-1.2.jar
b7796000-b779a000 r--s 00036000 fd:02 7606325    /home/kaituo/code/pig3/trunk/build/ivy/lib/Pig/ST4-4.0.4.jar
b779a000-b779d000 r--s 0000f000 fd:01 1972161    /usr/lib/jvm/java-1.7.0-openjdk-1.7.0.6/jre/lib/ext/pulse-java.jar
b779d000-b779e000 rw-p 00000000 00:00 0 
b779e000-b779f000 r--p 00000000 00:00 0 
b779f000-b77aa000 r-xp 00000000 fd:01 1972237    /usr/lib/jvm/java-1.7.0-openjdk-1.7.0.6/jre/lib/i386/libverify.so
b77aa000-b77ab000 rw-p 0000a000 fd:01 1972237    /usr/lib/jvm/java-1.7.0-openjdk-1.7.0.6/jre/lib/i386/libverify.so
b77ab000-b77ac000 rw-p 00000000 00:00 0 
b77ac000-b77ad000 r-xp 00000000 00:00 0          [vdso]
bf8b6000-bf8d8000 rw-p 00000000 00:00 0          [stack]

VM Arguments:
jvm_args: -Dfile.encoding=UTF-8 
java_command: org.eclipse.jdt.internal.junit.runner.RemoteTestRunner -version 3 -port 40790 -testLoaderClass org.eclipse.jdt.internal.junit4.runner.JUnit4TestLoader -loaderpluginname org.eclipse.jdt.junit4.runtime -classNames edu.umass.cs.pig.test.TestExGen4PigMixReal2
Launcher Type: SUN_STANDARD

Environment Variables:
JAVA_HOME=/usr/lib/jvm/java-1.7.0-openjdk-1.7.0.5
PATH=/home/kaituo/perl5/bin:/home/kaituo/perl5/perlbrew/bin:/home/kaituo/perl5/perlbrew/perls/perl-5.16.0/bin:/usr/lib/ccache:/usr/local/bin:/usr/bin:/bin:/usr/local/sbin:/usr/sbin:/home/kaituo/.local/bin:/home/kaituo/bin:/home/kaituo/Downloads/pig-0.9.2/bin
USERNAME=kaituo
LD_LIBRARY_PATH=.
SHELL=/bin/bash
DISPLAY=:0.0

Signal Handlers:
SIGSEGV: [libjvm.so+0x729e90], sa_mask[0]=0x7ffbfeff, sa_flags=0x10000004
SIGBUS: [libjvm.so+0x729e90], sa_mask[0]=0x7ffbfeff, sa_flags=0x10000004
SIGFPE: [libjvm.so+0x5d35f0], sa_mask[0]=0x7ffbfeff, sa_flags=0x10000004
SIGPIPE: [libjvm.so+0x5d35f0], sa_mask[0]=0x7ffbfeff, sa_flags=0x10000004
SIGXFSZ: [libjvm.so+0x5d35f0], sa_mask[0]=0x7ffbfeff, sa_flags=0x10000004
SIGILL: [libjvm.so+0x5d35f0], sa_mask[0]=0x7ffbfeff, sa_flags=0x10000004
SIGUSR1: SIG_DFL, sa_mask[0]=0x00000000, sa_flags=0x00000000
SIGUSR2: [libjvm.so+0x5d3490], sa_mask[0]=0x00000004, sa_flags=0x10000004
SIGHUP: [libjvm.so+0x5d38b0], sa_mask[0]=0x7ffbfeff, sa_flags=0x10000004
SIGINT: [libjvm.so+0x5d38b0], sa_mask[0]=0x7ffbfeff, sa_flags=0x10000004
SIGTERM: [libjvm.so+0x5d38b0], sa_mask[0]=0x7ffbfeff, sa_flags=0x10000004
SIGQUIT: [libjvm.so+0x5d38b0], sa_mask[0]=0x7ffbfeff, sa_flags=0x10000004


---------------  S Y S T E M  ---------------

OS:Fedora release 17 (Beefy Miracle)

uname:Linux 3.5.4-1.fc17.i686.PAE #1 SMP Mon Sep 17 15:19:42 UTC 2012 i686
libc:glibc 2.15 NPTL 2.15 
rlimit: STACK 8192k, CORE 0k, NPROC 1024, NOFILE 4096, AS infinity
load average:0.43 0.44 0.37

/proc/meminfo:
MemTotal:        6067140 kB
MemFree:         3347308 kB
Buffers:          241188 kB
Cached:          1246348 kB
SwapCached:            0 kB
Active:          1605908 kB
Inactive:         785824 kB
Active(anon):     906224 kB
Inactive(anon):     1860 kB
Active(file):     699684 kB
Inactive(file):   783964 kB
Unevictable:           0 kB
Mlocked:               0 kB
HighTotal:       5241780 kB
HighFree:        2913520 kB
LowTotal:         825360 kB
LowFree:          433788 kB
SwapTotal:       5177340 kB
SwapFree:        5177340 kB
Dirty:               548 kB
Writeback:             0 kB
AnonPages:        904180 kB
Mapped:           140908 kB
Shmem:              3900 kB
Slab:             120536 kB
SReclaimable:      88476 kB
SUnreclaim:        32060 kB
KernelStack:        2824 kB
PageTables:         9708 kB
NFS_Unstable:          0 kB
Bounce:                0 kB
WritebackTmp:          0 kB
CommitLimit:     8210908 kB
Committed_AS:    2656512 kB
VmallocTotal:     122880 kB
VmallocUsed:       27464 kB
VmallocChunk:      54744 kB
HardwareCorrupted:     0 kB
AnonHugePages:    344064 kB
HugePages_Total:       0
HugePages_Free:        0
HugePages_Rsvd:        0
HugePages_Surp:        0
Hugepagesize:       2048 kB
DirectMap4k:       10232 kB
DirectMap2M:      897024 kB


CPU:total 4 (2 cores per cpu, 2 threads per core) family 6 model 37 stepping 5, cmov, cx8, fxsr, mmx, sse, sse2, sse3, ssse3, sse4.1, sse4.2, popcnt, ht, tsc, tscinvbit

/proc/cpuinfo:
processor	: 0
vendor_id	: GenuineIntel
cpu family	: 6
model		: 37
model name	: Intel(R) Core(TM) i5 CPU       M 450  @ 2.40GHz
stepping	: 5
microcode	: 0x3
cpu MHz		: 1199.000
cache size	: 3072 KB
physical id	: 0
siblings	: 4
core id		: 0
cpu cores	: 2
apicid		: 0
initial apicid	: 0
fdiv_bug	: no
hlt_bug		: no
f00f_bug	: no
coma_bug	: no
fpu		: yes
fpu_exception	: yes
cpuid level	: 11
wp		: yes
flags		: fpu vme de pse tsc msr pae mce cx8 apic sep mtrr pge mca cmov pat pse36 clflush dts acpi mmx fxsr sse sse2 ss ht tm pbe nx rdtscp lm constant_tsc arch_perfmon pebs bts xtopology nonstop_tsc aperfmperf pni dtes64 monitor ds_cpl vmx est tm2 ssse3 cx16 xtpr pdcm pcid sse4_1 sse4_2 popcnt lahf_lm ida arat dtherm tpr_shadow vnmi flexpriority ept vpid
bogomips	: 4787.90
clflush size	: 64
cache_alignment	: 64
address sizes	: 36 bits physical, 48 bits virtual
power management:

processor	: 1
vendor_id	: GenuineIntel
cpu family	: 6
model		: 37
model name	: Intel(R) Core(TM) i5 CPU       M 450  @ 2.40GHz
stepping	: 5
microcode	: 0x3
cpu MHz		: 1199.000
cache size	: 3072 KB
physical id	: 0
siblings	: 4
core id		: 2
cpu cores	: 2
apicid		: 4
initial apicid	: 4
fdiv_bug	: no
hlt_bug		: no
f00f_bug	: no
coma_bug	: no
fpu		: yes
fpu_exception	: yes
cpuid level	: 11
wp		: yes
flags		: fpu vme de pse tsc msr pae mce cx8 apic sep mtrr pge mca cmov pat pse36 clflush dts acpi mmx fxsr sse sse2 ss ht tm pbe nx rdtscp lm constant_tsc arch_perfmon pebs bts xtopology nonstop_tsc aperfmperf pni dtes64 monitor ds_cpl vmx est tm2 ssse3 cx16 xtpr pdcm pcid sse4_1 sse4_2 popcnt lahf_lm ida arat dtherm tpr_shadow vnmi flexpriority ept vpid
bogomips	: 4787.90
clflush size	: 64
cache_alignment	: 64
address sizes	: 36 bits physical, 48 bits virtual
power management:

processor	: 2
vendor_id	: GenuineIntel
cpu family	: 6
model		: 37
model name	: Intel(R) Core(TM) i5 CPU       M 450  @ 2.40GHz
stepping	: 5
microcode	: 0x3
cpu MHz		: 1199.000
cache size	: 3072 KB
physical id	: 0
siblings	: 4
core id		: 0
cpu cores	: 2
apicid		: 1
initial apicid	: 1
fdiv_bug	: no
hlt_bug		: no
f00f_bug	: no
coma_bug	: no
fpu		: yes
fpu_exception	: yes
cpuid level	: 11
wp		: yes
flags		: fpu vme de pse tsc msr pae mce cx8 apic sep mtrr pge mca cmov pat pse36 clflush dts acpi mmx fxsr sse sse2 ss ht tm pbe nx rdtscp lm constant_tsc arch_perfmon pebs bts xtopology nonstop_tsc aperfmperf pni dtes64 monitor ds_cpl vmx est tm2 ssse3 cx16 xtpr pdcm pcid sse4_1 sse4_2 popcnt lahf_lm ida arat dtherm tpr_shadow vnmi flexpriority ept vpid
bogomips	: 4787.90
clflush size	: 64
cache_alignment	: 64
address sizes	: 36 bits physical, 48 bits virtual
power management:

processor	: 3
vendor_id	: GenuineIntel
cpu family	: 6
model		: 37
model name	: Intel(R) Core(TM) i5 CPU       M 450  @ 2.40GHz
stepping	: 5
microcode	: 0x3
cpu MHz		: 1199.000
cache size	: 3072 KB
physical id	: 0
siblings	: 4
core id		: 2
cpu cores	: 2
apicid		: 5
initial apicid	: 5
fdiv_bug	: no
hlt_bug		: no
f00f_bug	: no
coma_bug	: no
fpu		: yes
fpu_exception	: yes
cpuid level	: 11
wp		: yes
flags		: fpu vme de pse tsc msr pae mce cx8 apic sep mtrr pge mca cmov pat pse36 clflush dts acpi mmx fxsr sse sse2 ss ht tm pbe nx rdtscp lm constant_tsc arch_perfmon pebs bts xtopology nonstop_tsc aperfmperf pni dtes64 monitor ds_cpl vmx est tm2 ssse3 cx16 xtpr pdcm pcid sse4_1 sse4_2 popcnt lahf_lm ida arat dtherm tpr_shadow vnmi flexpriority ept vpid
bogomips	: 4787.90
clflush size	: 64
cache_alignment	: 64
address sizes	: 36 bits physical, 48 bits virtual
power management:



Memory: 4k page, physical 6067140k(3347308k free), swap 5177340k(5177340k free)

vm_info: OpenJDK Server VM (23.2-b09) for linux-x86 JRE (1.7.0_06-icedtea-mockbuild_2012_08_31_14_28-b00), built on Aug 31 2012 14:34:19 by "mockbuild" with gcc 4.7.0 20120507 (Red Hat 4.7.0-5)

time: Thu Oct  4 23:39:20 2012
elapsed time: 16 seconds

